2023-12-29 09:37:33,313 INFO    StreamThr :92877 [internal.py:wandb_internal():87] W&B internal server running at pid: 92877, started at: 2023-12-29 09:37:33.308039
2023-12-29 09:37:33,321 DEBUG   HandlerThread:92877 [handler.py:handle_request():139] handle_request: status
2023-12-29 09:37:33,323 DEBUG   SenderThread:92877 [sender.py:send_request():317] send_request: status
2023-12-29 09:37:33,326 DEBUG   SenderThread:92877 [sender.py:send():303] send: header
2023-12-29 09:37:33,326 INFO    WriterThread:92877 [datastore.py:open_for_write():75] open: /Users/dangl/Documents/Courses/GOP/vacancy_resume_matching/model/wandb/run-20231229_093725-3b9cyy57/run-3b9cyy57.wandb
2023-12-29 09:37:33,328 DEBUG   SenderThread:92877 [sender.py:send():303] send: run
2023-12-29 09:37:34,155 INFO    SenderThread:92877 [dir_watcher.py:__init__():216] watching files in: /Users/dangl/Documents/Courses/GOP/vacancy_resume_matching/model/wandb/run-20231229_093725-3b9cyy57/files
2023-12-29 09:37:34,157 INFO    SenderThread:92877 [sender.py:_start_run_threads():928] run started: 3b9cyy57 with start time 1703824652.319159
2023-12-29 09:37:34,158 DEBUG   SenderThread:92877 [sender.py:send():303] send: summary
2023-12-29 09:37:34,158 DEBUG   HandlerThread:92877 [handler.py:handle_request():139] handle_request: check_version
2023-12-29 09:37:34,159 INFO    SenderThread:92877 [sender.py:_save_file():1171] saving file wandb-summary.json with policy end
2023-12-29 09:37:34,160 DEBUG   SenderThread:92877 [sender.py:send_request():317] send_request: check_version
2023-12-29 09:37:35,166 INFO    Thread-499:92877 [dir_watcher.py:_on_file_created():275] file/dir created: /Users/dangl/Documents/Courses/GOP/vacancy_resume_matching/model/wandb/run-20231229_093725-3b9cyy57/files/wandb-summary.json
2023-12-29 09:37:35,945 DEBUG   HandlerThread:92877 [handler.py:handle_request():139] handle_request: run_start
2023-12-29 09:37:35,986 DEBUG   HandlerThread:92877 [system_info.py:__init__():31] System info init
2023-12-29 09:37:35,991 DEBUG   HandlerThread:92877 [system_info.py:__init__():46] System info init done
2023-12-29 09:37:35,992 INFO    HandlerThread:92877 [system_monitor.py:start():150] Starting system monitor
2023-12-29 09:37:36,002 INFO    SystemMonitor:92877 [system_monitor.py:_start():116] Starting system asset monitoring threads
2023-12-29 09:37:36,003 INFO    HandlerThread:92877 [system_monitor.py:probe():171] Collecting system info
2023-12-29 09:37:36,019 INFO    SystemMonitor:92877 [interfaces.py:start():168] Started cpu
2023-12-29 09:37:36,023 DEBUG   HandlerThread:92877 [system_info.py:probe():195] Probing system
2023-12-29 09:37:36,029 INFO    SystemMonitor:92877 [interfaces.py:start():168] Started disk
2023-12-29 09:37:36,105 DEBUG   HandlerThread:92877 [system_info.py:_probe_git():180] Probing git
2023-12-29 09:37:36,109 INFO    SystemMonitor:92877 [interfaces.py:start():168] Started memory
2023-12-29 09:37:36,114 INFO    SystemMonitor:92877 [interfaces.py:start():168] Started network
2023-12-29 09:37:36,325 DEBUG   HandlerThread:92877 [system_info.py:_probe_git():188] Probing git done
2023-12-29 09:37:36,327 DEBUG   HandlerThread:92877 [system_info.py:probe():241] Probing system done
2023-12-29 09:37:36,327 DEBUG   HandlerThread:92877 [system_monitor.py:probe():180] {'os': 'macOS-10.16-x86_64-i386-64bit', 'python': '3.8.13', 'heartbeatAt': '2023-12-29T04:37:36.024600', 'startedAt': '2023-12-29T04:37:25.497622', 'docker': None, 'cuda': None, 'args': None, 'state': 'running', 'program': '<python with no main file>', 'git': {'remote': 'git@github.com:ArinaOwl/vacancy_resume_matching.git', 'commit': '5f005b393671d927b24c4d39de2ec7c55393d3bb'}, 'email': 'dangl11626@gmail.com', 'root': '/Users/dangl/Documents/Courses/GOP/vacancy_resume_matching', 'host': 'i112099224', 'username': 'dangl', 'executable': '/Users/dangl/opt/anaconda3/envs/torch-gpu/bin/python', 'cpu_count': 10, 'cpu_count_logical': 10, 'cpu_freq': {'current': 2400, 'min': 2400, 'max': 2400}, 'cpu_freq_per_core': [{'current': 2400, 'min': 2400, 'max': 2400}], 'disk': {'total': 460.4317207336426, 'used': 333.5853080749512}, 'memory': {'total': 16.0}}
2023-12-29 09:37:36,328 INFO    HandlerThread:92877 [system_monitor.py:probe():181] Finished collecting system info
2023-12-29 09:37:36,329 INFO    HandlerThread:92877 [system_monitor.py:probe():184] Publishing system info
2023-12-29 09:37:36,329 DEBUG   HandlerThread:92877 [system_info.py:_save_pip():51] Saving list of pip packages installed into the current environment
2023-12-29 09:37:36,331 DEBUG   HandlerThread:92877 [system_info.py:_save_pip():67] Saving pip packages done
2023-12-29 09:37:36,331 DEBUG   HandlerThread:92877 [system_info.py:_save_conda():74] Saving list of conda packages installed into the current environment
2023-12-29 09:37:37,189 INFO    Thread-499:92877 [dir_watcher.py:_on_file_created():275] file/dir created: /Users/dangl/Documents/Courses/GOP/vacancy_resume_matching/model/wandb/run-20231229_093725-3b9cyy57/files/requirements.txt
2023-12-29 09:37:37,190 INFO    Thread-499:92877 [dir_watcher.py:_on_file_created():275] file/dir created: /Users/dangl/Documents/Courses/GOP/vacancy_resume_matching/model/wandb/run-20231229_093725-3b9cyy57/files/conda-environment.yaml
2023-12-29 09:37:41,204 INFO    Thread-499:92877 [dir_watcher.py:_on_file_modified():292] file/dir modified: /Users/dangl/Documents/Courses/GOP/vacancy_resume_matching/model/wandb/run-20231229_093725-3b9cyy57/files/conda-environment.yaml
2023-12-29 09:37:41,457 DEBUG   HandlerThread:92877 [system_info.py:_save_conda():86] Saving conda packages done
2023-12-29 09:37:41,458 INFO    HandlerThread:92877 [system_monitor.py:probe():186] Finished publishing system info
2023-12-29 09:37:41,459 DEBUG   HandlerThread:92877 [handler.py:handle_request():139] handle_request: stop_status
2023-12-29 09:37:41,460 DEBUG   SenderThread:92877 [sender.py:send_request():317] send_request: stop_status
2023-12-29 09:37:41,968 DEBUG   SenderThread:92877 [sender.py:send():303] send: telemetry
2023-12-29 09:37:41,971 DEBUG   SenderThread:92877 [sender.py:send():303] send: files
2023-12-29 09:37:41,971 INFO    SenderThread:92877 [sender.py:_save_file():1171] saving file wandb-metadata.json with policy now
2023-12-29 09:37:42,211 INFO    Thread-499:92877 [dir_watcher.py:_on_file_created():275] file/dir created: /Users/dangl/Documents/Courses/GOP/vacancy_resume_matching/model/wandb/run-20231229_093725-3b9cyy57/files/output.log
2023-12-29 09:37:42,211 INFO    Thread-499:92877 [dir_watcher.py:_on_file_created():275] file/dir created: /Users/dangl/Documents/Courses/GOP/vacancy_resume_matching/model/wandb/run-20231229_093725-3b9cyy57/files/wandb-metadata.json
2023-12-29 09:37:43,290 INFO    Thread-502:92877 [upload_job.py:push():143] Uploaded file /var/folders/m4/00fs4bwx43ddypb5nyr5hxtrhh01v4/T/tmpisvzsipewandb/destaqj5-wandb-metadata.json
2023-12-29 09:37:44,214 INFO    Thread-499:92877 [dir_watcher.py:_on_file_modified():292] file/dir modified: /Users/dangl/Documents/Courses/GOP/vacancy_resume_matching/model/wandb/run-20231229_093725-3b9cyy57/files/output.log
2023-12-29 09:37:56,986 DEBUG   HandlerThread:92877 [handler.py:handle_request():139] handle_request: stop_status
2023-12-29 09:37:56,991 DEBUG   SenderThread:92877 [sender.py:send_request():317] send_request: stop_status
2023-12-29 09:38:04,380 INFO    Thread-499:92877 [dir_watcher.py:_on_file_modified():292] file/dir modified: /Users/dangl/Documents/Courses/GOP/vacancy_resume_matching/model/wandb/run-20231229_093725-3b9cyy57/files/config.yaml
2023-12-29 09:38:12,615 DEBUG   HandlerThread:92877 [handler.py:handle_request():139] handle_request: stop_status
2023-12-29 09:38:12,619 DEBUG   SenderThread:92877 [sender.py:send_request():317] send_request: stop_status
2023-12-29 09:38:28,038 DEBUG   HandlerThread:92877 [handler.py:handle_request():139] handle_request: stop_status
2023-12-29 09:38:28,050 DEBUG   SenderThread:92877 [sender.py:send_request():317] send_request: stop_status
2023-12-29 09:38:36,123 DEBUG   SystemMonitor:92877 [system_monitor.py:_start():130] Starting system metrics aggregation loop
2023-12-29 09:38:36,128 DEBUG   SenderThread:92877 [sender.py:send():303] send: stats
2023-12-29 09:38:43,503 DEBUG   HandlerThread:92877 [handler.py:handle_request():139] handle_request: stop_status
2023-12-29 09:38:43,508 DEBUG   SenderThread:92877 [sender.py:send_request():317] send_request: stop_status
2023-12-29 09:38:58,945 DEBUG   HandlerThread:92877 [handler.py:handle_request():139] handle_request: stop_status
2023-12-29 09:38:58,949 DEBUG   SenderThread:92877 [sender.py:send_request():317] send_request: stop_status
2023-12-29 09:39:06,131 DEBUG   SenderThread:92877 [sender.py:send():303] send: stats
2023-12-29 09:39:14,481 DEBUG   HandlerThread:92877 [handler.py:handle_request():139] handle_request: stop_status
2023-12-29 09:39:14,487 DEBUG   SenderThread:92877 [sender.py:send_request():317] send_request: stop_status
2023-12-29 09:39:21,843 DEBUG   HandlerThread:92877 [handler.py:handle_request():139] handle_request: partial_history
2023-12-29 09:39:21,849 DEBUG   SenderThread:92877 [sender.py:send():303] send: history
2023-12-29 09:39:21,850 DEBUG   SenderThread:92877 [sender.py:send():303] send: summary
2023-12-29 09:39:21,852 INFO    SenderThread:92877 [sender.py:_save_file():1171] saving file wandb-summary.json with policy end
2023-12-29 09:39:21,880 DEBUG   SenderThread:92877 [sender.py:send():303] send: telemetry
2023-12-29 09:39:21,881 DEBUG   SenderThread:92877 [sender.py:send():303] send: exit
2023-12-29 09:39:21,881 INFO    SenderThread:92877 [sender.py:send_exit():442] handling exit code: 0
2023-12-29 09:39:21,882 INFO    SenderThread:92877 [sender.py:send_exit():444] handling runtime: 105
2023-12-29 09:39:21,882 INFO    SenderThread:92877 [sender.py:_save_file():1171] saving file wandb-summary.json with policy end
2023-12-29 09:39:21,883 INFO    SenderThread:92877 [sender.py:send_exit():450] send defer
2023-12-29 09:39:21,884 DEBUG   HandlerThread:92877 [handler.py:handle_request():139] handle_request: defer
2023-12-29 09:39:21,884 INFO    HandlerThread:92877 [handler.py:handle_request_defer():162] handle defer: 0
2023-12-29 09:39:21,885 DEBUG   SenderThread:92877 [sender.py:send_request():317] send_request: defer
2023-12-29 09:39:21,885 INFO    SenderThread:92877 [sender.py:send_request_defer():459] handle sender defer: 0
2023-12-29 09:39:21,886 INFO    SenderThread:92877 [sender.py:transition_state():463] send defer: 1
2023-12-29 09:39:21,887 DEBUG   HandlerThread:92877 [handler.py:handle_request():139] handle_request: defer
2023-12-29 09:39:21,887 INFO    HandlerThread:92877 [handler.py:handle_request_defer():162] handle defer: 1
2023-12-29 09:39:21,888 INFO    HandlerThread:92877 [system_monitor.py:finish():160] Stopping system monitor
2023-12-29 09:39:21,915 DEBUG   SystemMonitor:92877 [system_monitor.py:_start():137] Finished system metrics aggregation loop
2023-12-29 09:39:21,915 INFO    HandlerThread:92877 [interfaces.py:finish():175] Joined cpu
2023-12-29 09:39:21,916 DEBUG   SystemMonitor:92877 [system_monitor.py:_start():141] Publishing last batch of metrics
2023-12-29 09:39:21,916 INFO    HandlerThread:92877 [interfaces.py:finish():175] Joined disk
2023-12-29 09:39:21,918 INFO    HandlerThread:92877 [interfaces.py:finish():175] Joined memory
2023-12-29 09:39:21,918 INFO    HandlerThread:92877 [interfaces.py:finish():175] Joined network
2023-12-29 09:39:21,918 DEBUG   SenderThread:92877 [sender.py:send_request():317] send_request: defer
2023-12-29 09:39:21,919 INFO    SenderThread:92877 [sender.py:send_request_defer():459] handle sender defer: 1
2023-12-29 09:39:21,920 INFO    Thread-499:92877 [dir_watcher.py:_on_file_modified():292] file/dir modified: /Users/dangl/Documents/Courses/GOP/vacancy_resume_matching/model/wandb/run-20231229_093725-3b9cyy57/files/wandb-summary.json
2023-12-29 09:39:21,920 INFO    SenderThread:92877 [sender.py:transition_state():463] send defer: 2
2023-12-29 09:39:21,921 DEBUG   SenderThread:92877 [sender.py:send():303] send: stats
2023-12-29 09:39:21,922 DEBUG   HandlerThread:92877 [handler.py:handle_request():139] handle_request: defer
2023-12-29 09:39:21,922 INFO    HandlerThread:92877 [handler.py:handle_request_defer():162] handle defer: 2
2023-12-29 09:39:21,923 DEBUG   SenderThread:92877 [sender.py:send_request():317] send_request: defer
2023-12-29 09:39:21,923 INFO    SenderThread:92877 [sender.py:send_request_defer():459] handle sender defer: 2
2023-12-29 09:39:21,924 INFO    SenderThread:92877 [sender.py:transition_state():463] send defer: 3
2023-12-29 09:39:21,924 DEBUG   HandlerThread:92877 [handler.py:handle_request():139] handle_request: defer
2023-12-29 09:39:21,925 INFO    HandlerThread:92877 [handler.py:handle_request_defer():162] handle defer: 3
2023-12-29 09:39:21,925 DEBUG   SenderThread:92877 [sender.py:send_request():317] send_request: defer
2023-12-29 09:39:21,925 INFO    SenderThread:92877 [sender.py:send_request_defer():459] handle sender defer: 3
2023-12-29 09:39:21,926 INFO    SenderThread:92877 [sender.py:transition_state():463] send defer: 4
2023-12-29 09:39:21,926 DEBUG   HandlerThread:92877 [handler.py:handle_request():139] handle_request: defer
2023-12-29 09:39:21,927 INFO    HandlerThread:92877 [handler.py:handle_request_defer():162] handle defer: 4
2023-12-29 09:39:21,927 DEBUG   SenderThread:92877 [sender.py:send():303] send: summary
2023-12-29 09:39:21,928 INFO    SenderThread:92877 [sender.py:_save_file():1171] saving file wandb-summary.json with policy end
2023-12-29 09:39:21,929 DEBUG   SenderThread:92877 [sender.py:send_request():317] send_request: defer
2023-12-29 09:39:21,929 INFO    SenderThread:92877 [sender.py:send_request_defer():459] handle sender defer: 4
2023-12-29 09:39:21,930 INFO    SenderThread:92877 [sender.py:transition_state():463] send defer: 5
2023-12-29 09:39:21,930 DEBUG   HandlerThread:92877 [handler.py:handle_request():139] handle_request: defer
2023-12-29 09:39:21,930 INFO    HandlerThread:92877 [handler.py:handle_request_defer():162] handle defer: 5
2023-12-29 09:39:21,931 DEBUG   SenderThread:92877 [sender.py:send_request():317] send_request: defer
2023-12-29 09:39:21,931 INFO    SenderThread:92877 [sender.py:send_request_defer():459] handle sender defer: 5
2023-12-29 09:39:22,544 INFO    SenderThread:92877 [sender.py:transition_state():463] send defer: 6
2023-12-29 09:39:22,545 DEBUG   HandlerThread:92877 [handler.py:handle_request():139] handle_request: defer
2023-12-29 09:39:22,545 INFO    HandlerThread:92877 [handler.py:handle_request_defer():162] handle defer: 6
2023-12-29 09:39:22,546 DEBUG   SenderThread:92877 [sender.py:send_request():317] send_request: defer
2023-12-29 09:39:22,546 INFO    SenderThread:92877 [sender.py:send_request_defer():459] handle sender defer: 6
2023-12-29 09:39:22,894 DEBUG   HandlerThread:92877 [handler.py:handle_request():139] handle_request: poll_exit
2023-12-29 09:39:22,932 INFO    Thread-499:92877 [dir_watcher.py:_on_file_modified():292] file/dir modified: /Users/dangl/Documents/Courses/GOP/vacancy_resume_matching/model/wandb/run-20231229_093725-3b9cyy57/files/config.yaml
2023-12-29 09:39:22,935 INFO    Thread-499:92877 [dir_watcher.py:_on_file_modified():292] file/dir modified: /Users/dangl/Documents/Courses/GOP/vacancy_resume_matching/model/wandb/run-20231229_093725-3b9cyy57/files/wandb-summary.json
2023-12-29 09:39:24,359 INFO    SenderThread:92877 [sender.py:transition_state():463] send defer: 7
2023-12-29 09:39:24,362 DEBUG   SenderThread:92877 [sender.py:send_request():317] send_request: poll_exit
2023-12-29 09:39:24,362 DEBUG   HandlerThread:92877 [handler.py:handle_request():139] handle_request: defer
2023-12-29 09:39:24,366 INFO    HandlerThread:92877 [handler.py:handle_request_defer():162] handle defer: 7
2023-12-29 09:39:24,367 DEBUG   SenderThread:92877 [sender.py:send_request():317] send_request: defer
2023-12-29 09:39:24,368 INFO    SenderThread:92877 [sender.py:send_request_defer():459] handle sender defer: 7
2023-12-29 09:39:24,369 INFO    SenderThread:92877 [dir_watcher.py:finish():362] shutting down directory watcher
2023-12-29 09:39:24,948 INFO    Thread-499:92877 [dir_watcher.py:_on_file_modified():292] file/dir modified: /Users/dangl/Documents/Courses/GOP/vacancy_resume_matching/model/wandb/run-20231229_093725-3b9cyy57/files/output.log
2023-12-29 09:39:24,954 INFO    SenderThread:92877 [dir_watcher.py:finish():392] scan: /Users/dangl/Documents/Courses/GOP/vacancy_resume_matching/model/wandb/run-20231229_093725-3b9cyy57/files
2023-12-29 09:39:24,957 INFO    SenderThread:92877 [dir_watcher.py:finish():406] scan save: /Users/dangl/Documents/Courses/GOP/vacancy_resume_matching/model/wandb/run-20231229_093725-3b9cyy57/files/requirements.txt requirements.txt
2023-12-29 09:39:24,959 INFO    SenderThread:92877 [dir_watcher.py:finish():406] scan save: /Users/dangl/Documents/Courses/GOP/vacancy_resume_matching/model/wandb/run-20231229_093725-3b9cyy57/files/output.log output.log
2023-12-29 09:39:24,967 INFO    SenderThread:92877 [dir_watcher.py:finish():406] scan save: /Users/dangl/Documents/Courses/GOP/vacancy_resume_matching/model/wandb/run-20231229_093725-3b9cyy57/files/config.yaml config.yaml
2023-12-29 09:39:24,972 INFO    SenderThread:92877 [dir_watcher.py:finish():406] scan save: /Users/dangl/Documents/Courses/GOP/vacancy_resume_matching/model/wandb/run-20231229_093725-3b9cyy57/files/wandb-summary.json wandb-summary.json
2023-12-29 09:39:24,978 INFO    SenderThread:92877 [dir_watcher.py:finish():406] scan save: /Users/dangl/Documents/Courses/GOP/vacancy_resume_matching/model/wandb/run-20231229_093725-3b9cyy57/files/conda-environment.yaml conda-environment.yaml
2023-12-29 09:39:24,982 INFO    SenderThread:92877 [dir_watcher.py:finish():406] scan save: /Users/dangl/Documents/Courses/GOP/vacancy_resume_matching/model/wandb/run-20231229_093725-3b9cyy57/files/wandb-metadata.json wandb-metadata.json
2023-12-29 09:39:24,983 INFO    SenderThread:92877 [sender.py:transition_state():463] send defer: 8
2023-12-29 09:39:24,988 DEBUG   HandlerThread:92877 [handler.py:handle_request():139] handle_request: defer
2023-12-29 09:39:24,988 INFO    HandlerThread:92877 [handler.py:handle_request_defer():162] handle defer: 8
2023-12-29 09:39:24,989 DEBUG   SenderThread:92877 [sender.py:send_request():317] send_request: defer
2023-12-29 09:39:24,990 INFO    SenderThread:92877 [sender.py:send_request_defer():459] handle sender defer: 8
2023-12-29 09:39:24,991 INFO    SenderThread:92877 [file_pusher.py:finish():168] shutting down file pusher
2023-12-29 09:39:25,989 INFO    Thread-505:92877 [upload_job.py:push():143] Uploaded file /Users/dangl/Documents/Courses/GOP/vacancy_resume_matching/model/wandb/run-20231229_093725-3b9cyy57/files/config.yaml
2023-12-29 09:39:26,001 INFO    Thread-504:92877 [upload_job.py:push():143] Uploaded file /Users/dangl/Documents/Courses/GOP/vacancy_resume_matching/model/wandb/run-20231229_093725-3b9cyy57/files/output.log
2023-12-29 09:39:26,008 INFO    Thread-507:92877 [upload_job.py:push():143] Uploaded file /Users/dangl/Documents/Courses/GOP/vacancy_resume_matching/model/wandb/run-20231229_093725-3b9cyy57/files/conda-environment.yaml
2023-12-29 09:39:26,011 INFO    Thread-506:92877 [upload_job.py:push():143] Uploaded file /Users/dangl/Documents/Courses/GOP/vacancy_resume_matching/model/wandb/run-20231229_093725-3b9cyy57/files/wandb-summary.json
2023-12-29 09:39:26,013 INFO    Thread-503:92877 [upload_job.py:push():143] Uploaded file /Users/dangl/Documents/Courses/GOP/vacancy_resume_matching/model/wandb/run-20231229_093725-3b9cyy57/files/requirements.txt
2023-12-29 09:39:26,216 INFO    Thread-498:92877 [sender.py:transition_state():463] send defer: 9
2023-12-29 09:39:26,225 DEBUG   HandlerThread:92877 [handler.py:handle_request():139] handle_request: defer
2023-12-29 09:39:26,227 INFO    HandlerThread:92877 [handler.py:handle_request_defer():162] handle defer: 9
2023-12-29 09:39:26,229 DEBUG   SenderThread:92877 [sender.py:send_request():317] send_request: defer
2023-12-29 09:39:26,231 INFO    SenderThread:92877 [sender.py:send_request_defer():459] handle sender defer: 9
2023-12-29 09:39:26,233 INFO    SenderThread:92877 [file_pusher.py:join():173] waiting for file pusher
2023-12-29 09:39:26,234 INFO    SenderThread:92877 [sender.py:transition_state():463] send defer: 10
2023-12-29 09:39:26,237 DEBUG   HandlerThread:92877 [handler.py:handle_request():139] handle_request: defer
2023-12-29 09:39:26,239 INFO    HandlerThread:92877 [handler.py:handle_request_defer():162] handle defer: 10
2023-12-29 09:39:26,240 DEBUG   SenderThread:92877 [sender.py:send_request():317] send_request: defer
2023-12-29 09:39:26,241 INFO    SenderThread:92877 [sender.py:send_request_defer():459] handle sender defer: 10
2023-12-29 09:39:26,985 INFO    SenderThread:92877 [sender.py:transition_state():463] send defer: 11
2023-12-29 09:39:26,989 DEBUG   HandlerThread:92877 [handler.py:handle_request():139] handle_request: defer
2023-12-29 09:39:26,989 INFO    HandlerThread:92877 [handler.py:handle_request_defer():162] handle defer: 11
2023-12-29 09:39:26,990 DEBUG   SenderThread:92877 [sender.py:send_request():317] send_request: defer
2023-12-29 09:39:26,990 INFO    SenderThread:92877 [sender.py:send_request_defer():459] handle sender defer: 11
2023-12-29 09:39:26,990 INFO    SenderThread:92877 [sender.py:transition_state():463] send defer: 12
2023-12-29 09:39:26,991 DEBUG   SenderThread:92877 [sender.py:send():303] send: final
2023-12-29 09:39:26,992 DEBUG   HandlerThread:92877 [handler.py:handle_request():139] handle_request: defer
2023-12-29 09:39:26,993 DEBUG   SenderThread:92877 [sender.py:send():303] send: footer
2023-12-29 09:39:26,993 INFO    HandlerThread:92877 [handler.py:handle_request_defer():162] handle defer: 12
2023-12-29 09:39:26,994 DEBUG   SenderThread:92877 [sender.py:send_request():317] send_request: defer
2023-12-29 09:39:26,994 INFO    SenderThread:92877 [sender.py:send_request_defer():459] handle sender defer: 12
2023-12-29 09:39:26,996 DEBUG   HandlerThread:92877 [handler.py:handle_request():139] handle_request: poll_exit
2023-12-29 09:39:26,996 DEBUG   HandlerThread:92877 [handler.py:handle_request():139] handle_request: server_info
2023-12-29 09:39:26,996 DEBUG   SenderThread:92877 [sender.py:send_request():317] send_request: poll_exit
2023-12-29 09:39:26,997 DEBUG   HandlerThread:92877 [handler.py:handle_request():139] handle_request: get_summary
2023-12-29 09:39:26,998 DEBUG   SenderThread:92877 [sender.py:send_request():317] send_request: server_info
2023-12-29 09:39:26,998 DEBUG   HandlerThread:92877 [handler.py:handle_request():139] handle_request: sampled_history
2023-12-29 09:39:28,120 DEBUG   HandlerThread:92877 [handler.py:handle_request():139] handle_request: shutdown
2023-12-29 09:39:28,128 INFO    HandlerThread:92877 [handler.py:finish():814] shutting down handler
2023-12-29 09:39:29,004 INFO    WriterThread:92877 [datastore.py:close():279] close: /Users/dangl/Documents/Courses/GOP/vacancy_resume_matching/model/wandb/run-20231229_093725-3b9cyy57/run-3b9cyy57.wandb
2023-12-29 09:39:29,133 INFO    SenderThread:92877 [sender.py:finish():1331] shutting down sender
2023-12-29 09:39:29,135 INFO    SenderThread:92877 [file_pusher.py:finish():168] shutting down file pusher
2023-12-29 09:39:29,136 INFO    SenderThread:92877 [file_pusher.py:join():173] waiting for file pusher
2023-12-29 09:39:30,153 INFO    StreamThr :92877 [internal.py:wandb_internal():87] W&B internal server running at pid: 92877, started at: 2023-12-29 09:39:30.151358
2023-12-29 09:39:30,156 DEBUG   HandlerThread:92877 [handler.py:handle_request():139] handle_request: status
2023-12-29 09:39:30,159 DEBUG   SenderThread:92877 [sender.py:send_request():317] send_request: status
2023-12-29 09:39:30,162 INFO    WriterThread:92877 [datastore.py:open_for_write():75] open: /Users/dangl/Documents/Courses/GOP/vacancy_resume_matching/model/wandb/run-20231229_093921-2qf4wsyu/run-2qf4wsyu.wandb
2023-12-29 09:39:30,162 DEBUG   SenderThread:92877 [sender.py:send():303] send: header
2023-12-29 09:39:30,165 DEBUG   SenderThread:92877 [sender.py:send():303] send: run
2023-12-29 09:39:30,968 INFO    SenderThread:92877 [dir_watcher.py:__init__():216] watching files in: /Users/dangl/Documents/Courses/GOP/vacancy_resume_matching/model/wandb/run-20231229_093921-2qf4wsyu/files
2023-12-29 09:39:30,970 INFO    SenderThread:92877 [sender.py:_start_run_threads():928] run started: 2qf4wsyu with start time 1703824769.156681
2023-12-29 09:39:30,971 DEBUG   SenderThread:92877 [sender.py:send():303] send: summary
2023-12-29 09:39:30,972 INFO    SenderThread:92877 [sender.py:_save_file():1171] saving file wandb-summary.json with policy end
2023-12-29 09:39:30,976 DEBUG   HandlerThread:92877 [handler.py:handle_request():139] handle_request: check_version
2023-12-29 09:39:30,977 DEBUG   SenderThread:92877 [sender.py:send_request():317] send_request: check_version
2023-12-29 09:39:31,976 INFO    Thread-517:92877 [dir_watcher.py:_on_file_created():275] file/dir created: /Users/dangl/Documents/Courses/GOP/vacancy_resume_matching/model/wandb/run-20231229_093921-2qf4wsyu/files/wandb-summary.json
2023-12-29 09:39:32,691 DEBUG   HandlerThread:92877 [handler.py:handle_request():139] handle_request: run_start
2023-12-29 09:39:32,693 DEBUG   HandlerThread:92877 [system_info.py:__init__():31] System info init
2023-12-29 09:39:32,694 DEBUG   HandlerThread:92877 [system_info.py:__init__():46] System info init done
2023-12-29 09:39:32,694 INFO    HandlerThread:92877 [system_monitor.py:start():150] Starting system monitor
2023-12-29 09:39:32,695 INFO    SystemMonitor:92877 [system_monitor.py:_start():116] Starting system asset monitoring threads
2023-12-29 09:39:32,696 INFO    HandlerThread:92877 [system_monitor.py:probe():171] Collecting system info
2023-12-29 09:39:32,697 DEBUG   HandlerThread:92877 [system_info.py:probe():195] Probing system
2023-12-29 09:39:32,697 INFO    SystemMonitor:92877 [interfaces.py:start():168] Started cpu
2023-12-29 09:39:32,699 INFO    SystemMonitor:92877 [interfaces.py:start():168] Started disk
2023-12-29 09:39:32,701 INFO    SystemMonitor:92877 [interfaces.py:start():168] Started memory
2023-12-29 09:39:32,702 DEBUG   HandlerThread:92877 [system_info.py:_probe_git():180] Probing git
2023-12-29 09:39:32,703 INFO    SystemMonitor:92877 [interfaces.py:start():168] Started network
2023-12-29 09:39:32,764 DEBUG   HandlerThread:92877 [system_info.py:_probe_git():188] Probing git done
2023-12-29 09:39:32,766 DEBUG   HandlerThread:92877 [system_info.py:probe():241] Probing system done
2023-12-29 09:39:32,766 DEBUG   HandlerThread:92877 [system_monitor.py:probe():180] {'os': 'macOS-10.16-x86_64-i386-64bit', 'python': '3.8.13', 'heartbeatAt': '2023-12-29T04:39:32.698359', 'startedAt': '2023-12-29T04:39:21.873345', 'docker': None, 'cuda': None, 'args': None, 'state': 'running', 'program': '<python with no main file>', 'git': {'remote': 'git@github.com:ArinaOwl/vacancy_resume_matching.git', 'commit': '5f005b393671d927b24c4d39de2ec7c55393d3bb'}, 'email': 'dangl11626@gmail.com', 'root': '/Users/dangl/Documents/Courses/GOP/vacancy_resume_matching', 'host': 'i112099224', 'username': 'dangl', 'executable': '/Users/dangl/opt/anaconda3/envs/torch-gpu/bin/python', 'cpu_count': 10, 'cpu_count_logical': 10, 'cpu_freq': {'current': 2400, 'min': 2400, 'max': 2400}, 'cpu_freq_per_core': [{'current': 2400, 'min': 2400, 'max': 2400}], 'disk': {'total': 460.4317207336426, 'used': 333.5841178894043}, 'memory': {'total': 16.0}}
2023-12-29 09:39:32,767 INFO    HandlerThread:92877 [system_monitor.py:probe():181] Finished collecting system info
2023-12-29 09:39:32,767 INFO    HandlerThread:92877 [system_monitor.py:probe():184] Publishing system info
2023-12-29 09:39:32,768 DEBUG   HandlerThread:92877 [system_info.py:_save_pip():51] Saving list of pip packages installed into the current environment
2023-12-29 09:39:32,769 DEBUG   HandlerThread:92877 [system_info.py:_save_pip():67] Saving pip packages done
2023-12-29 09:39:32,769 DEBUG   HandlerThread:92877 [system_info.py:_save_conda():74] Saving list of conda packages installed into the current environment
2023-12-29 09:39:32,977 INFO    Thread-517:92877 [dir_watcher.py:_on_file_created():275] file/dir created: /Users/dangl/Documents/Courses/GOP/vacancy_resume_matching/model/wandb/run-20231229_093921-2qf4wsyu/files/conda-environment.yaml
2023-12-29 09:39:32,979 INFO    Thread-517:92877 [dir_watcher.py:_on_file_created():275] file/dir created: /Users/dangl/Documents/Courses/GOP/vacancy_resume_matching/model/wandb/run-20231229_093921-2qf4wsyu/files/requirements.txt
2023-12-29 09:39:37,676 DEBUG   HandlerThread:92877 [system_info.py:_save_conda():86] Saving conda packages done
2023-12-29 09:39:37,682 INFO    HandlerThread:92877 [system_monitor.py:probe():186] Finished publishing system info
2023-12-29 09:39:37,683 DEBUG   SenderThread:92877 [sender.py:send():303] send: files
2023-12-29 09:39:37,684 INFO    SenderThread:92877 [sender.py:_save_file():1171] saving file wandb-metadata.json with policy now
2023-12-29 09:39:37,692 DEBUG   HandlerThread:92877 [handler.py:handle_request():139] handle_request: stop_status
2023-12-29 09:39:37,694 DEBUG   SenderThread:92877 [sender.py:send_request():317] send_request: stop_status
2023-12-29 09:39:38,016 INFO    Thread-517:92877 [dir_watcher.py:_on_file_modified():292] file/dir modified: /Users/dangl/Documents/Courses/GOP/vacancy_resume_matching/model/wandb/run-20231229_093921-2qf4wsyu/files/conda-environment.yaml
2023-12-29 09:39:38,017 INFO    Thread-517:92877 [dir_watcher.py:_on_file_created():275] file/dir created: /Users/dangl/Documents/Courses/GOP/vacancy_resume_matching/model/wandb/run-20231229_093921-2qf4wsyu/files/wandb-metadata.json
2023-12-29 09:39:38,163 DEBUG   SenderThread:92877 [sender.py:send():303] send: telemetry
2023-12-29 09:39:38,629 INFO    Thread-520:92877 [upload_job.py:push():143] Uploaded file /var/folders/m4/00fs4bwx43ddypb5nyr5hxtrhh01v4/T/tmpezwnhv23wandb/2fe9zfhf-wandb-metadata.json
2023-12-29 09:39:39,019 INFO    Thread-517:92877 [dir_watcher.py:_on_file_created():275] file/dir created: /Users/dangl/Documents/Courses/GOP/vacancy_resume_matching/model/wandb/run-20231229_093921-2qf4wsyu/files/output.log
2023-12-29 09:39:41,026 INFO    Thread-517:92877 [dir_watcher.py:_on_file_modified():292] file/dir modified: /Users/dangl/Documents/Courses/GOP/vacancy_resume_matching/model/wandb/run-20231229_093921-2qf4wsyu/files/output.log
2023-12-29 09:39:53,176 DEBUG   HandlerThread:92877 [handler.py:handle_request():139] handle_request: stop_status
2023-12-29 09:39:53,181 DEBUG   SenderThread:92877 [sender.py:send_request():317] send_request: stop_status
2023-12-29 09:40:02,167 INFO    Thread-517:92877 [dir_watcher.py:_on_file_modified():292] file/dir modified: /Users/dangl/Documents/Courses/GOP/vacancy_resume_matching/model/wandb/run-20231229_093921-2qf4wsyu/files/config.yaml
2023-12-29 09:40:06,773 DEBUG   HandlerThread:92877 [handler.py:handle_request():139] handle_request: partial_history
2023-12-29 09:40:06,774 DEBUG   SenderThread:92877 [sender.py:send():303] send: history
2023-12-29 09:40:06,775 DEBUG   SenderThread:92877 [sender.py:send():303] send: summary
2023-12-29 09:40:06,777 INFO    SenderThread:92877 [sender.py:_save_file():1171] saving file wandb-summary.json with policy end
2023-12-29 09:40:06,808 DEBUG   SenderThread:92877 [sender.py:send():303] send: telemetry
2023-12-29 09:40:06,809 DEBUG   SenderThread:92877 [sender.py:send():303] send: exit
2023-12-29 09:40:06,810 INFO    SenderThread:92877 [sender.py:send_exit():442] handling exit code: 0
2023-12-29 09:40:06,811 INFO    SenderThread:92877 [sender.py:send_exit():444] handling runtime: 34
2023-12-29 09:40:06,811 INFO    SenderThread:92877 [sender.py:_save_file():1171] saving file wandb-summary.json with policy end
2023-12-29 09:40:06,812 INFO    SenderThread:92877 [sender.py:send_exit():450] send defer
2023-12-29 09:40:06,813 DEBUG   HandlerThread:92877 [handler.py:handle_request():139] handle_request: defer
2023-12-29 09:40:06,813 INFO    HandlerThread:92877 [handler.py:handle_request_defer():162] handle defer: 0
2023-12-29 09:40:06,814 DEBUG   SenderThread:92877 [sender.py:send_request():317] send_request: defer
2023-12-29 09:40:06,815 INFO    SenderThread:92877 [sender.py:send_request_defer():459] handle sender defer: 0
2023-12-29 09:40:06,815 INFO    SenderThread:92877 [sender.py:transition_state():463] send defer: 1
2023-12-29 09:40:06,816 DEBUG   HandlerThread:92877 [handler.py:handle_request():139] handle_request: defer
2023-12-29 09:40:06,816 INFO    HandlerThread:92877 [handler.py:handle_request_defer():162] handle defer: 1
2023-12-29 09:40:06,816 INFO    HandlerThread:92877 [system_monitor.py:finish():160] Stopping system monitor
2023-12-29 09:40:06,829 DEBUG   SystemMonitor:92877 [system_monitor.py:_start():130] Starting system metrics aggregation loop
2023-12-29 09:40:06,830 INFO    HandlerThread:92877 [interfaces.py:finish():175] Joined cpu
2023-12-29 09:40:06,831 DEBUG   SystemMonitor:92877 [system_monitor.py:_start():137] Finished system metrics aggregation loop
2023-12-29 09:40:06,831 INFO    HandlerThread:92877 [interfaces.py:finish():175] Joined disk
2023-12-29 09:40:06,832 DEBUG   SystemMonitor:92877 [system_monitor.py:_start():141] Publishing last batch of metrics
2023-12-29 09:40:06,833 INFO    HandlerThread:92877 [interfaces.py:finish():175] Joined memory
2023-12-29 09:40:06,834 INFO    HandlerThread:92877 [interfaces.py:finish():175] Joined network
2023-12-29 09:40:06,835 DEBUG   SenderThread:92877 [sender.py:send_request():317] send_request: defer
2023-12-29 09:40:06,836 INFO    SenderThread:92877 [sender.py:send_request_defer():459] handle sender defer: 1
2023-12-29 09:40:06,836 INFO    SenderThread:92877 [sender.py:transition_state():463] send defer: 2
2023-12-29 09:40:06,836 DEBUG   SenderThread:92877 [sender.py:send():303] send: stats
2023-12-29 09:40:06,837 DEBUG   HandlerThread:92877 [handler.py:handle_request():139] handle_request: defer
2023-12-29 09:40:06,838 INFO    HandlerThread:92877 [handler.py:handle_request_defer():162] handle defer: 2
2023-12-29 09:40:06,839 DEBUG   SenderThread:92877 [sender.py:send_request():317] send_request: defer
2023-12-29 09:40:06,839 INFO    SenderThread:92877 [sender.py:send_request_defer():459] handle sender defer: 2
2023-12-29 09:40:06,840 INFO    SenderThread:92877 [sender.py:transition_state():463] send defer: 3
2023-12-29 09:40:06,840 DEBUG   HandlerThread:92877 [handler.py:handle_request():139] handle_request: defer
2023-12-29 09:40:06,841 INFO    HandlerThread:92877 [handler.py:handle_request_defer():162] handle defer: 3
2023-12-29 09:40:06,841 DEBUG   SenderThread:92877 [sender.py:send_request():317] send_request: defer
2023-12-29 09:40:06,842 INFO    SenderThread:92877 [sender.py:send_request_defer():459] handle sender defer: 3
2023-12-29 09:40:06,842 INFO    SenderThread:92877 [sender.py:transition_state():463] send defer: 4
2023-12-29 09:40:06,843 DEBUG   HandlerThread:92877 [handler.py:handle_request():139] handle_request: defer
2023-12-29 09:40:06,843 INFO    HandlerThread:92877 [handler.py:handle_request_defer():162] handle defer: 4
2023-12-29 09:40:06,844 DEBUG   SenderThread:92877 [sender.py:send():303] send: summary
2023-12-29 09:40:06,845 INFO    SenderThread:92877 [sender.py:_save_file():1171] saving file wandb-summary.json with policy end
2023-12-29 09:40:06,845 DEBUG   SenderThread:92877 [sender.py:send_request():317] send_request: defer
2023-12-29 09:40:06,846 INFO    SenderThread:92877 [sender.py:send_request_defer():459] handle sender defer: 4
2023-12-29 09:40:06,846 INFO    SenderThread:92877 [sender.py:transition_state():463] send defer: 5
2023-12-29 09:40:06,846 DEBUG   HandlerThread:92877 [handler.py:handle_request():139] handle_request: defer
2023-12-29 09:40:06,847 INFO    HandlerThread:92877 [handler.py:handle_request_defer():162] handle defer: 5
2023-12-29 09:40:06,847 DEBUG   SenderThread:92877 [sender.py:send_request():317] send_request: defer
2023-12-29 09:40:06,848 INFO    SenderThread:92877 [sender.py:send_request_defer():459] handle sender defer: 5
2023-12-29 09:40:07,206 INFO    Thread-517:92877 [dir_watcher.py:_on_file_modified():292] file/dir modified: /Users/dangl/Documents/Courses/GOP/vacancy_resume_matching/model/wandb/run-20231229_093921-2qf4wsyu/files/wandb-summary.json
2023-12-29 09:40:07,234 INFO    SenderThread:92877 [sender.py:transition_state():463] send defer: 6
2023-12-29 09:40:07,235 DEBUG   HandlerThread:92877 [handler.py:handle_request():139] handle_request: defer
2023-12-29 09:40:07,236 INFO    HandlerThread:92877 [handler.py:handle_request_defer():162] handle defer: 6
2023-12-29 09:40:07,236 DEBUG   SenderThread:92877 [sender.py:send_request():317] send_request: defer
2023-12-29 09:40:07,237 INFO    SenderThread:92877 [sender.py:send_request_defer():459] handle sender defer: 6
2023-12-29 09:40:07,821 DEBUG   HandlerThread:92877 [handler.py:handle_request():139] handle_request: poll_exit
2023-12-29 09:40:08,208 INFO    Thread-517:92877 [dir_watcher.py:_on_file_modified():292] file/dir modified: /Users/dangl/Documents/Courses/GOP/vacancy_resume_matching/model/wandb/run-20231229_093921-2qf4wsyu/files/config.yaml
2023-12-29 09:40:08,289 INFO    SenderThread:92877 [sender.py:transition_state():463] send defer: 7
2023-12-29 09:40:08,293 DEBUG   SenderThread:92877 [sender.py:send_request():317] send_request: poll_exit
2023-12-29 09:40:08,294 DEBUG   HandlerThread:92877 [handler.py:handle_request():139] handle_request: defer
2023-12-29 09:40:08,297 INFO    HandlerThread:92877 [handler.py:handle_request_defer():162] handle defer: 7
2023-12-29 09:40:08,299 DEBUG   SenderThread:92877 [sender.py:send_request():317] send_request: defer
2023-12-29 09:40:08,301 INFO    SenderThread:92877 [sender.py:send_request_defer():459] handle sender defer: 7
2023-12-29 09:40:08,302 INFO    SenderThread:92877 [dir_watcher.py:finish():362] shutting down directory watcher
2023-12-29 09:40:08,823 DEBUG   HandlerThread:92877 [handler.py:handle_request():139] handle_request: poll_exit
2023-12-29 09:40:09,219 INFO    Thread-517:92877 [dir_watcher.py:_on_file_modified():292] file/dir modified: /Users/dangl/Documents/Courses/GOP/vacancy_resume_matching/model/wandb/run-20231229_093921-2qf4wsyu/files/output.log
2023-12-29 09:40:09,226 INFO    SenderThread:92877 [dir_watcher.py:finish():392] scan: /Users/dangl/Documents/Courses/GOP/vacancy_resume_matching/model/wandb/run-20231229_093921-2qf4wsyu/files
2023-12-29 09:40:09,228 INFO    SenderThread:92877 [dir_watcher.py:finish():406] scan save: /Users/dangl/Documents/Courses/GOP/vacancy_resume_matching/model/wandb/run-20231229_093921-2qf4wsyu/files/requirements.txt requirements.txt
2023-12-29 09:40:09,229 INFO    SenderThread:92877 [dir_watcher.py:finish():406] scan save: /Users/dangl/Documents/Courses/GOP/vacancy_resume_matching/model/wandb/run-20231229_093921-2qf4wsyu/files/output.log output.log
2023-12-29 09:40:09,237 INFO    SenderThread:92877 [dir_watcher.py:finish():406] scan save: /Users/dangl/Documents/Courses/GOP/vacancy_resume_matching/model/wandb/run-20231229_093921-2qf4wsyu/files/config.yaml config.yaml
2023-12-29 09:40:09,243 INFO    SenderThread:92877 [dir_watcher.py:finish():406] scan save: /Users/dangl/Documents/Courses/GOP/vacancy_resume_matching/model/wandb/run-20231229_093921-2qf4wsyu/files/wandb-summary.json wandb-summary.json
2023-12-29 09:40:09,247 INFO    SenderThread:92877 [dir_watcher.py:finish():406] scan save: /Users/dangl/Documents/Courses/GOP/vacancy_resume_matching/model/wandb/run-20231229_093921-2qf4wsyu/files/conda-environment.yaml conda-environment.yaml
2023-12-29 09:40:09,252 INFO    SenderThread:92877 [dir_watcher.py:finish():406] scan save: /Users/dangl/Documents/Courses/GOP/vacancy_resume_matching/model/wandb/run-20231229_093921-2qf4wsyu/files/wandb-metadata.json wandb-metadata.json
2023-12-29 09:40:09,256 INFO    SenderThread:92877 [sender.py:transition_state():463] send defer: 8
2023-12-29 09:40:09,257 DEBUG   SenderThread:92877 [sender.py:send_request():317] send_request: poll_exit
2023-12-29 09:40:09,258 DEBUG   HandlerThread:92877 [handler.py:handle_request():139] handle_request: defer
2023-12-29 09:40:09,258 INFO    HandlerThread:92877 [handler.py:handle_request_defer():162] handle defer: 8
2023-12-29 09:40:09,259 DEBUG   SenderThread:92877 [sender.py:send_request():317] send_request: defer
2023-12-29 09:40:09,260 INFO    SenderThread:92877 [sender.py:send_request_defer():459] handle sender defer: 8
2023-12-29 09:40:09,261 INFO    SenderThread:92877 [file_pusher.py:finish():168] shutting down file pusher
2023-12-29 09:40:09,835 DEBUG   HandlerThread:92877 [handler.py:handle_request():139] handle_request: poll_exit
2023-12-29 09:40:09,836 DEBUG   SenderThread:92877 [sender.py:send_request():317] send_request: poll_exit
2023-12-29 09:40:10,200 INFO    Thread-523:92877 [upload_job.py:push():143] Uploaded file /Users/dangl/Documents/Courses/GOP/vacancy_resume_matching/model/wandb/run-20231229_093921-2qf4wsyu/files/config.yaml
2023-12-29 09:40:10,202 INFO    Thread-522:92877 [upload_job.py:push():143] Uploaded file /Users/dangl/Documents/Courses/GOP/vacancy_resume_matching/model/wandb/run-20231229_093921-2qf4wsyu/files/output.log
2023-12-29 09:40:10,380 INFO    Thread-521:92877 [upload_job.py:push():143] Uploaded file /Users/dangl/Documents/Courses/GOP/vacancy_resume_matching/model/wandb/run-20231229_093921-2qf4wsyu/files/requirements.txt
2023-12-29 09:40:10,383 INFO    Thread-525:92877 [upload_job.py:push():143] Uploaded file /Users/dangl/Documents/Courses/GOP/vacancy_resume_matching/model/wandb/run-20231229_093921-2qf4wsyu/files/conda-environment.yaml
2023-12-29 09:40:10,383 INFO    Thread-524:92877 [upload_job.py:push():143] Uploaded file /Users/dangl/Documents/Courses/GOP/vacancy_resume_matching/model/wandb/run-20231229_093921-2qf4wsyu/files/wandb-summary.json
2023-12-29 09:40:10,586 INFO    Thread-516:92877 [sender.py:transition_state():463] send defer: 9
2023-12-29 09:40:10,587 DEBUG   HandlerThread:92877 [handler.py:handle_request():139] handle_request: defer
2023-12-29 09:40:10,588 INFO    HandlerThread:92877 [handler.py:handle_request_defer():162] handle defer: 9
2023-12-29 09:40:10,588 DEBUG   SenderThread:92877 [sender.py:send_request():317] send_request: defer
2023-12-29 09:40:10,588 INFO    SenderThread:92877 [sender.py:send_request_defer():459] handle sender defer: 9
2023-12-29 09:40:10,589 INFO    SenderThread:92877 [file_pusher.py:join():173] waiting for file pusher
2023-12-29 09:40:10,589 INFO    SenderThread:92877 [sender.py:transition_state():463] send defer: 10
2023-12-29 09:40:10,590 DEBUG   HandlerThread:92877 [handler.py:handle_request():139] handle_request: defer
2023-12-29 09:40:10,590 INFO    HandlerThread:92877 [handler.py:handle_request_defer():162] handle defer: 10
2023-12-29 09:40:10,591 DEBUG   SenderThread:92877 [sender.py:send_request():317] send_request: defer
2023-12-29 09:40:10,591 INFO    SenderThread:92877 [sender.py:send_request_defer():459] handle sender defer: 10
2023-12-29 09:40:10,807 INFO    SenderThread:92877 [sender.py:transition_state():463] send defer: 11
2023-12-29 09:40:10,824 DEBUG   HandlerThread:92877 [handler.py:handle_request():139] handle_request: defer
2023-12-29 09:40:10,880 INFO    HandlerThread:92877 [handler.py:handle_request_defer():162] handle defer: 11
2023-12-29 09:40:10,880 DEBUG   HandlerThread:92877 [handler.py:handle_request():139] handle_request: poll_exit
2023-12-29 09:40:10,881 DEBUG   SenderThread:92877 [sender.py:send_request():317] send_request: defer
2023-12-29 09:40:10,882 INFO    SenderThread:92877 [sender.py:send_request_defer():459] handle sender defer: 11
2023-12-29 09:40:10,882 INFO    SenderThread:92877 [sender.py:transition_state():463] send defer: 12
2023-12-29 09:40:10,883 DEBUG   SenderThread:92877 [sender.py:send_request():317] send_request: poll_exit
2023-12-29 09:40:10,884 DEBUG   HandlerThread:92877 [handler.py:handle_request():139] handle_request: defer
2023-12-29 09:40:10,885 DEBUG   SenderThread:92877 [sender.py:send():303] send: final
2023-12-29 09:40:10,886 INFO    HandlerThread:92877 [handler.py:handle_request_defer():162] handle defer: 12
2023-12-29 09:40:10,886 DEBUG   SenderThread:92877 [sender.py:send():303] send: footer
2023-12-29 09:40:10,887 DEBUG   SenderThread:92877 [sender.py:send_request():317] send_request: defer
2023-12-29 09:40:10,887 INFO    SenderThread:92877 [sender.py:send_request_defer():459] handle sender defer: 12
2023-12-29 09:40:10,889 DEBUG   HandlerThread:92877 [handler.py:handle_request():139] handle_request: poll_exit
2023-12-29 09:40:10,889 DEBUG   SenderThread:92877 [sender.py:send_request():317] send_request: poll_exit
2023-12-29 09:40:10,890 DEBUG   HandlerThread:92877 [handler.py:handle_request():139] handle_request: server_info
2023-12-29 09:40:10,891 DEBUG   HandlerThread:92877 [handler.py:handle_request():139] handle_request: get_summary
2023-12-29 09:40:10,891 DEBUG   SenderThread:92877 [sender.py:send_request():317] send_request: server_info
2023-12-29 09:40:10,894 DEBUG   HandlerThread:92877 [handler.py:handle_request():139] handle_request: sampled_history
2023-12-29 09:40:11,837 DEBUG   HandlerThread:92877 [handler.py:handle_request():139] handle_request: shutdown
2023-12-29 09:40:11,838 INFO    HandlerThread:92877 [handler.py:finish():814] shutting down handler
2023-12-29 09:40:11,885 INFO    WriterThread:92877 [datastore.py:close():279] close: /Users/dangl/Documents/Courses/GOP/vacancy_resume_matching/model/wandb/run-20231229_093921-2qf4wsyu/run-2qf4wsyu.wandb
2023-12-29 09:40:12,838 INFO    SenderThread:92877 [sender.py:finish():1331] shutting down sender
2023-12-29 09:40:12,839 INFO    SenderThread:92877 [file_pusher.py:finish():168] shutting down file pusher
2023-12-29 09:40:12,841 INFO    SenderThread:92877 [file_pusher.py:join():173] waiting for file pusher
2023-12-29 09:40:13,863 INFO    StreamThr :92877 [internal.py:wandb_internal():87] W&B internal server running at pid: 92877, started at: 2023-12-29 09:40:13.859245
2023-12-29 09:40:13,870 DEBUG   HandlerThread:92877 [handler.py:handle_request():139] handle_request: status
2023-12-29 09:40:13,873 DEBUG   SenderThread:92877 [sender.py:send_request():317] send_request: status
2023-12-29 09:40:13,874 DEBUG   SenderThread:92877 [sender.py:send():303] send: header
2023-12-29 09:40:13,874 INFO    WriterThread:92877 [datastore.py:open_for_write():75] open: /Users/dangl/Documents/Courses/GOP/vacancy_resume_matching/model/wandb/run-20231229_094006-cqega79f/run-cqega79f.wandb
2023-12-29 09:40:13,876 DEBUG   SenderThread:92877 [sender.py:send():303] send: run
2023-12-29 09:40:14,636 INFO    SenderThread:92877 [dir_watcher.py:__init__():216] watching files in: /Users/dangl/Documents/Courses/GOP/vacancy_resume_matching/model/wandb/run-20231229_094006-cqega79f/files
2023-12-29 09:40:14,637 INFO    SenderThread:92877 [sender.py:_start_run_threads():928] run started: cqega79f with start time 1703824812.896718
2023-12-29 09:40:14,638 DEBUG   SenderThread:92877 [sender.py:send():303] send: summary
2023-12-29 09:40:14,640 INFO    SenderThread:92877 [sender.py:_save_file():1171] saving file wandb-summary.json with policy end
2023-12-29 09:40:14,640 DEBUG   HandlerThread:92877 [handler.py:handle_request():139] handle_request: check_version
2023-12-29 09:40:14,641 DEBUG   SenderThread:92877 [sender.py:send_request():317] send_request: check_version
2023-12-29 09:40:15,653 INFO    Thread-535:92877 [dir_watcher.py:_on_file_created():275] file/dir created: /Users/dangl/Documents/Courses/GOP/vacancy_resume_matching/model/wandb/run-20231229_094006-cqega79f/files/wandb-summary.json
2023-12-29 09:40:16,096 DEBUG   HandlerThread:92877 [handler.py:handle_request():139] handle_request: run_start
2023-12-29 09:40:16,100 DEBUG   HandlerThread:92877 [system_info.py:__init__():31] System info init
2023-12-29 09:40:16,101 DEBUG   HandlerThread:92877 [system_info.py:__init__():46] System info init done
2023-12-29 09:40:16,102 INFO    HandlerThread:92877 [system_monitor.py:start():150] Starting system monitor
2023-12-29 09:40:16,103 INFO    SystemMonitor:92877 [system_monitor.py:_start():116] Starting system asset monitoring threads
2023-12-29 09:40:16,103 INFO    HandlerThread:92877 [system_monitor.py:probe():171] Collecting system info
2023-12-29 09:40:16,106 DEBUG   HandlerThread:92877 [system_info.py:probe():195] Probing system
2023-12-29 09:40:16,106 INFO    SystemMonitor:92877 [interfaces.py:start():168] Started cpu
2023-12-29 09:40:16,108 INFO    SystemMonitor:92877 [interfaces.py:start():168] Started disk
2023-12-29 09:40:16,110 INFO    SystemMonitor:92877 [interfaces.py:start():168] Started memory
2023-12-29 09:40:16,112 DEBUG   HandlerThread:92877 [system_info.py:_probe_git():180] Probing git
2023-12-29 09:40:16,112 INFO    SystemMonitor:92877 [interfaces.py:start():168] Started network
2023-12-29 09:40:16,175 DEBUG   HandlerThread:92877 [system_info.py:_probe_git():188] Probing git done
2023-12-29 09:40:16,176 DEBUG   HandlerThread:92877 [system_info.py:probe():241] Probing system done
2023-12-29 09:40:16,176 DEBUG   HandlerThread:92877 [system_monitor.py:probe():180] {'os': 'macOS-10.16-x86_64-i386-64bit', 'python': '3.8.13', 'heartbeatAt': '2023-12-29T04:40:16.108236', 'startedAt': '2023-12-29T04:40:06.800845', 'docker': None, 'cuda': None, 'args': None, 'state': 'running', 'program': '<python with no main file>', 'git': {'remote': 'git@github.com:ArinaOwl/vacancy_resume_matching.git', 'commit': '5f005b393671d927b24c4d39de2ec7c55393d3bb'}, 'email': 'dangl11626@gmail.com', 'root': '/Users/dangl/Documents/Courses/GOP/vacancy_resume_matching', 'host': 'i112099224', 'username': 'dangl', 'executable': '/Users/dangl/opt/anaconda3/envs/torch-gpu/bin/python', 'cpu_count': 10, 'cpu_count_logical': 10, 'cpu_freq': {'current': 2400, 'min': 2400, 'max': 2400}, 'cpu_freq_per_core': [{'current': 2400, 'min': 2400, 'max': 2400}], 'disk': {'total': 460.4317207336426, 'used': 333.5875358581543}, 'memory': {'total': 16.0}}
2023-12-29 09:40:16,177 INFO    HandlerThread:92877 [system_monitor.py:probe():181] Finished collecting system info
2023-12-29 09:40:16,178 INFO    HandlerThread:92877 [system_monitor.py:probe():184] Publishing system info
2023-12-29 09:40:16,178 DEBUG   HandlerThread:92877 [system_info.py:_save_pip():51] Saving list of pip packages installed into the current environment
2023-12-29 09:40:16,179 DEBUG   HandlerThread:92877 [system_info.py:_save_pip():67] Saving pip packages done
2023-12-29 09:40:16,180 DEBUG   HandlerThread:92877 [system_info.py:_save_conda():74] Saving list of conda packages installed into the current environment
2023-12-29 09:40:16,653 INFO    Thread-535:92877 [dir_watcher.py:_on_file_created():275] file/dir created: /Users/dangl/Documents/Courses/GOP/vacancy_resume_matching/model/wandb/run-20231229_094006-cqega79f/files/conda-environment.yaml
2023-12-29 09:40:16,654 INFO    Thread-535:92877 [dir_watcher.py:_on_file_created():275] file/dir created: /Users/dangl/Documents/Courses/GOP/vacancy_resume_matching/model/wandb/run-20231229_094006-cqega79f/files/requirements.txt
2023-12-29 09:40:20,683 INFO    Thread-535:92877 [dir_watcher.py:_on_file_modified():292] file/dir modified: /Users/dangl/Documents/Courses/GOP/vacancy_resume_matching/model/wandb/run-20231229_094006-cqega79f/files/conda-environment.yaml
2023-12-29 09:40:20,810 DEBUG   HandlerThread:92877 [system_info.py:_save_conda():86] Saving conda packages done
2023-12-29 09:40:20,811 INFO    HandlerThread:92877 [system_monitor.py:probe():186] Finished publishing system info
2023-12-29 09:40:20,812 DEBUG   SenderThread:92877 [sender.py:send():303] send: files
2023-12-29 09:40:20,813 INFO    SenderThread:92877 [sender.py:_save_file():1171] saving file wandb-metadata.json with policy now
2023-12-29 09:40:20,823 DEBUG   SenderThread:92877 [sender.py:send():303] send: telemetry
2023-12-29 09:40:20,827 DEBUG   HandlerThread:92877 [handler.py:handle_request():139] handle_request: stop_status
2023-12-29 09:40:20,828 DEBUG   SenderThread:92877 [sender.py:send_request():317] send_request: stop_status
2023-12-29 09:40:21,691 INFO    Thread-535:92877 [dir_watcher.py:_on_file_created():275] file/dir created: /Users/dangl/Documents/Courses/GOP/vacancy_resume_matching/model/wandb/run-20231229_094006-cqega79f/files/wandb-metadata.json
2023-12-29 09:40:21,693 INFO    Thread-535:92877 [dir_watcher.py:_on_file_created():275] file/dir created: /Users/dangl/Documents/Courses/GOP/vacancy_resume_matching/model/wandb/run-20231229_094006-cqega79f/files/output.log
2023-12-29 09:40:21,909 INFO    Thread-538:92877 [upload_job.py:push():143] Uploaded file /var/folders/m4/00fs4bwx43ddypb5nyr5hxtrhh01v4/T/tmpv7s7aws0wandb/3ru43kz6-wandb-metadata.json
2023-12-29 09:40:23,708 INFO    Thread-535:92877 [dir_watcher.py:_on_file_modified():292] file/dir modified: /Users/dangl/Documents/Courses/GOP/vacancy_resume_matching/model/wandb/run-20231229_094006-cqega79f/files/output.log
2023-12-29 09:40:36,313 DEBUG   HandlerThread:92877 [handler.py:handle_request():139] handle_request: stop_status
2023-12-29 09:40:36,319 DEBUG   SenderThread:92877 [sender.py:send_request():317] send_request: stop_status
2023-12-29 09:40:45,860 INFO    Thread-535:92877 [dir_watcher.py:_on_file_modified():292] file/dir modified: /Users/dangl/Documents/Courses/GOP/vacancy_resume_matching/model/wandb/run-20231229_094006-cqega79f/files/config.yaml
2023-12-29 09:40:46,958 DEBUG   HandlerThread:92877 [handler.py:handle_request():139] handle_request: partial_history
2023-12-29 09:40:46,959 DEBUG   SenderThread:92877 [sender.py:send():303] send: history
2023-12-29 09:40:46,960 DEBUG   SenderThread:92877 [sender.py:send():303] send: summary
2023-12-29 09:40:46,963 INFO    SenderThread:92877 [sender.py:_save_file():1171] saving file wandb-summary.json with policy end
2023-12-29 09:40:46,993 DEBUG   SenderThread:92877 [sender.py:send():303] send: telemetry
2023-12-29 09:40:46,994 DEBUG   SenderThread:92877 [sender.py:send():303] send: exit
2023-12-29 09:40:46,994 INFO    SenderThread:92877 [sender.py:send_exit():442] handling exit code: 0
2023-12-29 09:40:46,995 INFO    SenderThread:92877 [sender.py:send_exit():444] handling runtime: 30
2023-12-29 09:40:46,995 INFO    SenderThread:92877 [sender.py:_save_file():1171] saving file wandb-summary.json with policy end
2023-12-29 09:40:46,996 INFO    SenderThread:92877 [sender.py:send_exit():450] send defer
2023-12-29 09:40:46,997 DEBUG   HandlerThread:92877 [handler.py:handle_request():139] handle_request: defer
2023-12-29 09:40:46,997 INFO    HandlerThread:92877 [handler.py:handle_request_defer():162] handle defer: 0
2023-12-29 09:40:46,998 DEBUG   SenderThread:92877 [sender.py:send_request():317] send_request: defer
2023-12-29 09:40:46,998 INFO    SenderThread:92877 [sender.py:send_request_defer():459] handle sender defer: 0
2023-12-29 09:40:46,998 INFO    SenderThread:92877 [sender.py:transition_state():463] send defer: 1
2023-12-29 09:40:46,999 DEBUG   HandlerThread:92877 [handler.py:handle_request():139] handle_request: defer
2023-12-29 09:40:47,000 INFO    HandlerThread:92877 [handler.py:handle_request_defer():162] handle defer: 1
2023-12-29 09:40:47,000 INFO    HandlerThread:92877 [system_monitor.py:finish():160] Stopping system monitor
2023-12-29 09:40:47,023 DEBUG   SystemMonitor:92877 [system_monitor.py:_start():130] Starting system metrics aggregation loop
2023-12-29 09:40:47,023 INFO    HandlerThread:92877 [interfaces.py:finish():175] Joined cpu
2023-12-29 09:40:47,025 DEBUG   SystemMonitor:92877 [system_monitor.py:_start():137] Finished system metrics aggregation loop
2023-12-29 09:40:47,025 INFO    HandlerThread:92877 [interfaces.py:finish():175] Joined disk
2023-12-29 09:40:47,026 DEBUG   SystemMonitor:92877 [system_monitor.py:_start():141] Publishing last batch of metrics
2023-12-29 09:40:47,026 INFO    HandlerThread:92877 [interfaces.py:finish():175] Joined memory
2023-12-29 09:40:47,028 INFO    HandlerThread:92877 [interfaces.py:finish():175] Joined network
2023-12-29 09:40:47,029 DEBUG   SenderThread:92877 [sender.py:send_request():317] send_request: defer
2023-12-29 09:40:47,029 INFO    SenderThread:92877 [sender.py:send_request_defer():459] handle sender defer: 1
2023-12-29 09:40:47,030 INFO    SenderThread:92877 [sender.py:transition_state():463] send defer: 2
2023-12-29 09:40:47,030 DEBUG   SenderThread:92877 [sender.py:send():303] send: stats
2023-12-29 09:40:47,030 DEBUG   HandlerThread:92877 [handler.py:handle_request():139] handle_request: defer
2023-12-29 09:40:47,032 INFO    HandlerThread:92877 [handler.py:handle_request_defer():162] handle defer: 2
2023-12-29 09:40:47,032 DEBUG   SenderThread:92877 [sender.py:send_request():317] send_request: defer
2023-12-29 09:40:47,033 INFO    SenderThread:92877 [sender.py:send_request_defer():459] handle sender defer: 2
2023-12-29 09:40:47,033 INFO    SenderThread:92877 [sender.py:transition_state():463] send defer: 3
2023-12-29 09:40:47,034 DEBUG   HandlerThread:92877 [handler.py:handle_request():139] handle_request: defer
2023-12-29 09:40:47,034 INFO    HandlerThread:92877 [handler.py:handle_request_defer():162] handle defer: 3
2023-12-29 09:40:47,035 DEBUG   SenderThread:92877 [sender.py:send_request():317] send_request: defer
2023-12-29 09:40:47,036 INFO    SenderThread:92877 [sender.py:send_request_defer():459] handle sender defer: 3
2023-12-29 09:40:47,036 INFO    SenderThread:92877 [sender.py:transition_state():463] send defer: 4
2023-12-29 09:40:47,037 DEBUG   HandlerThread:92877 [handler.py:handle_request():139] handle_request: defer
2023-12-29 09:40:47,037 INFO    HandlerThread:92877 [handler.py:handle_request_defer():162] handle defer: 4
2023-12-29 09:40:47,038 DEBUG   SenderThread:92877 [sender.py:send():303] send: summary
2023-12-29 09:40:47,039 INFO    SenderThread:92877 [sender.py:_save_file():1171] saving file wandb-summary.json with policy end
2023-12-29 09:40:47,039 DEBUG   SenderThread:92877 [sender.py:send_request():317] send_request: defer
2023-12-29 09:40:47,040 INFO    SenderThread:92877 [sender.py:send_request_defer():459] handle sender defer: 4
2023-12-29 09:40:47,040 INFO    SenderThread:92877 [sender.py:transition_state():463] send defer: 5
2023-12-29 09:40:47,041 DEBUG   HandlerThread:92877 [handler.py:handle_request():139] handle_request: defer
2023-12-29 09:40:47,041 INFO    HandlerThread:92877 [handler.py:handle_request_defer():162] handle defer: 5
2023-12-29 09:40:47,042 DEBUG   SenderThread:92877 [sender.py:send_request():317] send_request: defer
2023-12-29 09:40:47,042 INFO    SenderThread:92877 [sender.py:send_request_defer():459] handle sender defer: 5
2023-12-29 09:40:47,490 INFO    SenderThread:92877 [sender.py:transition_state():463] send defer: 6
2023-12-29 09:40:47,492 DEBUG   HandlerThread:92877 [handler.py:handle_request():139] handle_request: defer
2023-12-29 09:40:47,493 INFO    HandlerThread:92877 [handler.py:handle_request_defer():162] handle defer: 6
2023-12-29 09:40:47,494 DEBUG   SenderThread:92877 [sender.py:send_request():317] send_request: defer
2023-12-29 09:40:47,495 INFO    SenderThread:92877 [sender.py:send_request_defer():459] handle sender defer: 6
2023-12-29 09:40:47,877 INFO    Thread-535:92877 [dir_watcher.py:_on_file_modified():292] file/dir modified: /Users/dangl/Documents/Courses/GOP/vacancy_resume_matching/model/wandb/run-20231229_094006-cqega79f/files/wandb-summary.json
2023-12-29 09:40:47,880 INFO    Thread-535:92877 [dir_watcher.py:_on_file_modified():292] file/dir modified: /Users/dangl/Documents/Courses/GOP/vacancy_resume_matching/model/wandb/run-20231229_094006-cqega79f/files/config.yaml
2023-12-29 09:40:48,008 DEBUG   HandlerThread:92877 [handler.py:handle_request():139] handle_request: poll_exit
2023-12-29 09:40:49,411 INFO    SenderThread:92877 [sender.py:transition_state():463] send defer: 7
2023-12-29 09:40:49,414 DEBUG   SenderThread:92877 [sender.py:send_request():317] send_request: poll_exit
2023-12-29 09:40:49,415 DEBUG   HandlerThread:92877 [handler.py:handle_request():139] handle_request: defer
2023-12-29 09:40:49,420 INFO    HandlerThread:92877 [handler.py:handle_request_defer():162] handle defer: 7
2023-12-29 09:40:49,421 DEBUG   SenderThread:92877 [sender.py:send_request():317] send_request: defer
2023-12-29 09:40:49,422 INFO    SenderThread:92877 [sender.py:send_request_defer():459] handle sender defer: 7
2023-12-29 09:40:49,423 INFO    SenderThread:92877 [dir_watcher.py:finish():362] shutting down directory watcher
2023-12-29 09:40:49,893 INFO    Thread-535:92877 [dir_watcher.py:_on_file_modified():292] file/dir modified: /Users/dangl/Documents/Courses/GOP/vacancy_resume_matching/model/wandb/run-20231229_094006-cqega79f/files/output.log
2023-12-29 09:40:49,907 INFO    SenderThread:92877 [dir_watcher.py:finish():392] scan: /Users/dangl/Documents/Courses/GOP/vacancy_resume_matching/model/wandb/run-20231229_094006-cqega79f/files
2023-12-29 09:40:49,908 INFO    SenderThread:92877 [dir_watcher.py:finish():406] scan save: /Users/dangl/Documents/Courses/GOP/vacancy_resume_matching/model/wandb/run-20231229_094006-cqega79f/files/requirements.txt requirements.txt
2023-12-29 09:40:49,909 INFO    SenderThread:92877 [dir_watcher.py:finish():406] scan save: /Users/dangl/Documents/Courses/GOP/vacancy_resume_matching/model/wandb/run-20231229_094006-cqega79f/files/output.log output.log
2023-12-29 09:40:49,914 INFO    SenderThread:92877 [dir_watcher.py:finish():406] scan save: /Users/dangl/Documents/Courses/GOP/vacancy_resume_matching/model/wandb/run-20231229_094006-cqega79f/files/config.yaml config.yaml
2023-12-29 09:40:49,918 INFO    SenderThread:92877 [dir_watcher.py:finish():406] scan save: /Users/dangl/Documents/Courses/GOP/vacancy_resume_matching/model/wandb/run-20231229_094006-cqega79f/files/wandb-summary.json wandb-summary.json
2023-12-29 09:40:49,921 INFO    SenderThread:92877 [dir_watcher.py:finish():406] scan save: /Users/dangl/Documents/Courses/GOP/vacancy_resume_matching/model/wandb/run-20231229_094006-cqega79f/files/conda-environment.yaml conda-environment.yaml
2023-12-29 09:40:49,926 INFO    SenderThread:92877 [dir_watcher.py:finish():406] scan save: /Users/dangl/Documents/Courses/GOP/vacancy_resume_matching/model/wandb/run-20231229_094006-cqega79f/files/wandb-metadata.json wandb-metadata.json
2023-12-29 09:40:49,930 INFO    SenderThread:92877 [sender.py:transition_state():463] send defer: 8
2023-12-29 09:40:49,931 DEBUG   HandlerThread:92877 [handler.py:handle_request():139] handle_request: defer
2023-12-29 09:40:49,932 INFO    HandlerThread:92877 [handler.py:handle_request_defer():162] handle defer: 8
2023-12-29 09:40:49,933 DEBUG   SenderThread:92877 [sender.py:send_request():317] send_request: defer
2023-12-29 09:40:49,934 INFO    SenderThread:92877 [sender.py:send_request_defer():459] handle sender defer: 8
2023-12-29 09:40:49,935 INFO    SenderThread:92877 [file_pusher.py:finish():168] shutting down file pusher
2023-12-29 09:40:51,028 INFO    Thread-539:92877 [upload_job.py:push():143] Uploaded file /Users/dangl/Documents/Courses/GOP/vacancy_resume_matching/model/wandb/run-20231229_094006-cqega79f/files/requirements.txt
2023-12-29 09:40:51,034 INFO    Thread-543:92877 [upload_job.py:push():143] Uploaded file /Users/dangl/Documents/Courses/GOP/vacancy_resume_matching/model/wandb/run-20231229_094006-cqega79f/files/conda-environment.yaml
2023-12-29 09:40:51,052 INFO    Thread-541:92877 [upload_job.py:push():143] Uploaded file /Users/dangl/Documents/Courses/GOP/vacancy_resume_matching/model/wandb/run-20231229_094006-cqega79f/files/config.yaml
2023-12-29 09:40:51,067 INFO    Thread-540:92877 [upload_job.py:push():143] Uploaded file /Users/dangl/Documents/Courses/GOP/vacancy_resume_matching/model/wandb/run-20231229_094006-cqega79f/files/output.log
2023-12-29 09:40:51,101 INFO    Thread-542:92877 [upload_job.py:push():143] Uploaded file /Users/dangl/Documents/Courses/GOP/vacancy_resume_matching/model/wandb/run-20231229_094006-cqega79f/files/wandb-summary.json
2023-12-29 09:40:51,305 INFO    Thread-534:92877 [sender.py:transition_state():463] send defer: 9
2023-12-29 09:40:51,309 DEBUG   HandlerThread:92877 [handler.py:handle_request():139] handle_request: defer
2023-12-29 09:40:51,311 INFO    HandlerThread:92877 [handler.py:handle_request_defer():162] handle defer: 9
2023-12-29 09:40:51,312 DEBUG   SenderThread:92877 [sender.py:send_request():317] send_request: defer
2023-12-29 09:40:51,314 INFO    SenderThread:92877 [sender.py:send_request_defer():459] handle sender defer: 9
2023-12-29 09:40:51,315 INFO    SenderThread:92877 [file_pusher.py:join():173] waiting for file pusher
2023-12-29 09:40:51,316 INFO    SenderThread:92877 [sender.py:transition_state():463] send defer: 10
2023-12-29 09:40:51,317 DEBUG   HandlerThread:92877 [handler.py:handle_request():139] handle_request: defer
2023-12-29 09:40:51,318 INFO    HandlerThread:92877 [handler.py:handle_request_defer():162] handle defer: 10
2023-12-29 09:40:51,319 DEBUG   SenderThread:92877 [sender.py:send_request():317] send_request: defer
2023-12-29 09:40:51,320 INFO    SenderThread:92877 [sender.py:send_request_defer():459] handle sender defer: 10
2023-12-29 09:40:51,542 INFO    SenderThread:92877 [sender.py:transition_state():463] send defer: 11
2023-12-29 09:40:51,547 DEBUG   HandlerThread:92877 [handler.py:handle_request():139] handle_request: defer
2023-12-29 09:40:51,549 INFO    HandlerThread:92877 [handler.py:handle_request_defer():162] handle defer: 11
2023-12-29 09:40:51,551 DEBUG   SenderThread:92877 [sender.py:send_request():317] send_request: defer
2023-12-29 09:40:51,553 INFO    SenderThread:92877 [sender.py:send_request_defer():459] handle sender defer: 11
2023-12-29 09:40:51,556 INFO    SenderThread:92877 [sender.py:transition_state():463] send defer: 12
2023-12-29 09:40:51,558 DEBUG   SenderThread:92877 [sender.py:send():303] send: final
2023-12-29 09:40:51,560 DEBUG   HandlerThread:92877 [handler.py:handle_request():139] handle_request: defer
2023-12-29 09:40:51,562 DEBUG   SenderThread:92877 [sender.py:send():303] send: footer
2023-12-29 09:40:51,562 INFO    HandlerThread:92877 [handler.py:handle_request_defer():162] handle defer: 12
2023-12-29 09:40:51,565 DEBUG   SenderThread:92877 [sender.py:send_request():317] send_request: defer
2023-12-29 09:40:51,566 INFO    SenderThread:92877 [sender.py:send_request_defer():459] handle sender defer: 12
2023-12-29 09:40:51,569 DEBUG   HandlerThread:92877 [handler.py:handle_request():139] handle_request: poll_exit
2023-12-29 09:40:51,570 DEBUG   HandlerThread:92877 [handler.py:handle_request():139] handle_request: server_info
2023-12-29 09:40:51,571 DEBUG   HandlerThread:92877 [handler.py:handle_request():139] handle_request: get_summary
2023-12-29 09:40:51,572 DEBUG   SenderThread:92877 [sender.py:send_request():317] send_request: poll_exit
2023-12-29 09:40:51,573 DEBUG   HandlerThread:92877 [handler.py:handle_request():139] handle_request: sampled_history
2023-12-29 09:40:51,574 DEBUG   SenderThread:92877 [sender.py:send_request():317] send_request: server_info
2023-12-29 09:40:52,334 DEBUG   HandlerThread:92877 [handler.py:handle_request():139] handle_request: shutdown
2023-12-29 09:40:52,339 INFO    HandlerThread:92877 [handler.py:finish():814] shutting down handler
2023-12-29 09:40:52,567 INFO    WriterThread:92877 [datastore.py:close():279] close: /Users/dangl/Documents/Courses/GOP/vacancy_resume_matching/model/wandb/run-20231229_094006-cqega79f/run-cqega79f.wandb
2023-12-29 09:40:53,368 INFO    SenderThread:92877 [sender.py:finish():1331] shutting down sender
2023-12-29 09:40:53,369 INFO    SenderThread:92877 [file_pusher.py:finish():168] shutting down file pusher
2023-12-29 09:40:53,370 INFO    SenderThread:92877 [file_pusher.py:join():173] waiting for file pusher
2023-12-29 09:40:54,394 INFO    StreamThr :92877 [internal.py:wandb_internal():87] W&B internal server running at pid: 92877, started at: 2023-12-29 09:40:54.392289
2023-12-29 09:40:54,397 DEBUG   HandlerThread:92877 [handler.py:handle_request():139] handle_request: status
2023-12-29 09:40:54,399 DEBUG   SenderThread:92877 [sender.py:send_request():317] send_request: status
2023-12-29 09:40:54,401 INFO    WriterThread:92877 [datastore.py:open_for_write():75] open: /Users/dangl/Documents/Courses/GOP/vacancy_resume_matching/model/wandb/run-20231229_094046-337h3tiz/run-337h3tiz.wandb
2023-12-29 09:40:54,401 DEBUG   SenderThread:92877 [sender.py:send():303] send: header
2023-12-29 09:40:54,403 DEBUG   SenderThread:92877 [sender.py:send():303] send: run
2023-12-29 09:40:55,305 INFO    SenderThread:92877 [dir_watcher.py:__init__():216] watching files in: /Users/dangl/Documents/Courses/GOP/vacancy_resume_matching/model/wandb/run-20231229_094046-337h3tiz/files
2023-12-29 09:40:55,306 INFO    SenderThread:92877 [sender.py:_start_run_threads():928] run started: 337h3tiz with start time 1703824853.384723
2023-12-29 09:40:55,307 DEBUG   SenderThread:92877 [sender.py:send():303] send: summary
2023-12-29 09:40:55,309 INFO    SenderThread:92877 [sender.py:_save_file():1171] saving file wandb-summary.json with policy end
2023-12-29 09:40:55,314 DEBUG   HandlerThread:92877 [handler.py:handle_request():139] handle_request: check_version
2023-12-29 09:40:55,315 DEBUG   SenderThread:92877 [sender.py:send_request():317] send_request: check_version
2023-12-29 09:40:56,313 INFO    Thread-553:92877 [dir_watcher.py:_on_file_created():275] file/dir created: /Users/dangl/Documents/Courses/GOP/vacancy_resume_matching/model/wandb/run-20231229_094046-337h3tiz/files/wandb-summary.json
2023-12-29 09:40:56,985 DEBUG   HandlerThread:92877 [handler.py:handle_request():139] handle_request: run_start
2023-12-29 09:40:56,988 DEBUG   HandlerThread:92877 [system_info.py:__init__():31] System info init
2023-12-29 09:40:56,989 DEBUG   HandlerThread:92877 [system_info.py:__init__():46] System info init done
2023-12-29 09:40:56,989 INFO    HandlerThread:92877 [system_monitor.py:start():150] Starting system monitor
2023-12-29 09:40:56,990 INFO    SystemMonitor:92877 [system_monitor.py:_start():116] Starting system asset monitoring threads
2023-12-29 09:40:56,990 INFO    HandlerThread:92877 [system_monitor.py:probe():171] Collecting system info
2023-12-29 09:40:56,991 INFO    SystemMonitor:92877 [interfaces.py:start():168] Started cpu
2023-12-29 09:40:56,992 DEBUG   HandlerThread:92877 [system_info.py:probe():195] Probing system
2023-12-29 09:40:56,993 INFO    SystemMonitor:92877 [interfaces.py:start():168] Started disk
2023-12-29 09:40:56,995 INFO    SystemMonitor:92877 [interfaces.py:start():168] Started memory
2023-12-29 09:40:56,996 INFO    SystemMonitor:92877 [interfaces.py:start():168] Started network
2023-12-29 09:40:56,998 DEBUG   HandlerThread:92877 [system_info.py:_probe_git():180] Probing git
2023-12-29 09:40:57,058 DEBUG   HandlerThread:92877 [system_info.py:_probe_git():188] Probing git done
2023-12-29 09:40:57,059 DEBUG   HandlerThread:92877 [system_info.py:probe():241] Probing system done
2023-12-29 09:40:57,060 DEBUG   HandlerThread:92877 [system_monitor.py:probe():180] {'os': 'macOS-10.16-x86_64-i386-64bit', 'python': '3.8.13', 'heartbeatAt': '2023-12-29T04:40:56.994525', 'startedAt': '2023-12-29T04:40:46.985846', 'docker': None, 'cuda': None, 'args': None, 'state': 'running', 'program': '<python with no main file>', 'git': {'remote': 'git@github.com:ArinaOwl/vacancy_resume_matching.git', 'commit': '5f005b393671d927b24c4d39de2ec7c55393d3bb'}, 'email': 'dangl11626@gmail.com', 'root': '/Users/dangl/Documents/Courses/GOP/vacancy_resume_matching', 'host': 'i112099224', 'username': 'dangl', 'executable': '/Users/dangl/opt/anaconda3/envs/torch-gpu/bin/python', 'cpu_count': 10, 'cpu_count_logical': 10, 'cpu_freq': {'current': 2400, 'min': 2400, 'max': 2400}, 'cpu_freq_per_core': [{'current': 2400, 'min': 2400, 'max': 2400}], 'disk': {'total': 460.4317207336426, 'used': 333.5942039489746}, 'memory': {'total': 16.0}}
2023-12-29 09:40:57,061 INFO    HandlerThread:92877 [system_monitor.py:probe():181] Finished collecting system info
2023-12-29 09:40:57,061 INFO    HandlerThread:92877 [system_monitor.py:probe():184] Publishing system info
2023-12-29 09:40:57,062 DEBUG   HandlerThread:92877 [system_info.py:_save_pip():51] Saving list of pip packages installed into the current environment
2023-12-29 09:40:57,063 DEBUG   HandlerThread:92877 [system_info.py:_save_pip():67] Saving pip packages done
2023-12-29 09:40:57,063 DEBUG   HandlerThread:92877 [system_info.py:_save_conda():74] Saving list of conda packages installed into the current environment
2023-12-29 09:40:57,318 INFO    Thread-553:92877 [dir_watcher.py:_on_file_created():275] file/dir created: /Users/dangl/Documents/Courses/GOP/vacancy_resume_matching/model/wandb/run-20231229_094046-337h3tiz/files/requirements.txt
2023-12-29 09:40:57,320 INFO    Thread-553:92877 [dir_watcher.py:_on_file_created():275] file/dir created: /Users/dangl/Documents/Courses/GOP/vacancy_resume_matching/model/wandb/run-20231229_094046-337h3tiz/files/conda-environment.yaml
2023-12-29 09:41:01,849 DEBUG   HandlerThread:92877 [system_info.py:_save_conda():86] Saving conda packages done
2023-12-29 09:41:01,855 INFO    HandlerThread:92877 [system_monitor.py:probe():186] Finished publishing system info
2023-12-29 09:41:01,856 DEBUG   SenderThread:92877 [sender.py:send():303] send: files
2023-12-29 09:41:01,857 INFO    SenderThread:92877 [sender.py:_save_file():1171] saving file wandb-metadata.json with policy now
2023-12-29 09:41:01,865 DEBUG   HandlerThread:92877 [handler.py:handle_request():139] handle_request: stop_status
2023-12-29 09:41:01,866 DEBUG   SenderThread:92877 [sender.py:send_request():317] send_request: stop_status
2023-12-29 09:41:02,306 DEBUG   SenderThread:92877 [sender.py:send():303] send: telemetry
2023-12-29 09:41:02,345 INFO    Thread-553:92877 [dir_watcher.py:_on_file_modified():292] file/dir modified: /Users/dangl/Documents/Courses/GOP/vacancy_resume_matching/model/wandb/run-20231229_094046-337h3tiz/files/conda-environment.yaml
2023-12-29 09:41:02,347 INFO    Thread-553:92877 [dir_watcher.py:_on_file_created():275] file/dir created: /Users/dangl/Documents/Courses/GOP/vacancy_resume_matching/model/wandb/run-20231229_094046-337h3tiz/files/wandb-metadata.json
2023-12-29 09:41:02,347 INFO    Thread-553:92877 [dir_watcher.py:_on_file_created():275] file/dir created: /Users/dangl/Documents/Courses/GOP/vacancy_resume_matching/model/wandb/run-20231229_094046-337h3tiz/files/output.log
2023-12-29 09:41:02,806 INFO    Thread-556:92877 [upload_job.py:push():143] Uploaded file /var/folders/m4/00fs4bwx43ddypb5nyr5hxtrhh01v4/T/tmpv_nyi2amwandb/1uxupwmd-wandb-metadata.json
2023-12-29 09:41:04,353 INFO    Thread-553:92877 [dir_watcher.py:_on_file_modified():292] file/dir modified: /Users/dangl/Documents/Courses/GOP/vacancy_resume_matching/model/wandb/run-20231229_094046-337h3tiz/files/output.log
2023-12-29 09:41:17,334 DEBUG   HandlerThread:92877 [handler.py:handle_request():139] handle_request: stop_status
2023-12-29 09:41:17,340 DEBUG   SenderThread:92877 [sender.py:send_request():317] send_request: stop_status
2023-12-29 09:41:25,494 INFO    Thread-553:92877 [dir_watcher.py:_on_file_modified():292] file/dir modified: /Users/dangl/Documents/Courses/GOP/vacancy_resume_matching/model/wandb/run-20231229_094046-337h3tiz/files/config.yaml
2023-12-29 09:41:25,850 DEBUG   HandlerThread:92877 [handler.py:handle_request():139] handle_request: partial_history
2023-12-29 09:41:25,851 DEBUG   SenderThread:92877 [sender.py:send():303] send: history
2023-12-29 09:41:25,852 DEBUG   SenderThread:92877 [sender.py:send():303] send: summary
2023-12-29 09:41:25,854 INFO    SenderThread:92877 [sender.py:_save_file():1171] saving file wandb-summary.json with policy end
2023-12-29 09:41:25,860 DEBUG   HandlerThread:92877 [handler.py:handle_request():139] handle_request: pause
2023-12-29 09:41:25,860 INFO    HandlerThread:92877 [handler.py:handle_request_pause():696] stopping system metrics thread or process
2023-12-29 09:41:25,861 INFO    HandlerThread:92877 [system_monitor.py:finish():160] Stopping system monitor
2023-12-29 09:41:25,890 DEBUG   SystemMonitor:92877 [system_monitor.py:_start():130] Starting system metrics aggregation loop
2023-12-29 09:41:25,890 INFO    HandlerThread:92877 [interfaces.py:finish():175] Joined cpu
2023-12-29 09:41:25,892 DEBUG   SystemMonitor:92877 [system_monitor.py:_start():137] Finished system metrics aggregation loop
2023-12-29 09:41:25,892 INFO    HandlerThread:92877 [interfaces.py:finish():175] Joined disk
2023-12-29 09:41:25,893 DEBUG   SystemMonitor:92877 [system_monitor.py:_start():141] Publishing last batch of metrics
2023-12-29 09:41:25,893 INFO    HandlerThread:92877 [interfaces.py:finish():175] Joined memory
2023-12-29 09:41:25,895 INFO    HandlerThread:92877 [interfaces.py:finish():175] Joined network
2023-12-29 09:41:25,895 DEBUG   SenderThread:92877 [sender.py:send():303] send: stats
2023-12-29 09:41:26,506 INFO    Thread-553:92877 [dir_watcher.py:_on_file_modified():292] file/dir modified: /Users/dangl/Documents/Courses/GOP/vacancy_resume_matching/model/wandb/run-20231229_094046-337h3tiz/files/wandb-summary.json
2023-12-29 09:41:32,965 DEBUG   HandlerThread:92877 [handler.py:handle_request():139] handle_request: stop_status
2023-12-29 09:41:32,973 DEBUG   SenderThread:92877 [sender.py:send_request():317] send_request: stop_status
2023-12-29 09:41:48,529 DEBUG   HandlerThread:92877 [handler.py:handle_request():139] handle_request: stop_status
2023-12-29 09:41:48,540 DEBUG   SenderThread:92877 [sender.py:send_request():317] send_request: stop_status
2023-12-29 09:42:04,168 DEBUG   HandlerThread:92877 [handler.py:handle_request():139] handle_request: stop_status
2023-12-29 09:42:04,180 DEBUG   SenderThread:92877 [sender.py:send_request():317] send_request: stop_status
2023-12-29 09:42:19,693 DEBUG   HandlerThread:92877 [handler.py:handle_request():139] handle_request: stop_status
2023-12-29 09:42:19,708 DEBUG   SenderThread:92877 [sender.py:send_request():317] send_request: stop_status
2023-12-29 09:42:35,197 DEBUG   HandlerThread:92877 [handler.py:handle_request():139] handle_request: stop_status
2023-12-29 09:42:35,208 DEBUG   SenderThread:92877 [sender.py:send_request():317] send_request: stop_status
2023-12-29 09:42:50,668 DEBUG   HandlerThread:92877 [handler.py:handle_request():139] handle_request: stop_status
2023-12-29 09:42:50,677 DEBUG   SenderThread:92877 [sender.py:send_request():317] send_request: stop_status
2023-12-29 09:43:06,259 DEBUG   HandlerThread:92877 [handler.py:handle_request():139] handle_request: stop_status
2023-12-29 09:43:06,271 DEBUG   SenderThread:92877 [sender.py:send_request():317] send_request: stop_status
2023-12-29 09:43:21,948 DEBUG   HandlerThread:92877 [handler.py:handle_request():139] handle_request: stop_status
2023-12-29 09:43:21,964 DEBUG   SenderThread:92877 [sender.py:send_request():317] send_request: stop_status
2023-12-29 09:43:37,677 DEBUG   HandlerThread:92877 [handler.py:handle_request():139] handle_request: stop_status
2023-12-29 09:43:37,686 DEBUG   SenderThread:92877 [sender.py:send_request():317] send_request: stop_status
2023-12-29 09:43:53,073 DEBUG   HandlerThread:92877 [handler.py:handle_request():139] handle_request: stop_status
2023-12-29 09:43:53,083 DEBUG   SenderThread:92877 [sender.py:send_request():317] send_request: stop_status
2023-12-29 09:44:08,544 DEBUG   HandlerThread:92877 [handler.py:handle_request():139] handle_request: stop_status
2023-12-29 09:44:08,557 DEBUG   SenderThread:92877 [sender.py:send_request():317] send_request: stop_status
2023-12-29 09:44:24,103 DEBUG   HandlerThread:92877 [handler.py:handle_request():139] handle_request: stop_status
2023-12-29 09:44:24,114 DEBUG   SenderThread:92877 [sender.py:send_request():317] send_request: stop_status
2023-12-29 09:44:39,644 DEBUG   HandlerThread:92877 [handler.py:handle_request():139] handle_request: stop_status
2023-12-29 09:44:39,655 DEBUG   SenderThread:92877 [sender.py:send_request():317] send_request: stop_status
2023-12-29 09:44:55,261 DEBUG   HandlerThread:92877 [handler.py:handle_request():139] handle_request: stop_status
2023-12-29 09:44:55,272 DEBUG   SenderThread:92877 [sender.py:send_request():317] send_request: stop_status
2023-12-29 09:45:10,993 DEBUG   HandlerThread:92877 [handler.py:handle_request():139] handle_request: stop_status
2023-12-29 09:45:11,003 DEBUG   SenderThread:92877 [sender.py:send_request():317] send_request: stop_status
2023-12-29 09:45:26,547 DEBUG   HandlerThread:92877 [handler.py:handle_request():139] handle_request: stop_status
2023-12-29 09:45:26,565 DEBUG   SenderThread:92877 [sender.py:send_request():317] send_request: stop_status
2023-12-29 09:45:42,065 DEBUG   HandlerThread:92877 [handler.py:handle_request():139] handle_request: stop_status
2023-12-29 09:45:42,077 DEBUG   SenderThread:92877 [sender.py:send_request():317] send_request: stop_status
2023-12-29 09:45:57,511 DEBUG   HandlerThread:92877 [handler.py:handle_request():139] handle_request: stop_status
2023-12-29 09:45:57,529 DEBUG   SenderThread:92877 [sender.py:send_request():317] send_request: stop_status
2023-12-29 09:46:12,974 DEBUG   HandlerThread:92877 [handler.py:handle_request():139] handle_request: stop_status
2023-12-29 09:46:12,987 DEBUG   SenderThread:92877 [sender.py:send_request():317] send_request: stop_status
2023-12-29 09:46:28,648 DEBUG   HandlerThread:92877 [handler.py:handle_request():139] handle_request: stop_status
2023-12-29 09:46:28,664 DEBUG   SenderThread:92877 [sender.py:send_request():317] send_request: stop_status
2023-12-29 09:46:44,308 DEBUG   HandlerThread:92877 [handler.py:handle_request():139] handle_request: stop_status
2023-12-29 09:46:44,322 DEBUG   SenderThread:92877 [sender.py:send_request():317] send_request: stop_status
2023-12-29 09:46:59,944 DEBUG   HandlerThread:92877 [handler.py:handle_request():139] handle_request: stop_status
2023-12-29 09:46:59,952 DEBUG   SenderThread:92877 [sender.py:send_request():317] send_request: stop_status
2023-12-29 09:47:15,427 DEBUG   HandlerThread:92877 [handler.py:handle_request():139] handle_request: stop_status
2023-12-29 09:47:15,445 DEBUG   SenderThread:92877 [sender.py:send_request():317] send_request: stop_status
2023-12-29 09:47:35,379 DEBUG   HandlerThread:92877 [handler.py:handle_request():139] handle_request: stop_status
2023-12-29 09:47:35,387 DEBUG   SenderThread:92877 [sender.py:send_request():317] send_request: stop_status
2023-12-29 09:50:08,163 DEBUG   HandlerThread:92877 [handler.py:handle_request():139] handle_request: stop_status
2023-12-29 09:50:08,177 DEBUG   SenderThread:92877 [sender.py:send_request():317] send_request: stop_status
2023-12-29 09:51:49,154 DEBUG   HandlerThread:92877 [handler.py:handle_request():139] handle_request: stop_status
2023-12-29 09:51:49,221 DEBUG   SenderThread:92877 [sender.py:send_request():317] send_request: stop_status
2023-12-29 09:51:52,804 ERROR   SenderThread:92877 [retry.py:__call__():154] Retry attempt failed:
Traceback (most recent call last):
  File "/Users/dangl/opt/anaconda3/envs/torch-gpu/lib/python3.8/site-packages/urllib3/connection.py", line 174, in _new_conn
    conn = connection.create_connection(
  File "/Users/dangl/opt/anaconda3/envs/torch-gpu/lib/python3.8/site-packages/urllib3/util/connection.py", line 72, in create_connection
    for res in socket.getaddrinfo(host, port, family, socket.SOCK_STREAM):
  File "/Users/dangl/opt/anaconda3/envs/torch-gpu/lib/python3.8/socket.py", line 918, in getaddrinfo
    for res in _socket.getaddrinfo(host, port, family, type, proto, flags):
socket.gaierror: [Errno 8] nodename nor servname provided, or not known

During handling of the above exception, another exception occurred:

Traceback (most recent call last):
  File "/Users/dangl/opt/anaconda3/envs/torch-gpu/lib/python3.8/site-packages/urllib3/connectionpool.py", line 703, in urlopen
    httplib_response = self._make_request(
  File "/Users/dangl/opt/anaconda3/envs/torch-gpu/lib/python3.8/site-packages/urllib3/connectionpool.py", line 386, in _make_request
    self._validate_conn(conn)
  File "/Users/dangl/opt/anaconda3/envs/torch-gpu/lib/python3.8/site-packages/urllib3/connectionpool.py", line 1042, in _validate_conn
    conn.connect()
  File "/Users/dangl/opt/anaconda3/envs/torch-gpu/lib/python3.8/site-packages/urllib3/connection.py", line 363, in connect
    self.sock = conn = self._new_conn()
  File "/Users/dangl/opt/anaconda3/envs/torch-gpu/lib/python3.8/site-packages/urllib3/connection.py", line 186, in _new_conn
    raise NewConnectionError(
urllib3.exceptions.NewConnectionError: <urllib3.connection.HTTPSConnection object at 0x7fc4d98c9d60>: Failed to establish a new connection: [Errno 8] nodename nor servname provided, or not known

During handling of the above exception, another exception occurred:

Traceback (most recent call last):
  File "/Users/dangl/opt/anaconda3/envs/torch-gpu/lib/python3.8/site-packages/requests/adapters.py", line 487, in send
    resp = conn.urlopen(
  File "/Users/dangl/opt/anaconda3/envs/torch-gpu/lib/python3.8/site-packages/urllib3/connectionpool.py", line 787, in urlopen
    retries = retries.increment(
  File "/Users/dangl/opt/anaconda3/envs/torch-gpu/lib/python3.8/site-packages/urllib3/util/retry.py", line 592, in increment
    raise MaxRetryError(_pool, url, error or ResponseError(cause))
urllib3.exceptions.MaxRetryError: HTTPSConnectionPool(host='api.wandb.ai', port=443): Max retries exceeded with url: /graphql (Caused by NewConnectionError('<urllib3.connection.HTTPSConnection object at 0x7fc4d98c9d60>: Failed to establish a new connection: [Errno 8] nodename nor servname provided, or not known'))

During handling of the above exception, another exception occurred:

Traceback (most recent call last):
  File "/Users/dangl/opt/anaconda3/envs/torch-gpu/lib/python3.8/site-packages/wandb/sdk/lib/retry.py", line 113, in __call__
    result = self._call_fn(*args, **kwargs)
  File "/Users/dangl/opt/anaconda3/envs/torch-gpu/lib/python3.8/site-packages/wandb/sdk/internal/internal_api.py", line 209, in execute
    return self.client.execute(*args, **kwargs)  # type: ignore
  File "/Users/dangl/opt/anaconda3/envs/torch-gpu/lib/python3.8/site-packages/wandb/vendor/gql-0.2.0/wandb_gql/client.py", line 52, in execute
    result = self._get_result(document, *args, **kwargs)
  File "/Users/dangl/opt/anaconda3/envs/torch-gpu/lib/python3.8/site-packages/wandb/vendor/gql-0.2.0/wandb_gql/client.py", line 60, in _get_result
    return self.transport.execute(document, *args, **kwargs)
  File "/Users/dangl/opt/anaconda3/envs/torch-gpu/lib/python3.8/site-packages/wandb/vendor/gql-0.2.0/wandb_gql/transport/requests.py", line 38, in execute
    request = requests.post(self.url, **post_args)
  File "/Users/dangl/opt/anaconda3/envs/torch-gpu/lib/python3.8/site-packages/requests/api.py", line 115, in post
    return request("post", url, data=data, json=json, **kwargs)
  File "/Users/dangl/opt/anaconda3/envs/torch-gpu/lib/python3.8/site-packages/requests/api.py", line 59, in request
    return session.request(method=method, url=url, **kwargs)
  File "/Users/dangl/opt/anaconda3/envs/torch-gpu/lib/python3.8/site-packages/requests/sessions.py", line 587, in request
    resp = self.send(prep, **send_kwargs)
  File "/Users/dangl/opt/anaconda3/envs/torch-gpu/lib/python3.8/site-packages/requests/sessions.py", line 701, in send
    r = adapter.send(request, **kwargs)
  File "/Users/dangl/opt/anaconda3/envs/torch-gpu/lib/python3.8/site-packages/requests/adapters.py", line 520, in send
    raise ConnectionError(e, request=request)
requests.exceptions.ConnectionError: HTTPSConnectionPool(host='api.wandb.ai', port=443): Max retries exceeded with url: /graphql (Caused by NewConnectionError('<urllib3.connection.HTTPSConnection object at 0x7fc4d98c9d60>: Failed to establish a new connection: [Errno 8] nodename nor servname provided, or not known'))
2023-12-29 10:08:13,759 WARNING FileStreamThread:92877 [file_stream.py:request_with_retry():667] requests_with_retry encountered retryable exception: HTTPSConnectionPool(host='api.wandb.ai', port=443): Read timed out. (read timeout=None). func: <bound method Session.post of <requests.sessions.Session object at 0x7fc4e8ea2190>>, args: ('https://api.wandb.ai/files/dangl/GOP HW2/337h3tiz/file_stream',), kwargs: {'json': {'complete': False, 'failed': False, 'dropped': 0, 'uploaded': []}}
2023-12-29 10:08:14,999 DEBUG   HandlerThread:92877 [handler.py:handle_request():139] handle_request: stop_status
2023-12-29 10:08:16,048 WARNING FileStreamThread:92877 [file_stream.py:request_with_retry():667] requests_with_retry encountered retryable exception: HTTPSConnectionPool(host='api.wandb.ai', port=443): Max retries exceeded with url: /files/dangl/GOP%20HW2/337h3tiz/file_stream (Caused by NewConnectionError('<urllib3.connection.HTTPSConnection object at 0x7fc4e8f14d30>: Failed to establish a new connection: [Errno 8] nodename nor servname provided, or not known')). func: <bound method Session.post of <requests.sessions.Session object at 0x7fc4e8ea2190>>, args: ('https://api.wandb.ai/files/dangl/GOP HW2/337h3tiz/file_stream',), kwargs: {'json': {'complete': False, 'failed': False, 'dropped': 0, 'uploaded': []}}
2023-12-29 10:08:20,862 WARNING FileStreamThread:92877 [file_stream.py:request_with_retry():667] requests_with_retry encountered retryable exception: HTTPSConnectionPool(host='api.wandb.ai', port=443): Max retries exceeded with url: /files/dangl/GOP%20HW2/337h3tiz/file_stream (Caused by NewConnectionError('<urllib3.connection.HTTPSConnection object at 0x7fc4e8f14d60>: Failed to establish a new connection: [Errno 8] nodename nor servname provided, or not known')). func: <bound method Session.post of <requests.sessions.Session object at 0x7fc4e8ea2190>>, args: ('https://api.wandb.ai/files/dangl/GOP HW2/337h3tiz/file_stream',), kwargs: {'json': {'complete': False, 'failed': False, 'dropped': 0, 'uploaded': []}}
2023-12-29 10:08:31,021 DEBUG   SenderThread:92877 [sender.py:send_request():317] send_request: stop_status
2023-12-29 10:08:35,009 DEBUG   HandlerThread:92877 [handler.py:handle_request():139] handle_request: stop_status
2023-12-29 10:08:35,011 DEBUG   SenderThread:92877 [sender.py:send_request():317] send_request: stop_status
2023-12-29 10:08:51,797 DEBUG   HandlerThread:92877 [handler.py:handle_request():139] handle_request: stop_status
2023-12-29 10:08:51,814 DEBUG   SenderThread:92877 [sender.py:send_request():317] send_request: stop_status
2023-12-29 10:09:07,501 DEBUG   HandlerThread:92877 [handler.py:handle_request():139] handle_request: stop_status
2023-12-29 10:09:07,514 DEBUG   SenderThread:92877 [sender.py:send_request():317] send_request: stop_status
2023-12-29 10:09:23,262 DEBUG   HandlerThread:92877 [handler.py:handle_request():139] handle_request: stop_status
2023-12-29 10:09:23,276 DEBUG   SenderThread:92877 [sender.py:send_request():317] send_request: stop_status
2023-12-29 10:09:39,015 DEBUG   HandlerThread:92877 [handler.py:handle_request():139] handle_request: stop_status
2023-12-29 10:09:39,023 DEBUG   SenderThread:92877 [sender.py:send_request():317] send_request: stop_status
2023-12-29 10:09:54,694 DEBUG   HandlerThread:92877 [handler.py:handle_request():139] handle_request: stop_status
2023-12-29 10:09:54,704 DEBUG   SenderThread:92877 [sender.py:send_request():317] send_request: stop_status
2023-12-29 10:10:10,408 DEBUG   HandlerThread:92877 [handler.py:handle_request():139] handle_request: stop_status
2023-12-29 10:10:10,422 DEBUG   SenderThread:92877 [sender.py:send_request():317] send_request: stop_status
2023-12-29 10:10:26,140 DEBUG   HandlerThread:92877 [handler.py:handle_request():139] handle_request: stop_status
2023-12-29 10:10:26,152 DEBUG   SenderThread:92877 [sender.py:send_request():317] send_request: stop_status
2023-12-29 10:10:41,789 DEBUG   HandlerThread:92877 [handler.py:handle_request():139] handle_request: stop_status
2023-12-29 10:10:41,798 DEBUG   SenderThread:92877 [sender.py:send_request():317] send_request: stop_status
2023-12-29 10:10:57,509 DEBUG   HandlerThread:92877 [handler.py:handle_request():139] handle_request: stop_status
2023-12-29 10:10:57,523 DEBUG   SenderThread:92877 [sender.py:send_request():317] send_request: stop_status
2023-12-29 10:11:13,194 DEBUG   HandlerThread:92877 [handler.py:handle_request():139] handle_request: stop_status
2023-12-29 10:11:13,213 DEBUG   SenderThread:92877 [sender.py:send_request():317] send_request: stop_status
2023-12-29 10:11:28,789 DEBUG   HandlerThread:92877 [handler.py:handle_request():139] handle_request: stop_status
2023-12-29 10:11:28,798 DEBUG   SenderThread:92877 [sender.py:send_request():317] send_request: stop_status
2023-12-29 10:11:44,446 DEBUG   HandlerThread:92877 [handler.py:handle_request():139] handle_request: stop_status
2023-12-29 10:11:44,454 DEBUG   SenderThread:92877 [sender.py:send_request():317] send_request: stop_status
2023-12-29 10:11:59,910 DEBUG   HandlerThread:92877 [handler.py:handle_request():139] handle_request: stop_status
2023-12-29 10:11:59,915 DEBUG   SenderThread:92877 [sender.py:send_request():317] send_request: stop_status
2023-12-29 10:12:15,475 DEBUG   HandlerThread:92877 [handler.py:handle_request():139] handle_request: stop_status
2023-12-29 10:12:15,481 DEBUG   SenderThread:92877 [sender.py:send_request():317] send_request: stop_status
2023-12-29 10:12:31,193 DEBUG   HandlerThread:92877 [handler.py:handle_request():139] handle_request: stop_status
2023-12-29 10:12:31,221 DEBUG   SenderThread:92877 [sender.py:send_request():317] send_request: stop_status
2023-12-29 10:12:47,352 DEBUG   HandlerThread:92877 [handler.py:handle_request():139] handle_request: stop_status
2023-12-29 10:12:47,366 DEBUG   SenderThread:92877 [sender.py:send_request():317] send_request: stop_status
2023-12-29 10:13:02,919 DEBUG   HandlerThread:92877 [handler.py:handle_request():139] handle_request: stop_status
2023-12-29 10:13:02,926 DEBUG   SenderThread:92877 [sender.py:send_request():317] send_request: stop_status
2023-12-29 10:13:18,473 DEBUG   HandlerThread:92877 [handler.py:handle_request():139] handle_request: stop_status
2023-12-29 10:13:18,479 DEBUG   SenderThread:92877 [sender.py:send_request():317] send_request: stop_status
2023-12-29 10:13:34,339 DEBUG   HandlerThread:92877 [handler.py:handle_request():139] handle_request: stop_status
2023-12-29 10:13:34,351 DEBUG   SenderThread:92877 [sender.py:send_request():317] send_request: stop_status
2023-12-29 10:13:50,154 DEBUG   HandlerThread:92877 [handler.py:handle_request():139] handle_request: stop_status
2023-12-29 10:13:50,163 DEBUG   SenderThread:92877 [sender.py:send_request():317] send_request: stop_status
2023-12-29 10:14:05,920 DEBUG   HandlerThread:92877 [handler.py:handle_request():139] handle_request: stop_status
2023-12-29 10:14:05,931 DEBUG   SenderThread:92877 [sender.py:send_request():317] send_request: stop_status
2023-12-29 10:14:21,619 DEBUG   HandlerThread:92877 [handler.py:handle_request():139] handle_request: stop_status
2023-12-29 10:14:21,625 DEBUG   SenderThread:92877 [sender.py:send_request():317] send_request: stop_status
2023-12-29 10:14:31,280 DEBUG   HandlerThread:92877 [handler.py:handle_request():139] handle_request: resume
2023-12-29 10:14:31,285 INFO    HandlerThread:92877 [handler.py:handle_request_resume():687] starting system metrics thread or process
2023-12-29 10:14:37,351 DEBUG   HandlerThread:92877 [handler.py:handle_request():139] handle_request: stop_status
2023-12-29 10:14:37,355 DEBUG   SenderThread:92877 [sender.py:send_request():317] send_request: stop_status
2023-12-29 10:14:53,372 DEBUG   HandlerThread:92877 [handler.py:handle_request():139] handle_request: stop_status
2023-12-29 10:14:53,379 DEBUG   SenderThread:92877 [sender.py:send_request():317] send_request: stop_status
2023-12-29 10:15:01,135 DEBUG   HandlerThread:92877 [handler.py:handle_request():139] handle_request: pause
2023-12-29 10:15:01,140 INFO    HandlerThread:92877 [handler.py:handle_request_pause():696] stopping system metrics thread or process
2023-12-29 10:15:09,102 DEBUG   HandlerThread:92877 [handler.py:handle_request():139] handle_request: stop_status
2023-12-29 10:15:09,112 DEBUG   SenderThread:92877 [sender.py:send_request():317] send_request: stop_status
2023-12-29 10:15:21,517 DEBUG   HandlerThread:92877 [handler.py:handle_request():139] handle_request: resume
2023-12-29 10:15:21,522 INFO    HandlerThread:92877 [handler.py:handle_request_resume():687] starting system metrics thread or process
2023-12-29 10:15:25,127 DEBUG   HandlerThread:92877 [handler.py:handle_request():139] handle_request: stop_status
2023-12-29 10:15:25,128 DEBUG   SenderThread:92877 [sender.py:send_request():317] send_request: stop_status
2023-12-29 10:15:41,375 DEBUG   HandlerThread:92877 [handler.py:handle_request():139] handle_request: stop_status
2023-12-29 10:15:41,382 DEBUG   SenderThread:92877 [sender.py:send_request():317] send_request: stop_status
2023-12-29 10:15:49,478 DEBUG   HandlerThread:92877 [handler.py:handle_request():139] handle_request: pause
2023-12-29 10:15:49,483 INFO    HandlerThread:92877 [handler.py:handle_request_pause():696] stopping system metrics thread or process
2023-12-29 10:15:57,394 DEBUG   HandlerThread:92877 [handler.py:handle_request():139] handle_request: stop_status
2023-12-29 10:15:57,396 DEBUG   SenderThread:92877 [sender.py:send_request():317] send_request: stop_status
2023-12-29 10:16:13,448 DEBUG   HandlerThread:92877 [handler.py:handle_request():139] handle_request: stop_status
2023-12-29 10:16:13,455 DEBUG   SenderThread:92877 [sender.py:send_request():317] send_request: stop_status
2023-12-29 10:16:28,946 DEBUG   HandlerThread:92877 [handler.py:handle_request():139] handle_request: stop_status
2023-12-29 10:16:28,958 DEBUG   SenderThread:92877 [sender.py:send_request():317] send_request: stop_status
2023-12-29 10:16:44,529 DEBUG   HandlerThread:92877 [handler.py:handle_request():139] handle_request: stop_status
2023-12-29 10:16:44,538 DEBUG   SenderThread:92877 [sender.py:send_request():317] send_request: stop_status
2023-12-29 10:17:00,070 DEBUG   HandlerThread:92877 [handler.py:handle_request():139] handle_request: stop_status
2023-12-29 10:17:00,098 DEBUG   SenderThread:92877 [sender.py:send_request():317] send_request: stop_status
2023-12-29 10:17:15,608 DEBUG   HandlerThread:92877 [handler.py:handle_request():139] handle_request: stop_status
2023-12-29 10:17:15,617 DEBUG   SenderThread:92877 [sender.py:send_request():317] send_request: stop_status
2023-12-29 10:17:31,147 DEBUG   HandlerThread:92877 [handler.py:handle_request():139] handle_request: stop_status
2023-12-29 10:17:31,168 DEBUG   SenderThread:92877 [sender.py:send_request():317] send_request: stop_status
2023-12-29 10:17:37,291 DEBUG   HandlerThread:92877 [handler.py:handle_request():139] handle_request: resume
2023-12-29 10:17:37,300 INFO    HandlerThread:92877 [handler.py:handle_request_resume():687] starting system metrics thread or process
2023-12-29 10:17:37,447 DEBUG   HandlerThread:92877 [handler.py:handle_request():139] handle_request: pause
2023-12-29 10:17:37,448 INFO    HandlerThread:92877 [handler.py:handle_request_pause():696] stopping system metrics thread or process
2023-12-29 10:17:46,712 DEBUG   HandlerThread:92877 [handler.py:handle_request():139] handle_request: stop_status
2023-12-29 10:17:46,718 DEBUG   SenderThread:92877 [sender.py:send_request():317] send_request: stop_status
2023-12-29 10:17:53,849 DEBUG   HandlerThread:92877 [handler.py:handle_request():139] handle_request: resume
2023-12-29 10:17:53,849 INFO    HandlerThread:92877 [handler.py:handle_request_resume():687] starting system metrics thread or process
2023-12-29 10:18:02,208 DEBUG   HandlerThread:92877 [handler.py:handle_request():139] handle_request: stop_status
2023-12-29 10:18:02,226 DEBUG   SenderThread:92877 [sender.py:send_request():317] send_request: stop_status
2023-12-29 10:18:17,892 DEBUG   HandlerThread:92877 [handler.py:handle_request():139] handle_request: stop_status
2023-12-29 10:18:17,897 DEBUG   SenderThread:92877 [sender.py:send_request():317] send_request: stop_status
2023-12-29 10:18:19,427 DEBUG   HandlerThread:92877 [handler.py:handle_request():139] handle_request: pause
2023-12-29 10:18:19,427 INFO    HandlerThread:92877 [handler.py:handle_request_pause():696] stopping system metrics thread or process
2023-12-29 10:18:33,417 DEBUG   HandlerThread:92877 [handler.py:handle_request():139] handle_request: stop_status
2023-12-29 10:18:33,422 DEBUG   SenderThread:92877 [sender.py:send_request():317] send_request: stop_status
2023-12-29 10:18:35,222 DEBUG   HandlerThread:92877 [handler.py:handle_request():139] handle_request: resume
2023-12-29 10:18:35,223 INFO    HandlerThread:92877 [handler.py:handle_request_resume():687] starting system metrics thread or process
2023-12-29 10:18:47,802 DEBUG   HandlerThread:92877 [handler.py:handle_request():139] handle_request: pause
2023-12-29 10:18:47,807 INFO    HandlerThread:92877 [handler.py:handle_request_pause():696] stopping system metrics thread or process
2023-12-29 10:18:48,916 DEBUG   HandlerThread:92877 [handler.py:handle_request():139] handle_request: stop_status
2023-12-29 10:18:48,918 DEBUG   SenderThread:92877 [sender.py:send_request():317] send_request: stop_status
2023-12-29 10:19:04,562 DEBUG   HandlerThread:92877 [handler.py:handle_request():139] handle_request: stop_status
2023-12-29 10:19:04,569 DEBUG   SenderThread:92877 [sender.py:send_request():317] send_request: stop_status
2023-12-29 10:19:20,298 DEBUG   HandlerThread:92877 [handler.py:handle_request():139] handle_request: stop_status
2023-12-29 10:19:20,323 DEBUG   SenderThread:92877 [sender.py:send_request():317] send_request: stop_status
2023-12-29 10:19:36,041 DEBUG   HandlerThread:92877 [handler.py:handle_request():139] handle_request: stop_status
2023-12-29 10:19:36,152 DEBUG   SenderThread:92877 [sender.py:send_request():317] send_request: stop_status
2023-12-29 10:19:51,734 DEBUG   HandlerThread:92877 [handler.py:handle_request():139] handle_request: stop_status
2023-12-29 10:19:51,744 DEBUG   SenderThread:92877 [sender.py:send_request():317] send_request: stop_status
2023-12-29 10:20:07,275 DEBUG   HandlerThread:92877 [handler.py:handle_request():139] handle_request: stop_status
2023-12-29 10:20:07,284 DEBUG   SenderThread:92877 [sender.py:send_request():317] send_request: stop_status
2023-12-29 10:20:22,978 DEBUG   HandlerThread:92877 [handler.py:handle_request():139] handle_request: stop_status
2023-12-29 10:20:22,990 DEBUG   SenderThread:92877 [sender.py:send_request():317] send_request: stop_status
2023-12-29 10:20:38,672 DEBUG   HandlerThread:92877 [handler.py:handle_request():139] handle_request: stop_status
2023-12-29 10:20:38,679 DEBUG   SenderThread:92877 [sender.py:send_request():317] send_request: stop_status
2023-12-29 10:20:58,683 DEBUG   HandlerThread:92877 [handler.py:handle_request():139] handle_request: stop_status
2023-12-29 10:21:12,216 ERROR   SenderThread:92877 [retry.py:__call__():154] Retry attempt failed:
Traceback (most recent call last):
  File "/Users/dangl/opt/anaconda3/envs/torch-gpu/lib/python3.8/site-packages/urllib3/connection.py", line 174, in _new_conn
    conn = connection.create_connection(
  File "/Users/dangl/opt/anaconda3/envs/torch-gpu/lib/python3.8/site-packages/urllib3/util/connection.py", line 95, in create_connection
    raise err
  File "/Users/dangl/opt/anaconda3/envs/torch-gpu/lib/python3.8/site-packages/urllib3/util/connection.py", line 85, in create_connection
    sock.connect(sa)
socket.timeout: timed out

During handling of the above exception, another exception occurred:

Traceback (most recent call last):
  File "/Users/dangl/opt/anaconda3/envs/torch-gpu/lib/python3.8/site-packages/urllib3/connectionpool.py", line 703, in urlopen
    httplib_response = self._make_request(
  File "/Users/dangl/opt/anaconda3/envs/torch-gpu/lib/python3.8/site-packages/urllib3/connectionpool.py", line 386, in _make_request
    self._validate_conn(conn)
  File "/Users/dangl/opt/anaconda3/envs/torch-gpu/lib/python3.8/site-packages/urllib3/connectionpool.py", line 1042, in _validate_conn
    conn.connect()
  File "/Users/dangl/opt/anaconda3/envs/torch-gpu/lib/python3.8/site-packages/urllib3/connection.py", line 363, in connect
    self.sock = conn = self._new_conn()
  File "/Users/dangl/opt/anaconda3/envs/torch-gpu/lib/python3.8/site-packages/urllib3/connection.py", line 179, in _new_conn
    raise ConnectTimeoutError(
urllib3.exceptions.ConnectTimeoutError: (<urllib3.connection.HTTPSConnection object at 0x7fc4e8ee6ee0>, 'Connection to api.wandb.ai timed out. (connect timeout=10)')

During handling of the above exception, another exception occurred:

Traceback (most recent call last):
  File "/Users/dangl/opt/anaconda3/envs/torch-gpu/lib/python3.8/site-packages/requests/adapters.py", line 487, in send
    resp = conn.urlopen(
  File "/Users/dangl/opt/anaconda3/envs/torch-gpu/lib/python3.8/site-packages/urllib3/connectionpool.py", line 787, in urlopen
    retries = retries.increment(
  File "/Users/dangl/opt/anaconda3/envs/torch-gpu/lib/python3.8/site-packages/urllib3/util/retry.py", line 592, in increment
    raise MaxRetryError(_pool, url, error or ResponseError(cause))
urllib3.exceptions.MaxRetryError: HTTPSConnectionPool(host='api.wandb.ai', port=443): Max retries exceeded with url: /graphql (Caused by ConnectTimeoutError(<urllib3.connection.HTTPSConnection object at 0x7fc4e8ee6ee0>, 'Connection to api.wandb.ai timed out. (connect timeout=10)'))

During handling of the above exception, another exception occurred:

Traceback (most recent call last):
  File "/Users/dangl/opt/anaconda3/envs/torch-gpu/lib/python3.8/site-packages/wandb/sdk/lib/retry.py", line 113, in __call__
    result = self._call_fn(*args, **kwargs)
  File "/Users/dangl/opt/anaconda3/envs/torch-gpu/lib/python3.8/site-packages/wandb/sdk/internal/internal_api.py", line 209, in execute
    return self.client.execute(*args, **kwargs)  # type: ignore
  File "/Users/dangl/opt/anaconda3/envs/torch-gpu/lib/python3.8/site-packages/wandb/vendor/gql-0.2.0/wandb_gql/client.py", line 52, in execute
    result = self._get_result(document, *args, **kwargs)
  File "/Users/dangl/opt/anaconda3/envs/torch-gpu/lib/python3.8/site-packages/wandb/vendor/gql-0.2.0/wandb_gql/client.py", line 60, in _get_result
    return self.transport.execute(document, *args, **kwargs)
  File "/Users/dangl/opt/anaconda3/envs/torch-gpu/lib/python3.8/site-packages/wandb/vendor/gql-0.2.0/wandb_gql/transport/requests.py", line 38, in execute
    request = requests.post(self.url, **post_args)
  File "/Users/dangl/opt/anaconda3/envs/torch-gpu/lib/python3.8/site-packages/requests/api.py", line 115, in post
    return request("post", url, data=data, json=json, **kwargs)
  File "/Users/dangl/opt/anaconda3/envs/torch-gpu/lib/python3.8/site-packages/requests/api.py", line 59, in request
    return session.request(method=method, url=url, **kwargs)
  File "/Users/dangl/opt/anaconda3/envs/torch-gpu/lib/python3.8/site-packages/requests/sessions.py", line 587, in request
    resp = self.send(prep, **send_kwargs)
  File "/Users/dangl/opt/anaconda3/envs/torch-gpu/lib/python3.8/site-packages/requests/sessions.py", line 701, in send
    r = adapter.send(request, **kwargs)
  File "/Users/dangl/opt/anaconda3/envs/torch-gpu/lib/python3.8/site-packages/requests/adapters.py", line 508, in send
    raise ConnectTimeout(e, request=request)
requests.exceptions.ConnectTimeout: HTTPSConnectionPool(host='api.wandb.ai', port=443): Max retries exceeded with url: /graphql (Caused by ConnectTimeoutError(<urllib3.connection.HTTPSConnection object at 0x7fc4e8ee6ee0>, 'Connection to api.wandb.ai timed out. (connect timeout=10)'))
2023-12-29 10:21:18,694 DEBUG   HandlerThread:92877 [handler.py:handle_request():139] handle_request: stop_status
2023-12-29 10:21:38,702 DEBUG   HandlerThread:92877 [handler.py:handle_request():139] handle_request: stop_status
2023-12-29 10:21:58,713 DEBUG   HandlerThread:92877 [handler.py:handle_request():139] handle_request: stop_status
2023-12-29 10:22:18,723 DEBUG   HandlerThread:92877 [handler.py:handle_request():139] handle_request: stop_status
2023-12-29 10:22:22,040 WARNING FileStreamThread:92877 [file_stream.py:request_with_retry():667] requests_with_retry encountered retryable exception: HTTPSConnectionPool(host='api.wandb.ai', port=443): Read timed out. (read timeout=None). func: <bound method Session.post of <requests.sessions.Session object at 0x7fc4e8ea2190>>, args: ('https://api.wandb.ai/files/dangl/GOP HW2/337h3tiz/file_stream',), kwargs: {'json': {'complete': False, 'failed': False, 'dropped': 0, 'uploaded': []}}
2023-12-29 10:22:38,734 DEBUG   HandlerThread:92877 [handler.py:handle_request():139] handle_request: stop_status
2023-12-29 10:22:58,745 DEBUG   HandlerThread:92877 [handler.py:handle_request():139] handle_request: stop_status
2023-12-29 10:23:18,757 DEBUG   HandlerThread:92877 [handler.py:handle_request():139] handle_request: stop_status
2023-12-29 10:23:38,763 DEBUG   HandlerThread:92877 [handler.py:handle_request():139] handle_request: stop_status
2023-12-29 10:23:39,377 WARNING FileStreamThread:92877 [file_stream.py:request_with_retry():667] requests_with_retry encountered retryable exception: HTTPSConnectionPool(host='api.wandb.ai', port=443): Max retries exceeded with url: /files/dangl/GOP%20HW2/337h3tiz/file_stream (Caused by NewConnectionError('<urllib3.connection.HTTPSConnection object at 0x7fc4e8f14040>: Failed to establish a new connection: [Errno 60] Operation timed out')). func: <bound method Session.post of <requests.sessions.Session object at 0x7fc4e8ea2190>>, args: ('https://api.wandb.ai/files/dangl/GOP HW2/337h3tiz/file_stream',), kwargs: {'json': {'complete': False, 'failed': False, 'dropped': 0, 'uploaded': []}}
2023-12-29 10:23:58,783 DEBUG   HandlerThread:92877 [handler.py:handle_request():139] handle_request: stop_status
2023-12-29 10:24:12,395 DEBUG   SenderThread:92877 [sender.py:send_request():317] send_request: stop_status
2023-12-29 10:24:12,848 DEBUG   SenderThread:92877 [sender.py:send_request():317] send_request: stop_status
2023-12-29 10:24:13,429 DEBUG   SenderThread:92877 [sender.py:send_request():317] send_request: stop_status
2023-12-29 10:24:14,491 DEBUG   SenderThread:92877 [sender.py:send_request():317] send_request: stop_status
2023-12-29 10:24:15,058 DEBUG   SenderThread:92877 [sender.py:send_request():317] send_request: stop_status
2023-12-29 10:24:15,610 DEBUG   SenderThread:92877 [sender.py:send_request():317] send_request: stop_status
2023-12-29 10:24:16,210 DEBUG   SenderThread:92877 [sender.py:send_request():317] send_request: stop_status
2023-12-29 10:24:16,737 DEBUG   SenderThread:92877 [sender.py:send_request():317] send_request: stop_status
2023-12-29 10:24:17,275 DEBUG   SenderThread:92877 [sender.py:send_request():317] send_request: stop_status
2023-12-29 10:24:17,831 DEBUG   SenderThread:92877 [sender.py:send_request():317] send_request: stop_status
2023-12-29 10:24:18,794 DEBUG   HandlerThread:92877 [handler.py:handle_request():139] handle_request: stop_status
2023-12-29 10:24:18,799 DEBUG   SenderThread:92877 [sender.py:send_request():317] send_request: stop_status
2023-12-29 10:24:34,343 DEBUG   HandlerThread:92877 [handler.py:handle_request():139] handle_request: stop_status
2023-12-29 10:24:34,348 DEBUG   SenderThread:92877 [sender.py:send_request():317] send_request: stop_status
2023-12-29 10:24:49,827 DEBUG   HandlerThread:92877 [handler.py:handle_request():139] handle_request: stop_status
2023-12-29 10:24:49,836 DEBUG   SenderThread:92877 [sender.py:send_request():317] send_request: stop_status
2023-12-29 10:25:05,365 DEBUG   HandlerThread:92877 [handler.py:handle_request():139] handle_request: stop_status
2023-12-29 10:25:05,376 DEBUG   SenderThread:92877 [sender.py:send_request():317] send_request: stop_status
2023-12-29 10:25:20,920 DEBUG   HandlerThread:92877 [handler.py:handle_request():139] handle_request: stop_status
2023-12-29 10:25:20,928 DEBUG   SenderThread:92877 [sender.py:send_request():317] send_request: stop_status
2023-12-29 10:25:36,538 DEBUG   HandlerThread:92877 [handler.py:handle_request():139] handle_request: stop_status
2023-12-29 10:25:36,547 DEBUG   SenderThread:92877 [sender.py:send_request():317] send_request: stop_status
2023-12-29 10:25:52,219 DEBUG   HandlerThread:92877 [handler.py:handle_request():139] handle_request: stop_status
2023-12-29 10:25:52,226 DEBUG   SenderThread:92877 [sender.py:send_request():317] send_request: stop_status
2023-12-29 10:26:07,726 DEBUG   HandlerThread:92877 [handler.py:handle_request():139] handle_request: stop_status
2023-12-29 10:26:07,736 DEBUG   SenderThread:92877 [sender.py:send_request():317] send_request: stop_status
2023-12-29 10:26:23,328 DEBUG   HandlerThread:92877 [handler.py:handle_request():139] handle_request: stop_status
2023-12-29 10:26:23,338 DEBUG   SenderThread:92877 [sender.py:send_request():317] send_request: stop_status
2023-12-29 10:26:38,926 DEBUG   HandlerThread:92877 [handler.py:handle_request():139] handle_request: stop_status
2023-12-29 10:26:38,936 DEBUG   SenderThread:92877 [sender.py:send_request():317] send_request: stop_status
2023-12-29 10:26:54,530 DEBUG   HandlerThread:92877 [handler.py:handle_request():139] handle_request: stop_status
2023-12-29 10:26:54,538 DEBUG   SenderThread:92877 [sender.py:send_request():317] send_request: stop_status
2023-12-29 10:27:10,060 DEBUG   HandlerThread:92877 [handler.py:handle_request():139] handle_request: stop_status
2023-12-29 10:27:10,071 DEBUG   SenderThread:92877 [sender.py:send_request():317] send_request: stop_status
2023-12-29 10:27:25,646 DEBUG   HandlerThread:92877 [handler.py:handle_request():139] handle_request: stop_status
2023-12-29 10:27:25,656 DEBUG   SenderThread:92877 [sender.py:send_request():317] send_request: stop_status
2023-12-29 10:27:41,179 DEBUG   HandlerThread:92877 [handler.py:handle_request():139] handle_request: stop_status
2023-12-29 10:27:41,187 DEBUG   SenderThread:92877 [sender.py:send_request():317] send_request: stop_status
2023-12-29 10:27:56,644 DEBUG   HandlerThread:92877 [handler.py:handle_request():139] handle_request: stop_status
2023-12-29 10:27:56,654 DEBUG   SenderThread:92877 [sender.py:send_request():317] send_request: stop_status
2023-12-29 10:28:12,156 DEBUG   HandlerThread:92877 [handler.py:handle_request():139] handle_request: stop_status
2023-12-29 10:28:12,222 DEBUG   SenderThread:92877 [sender.py:send_request():317] send_request: stop_status
2023-12-29 10:28:27,761 DEBUG   HandlerThread:92877 [handler.py:handle_request():139] handle_request: stop_status
2023-12-29 10:28:27,767 DEBUG   SenderThread:92877 [sender.py:send_request():317] send_request: stop_status
2023-12-29 10:28:43,301 DEBUG   HandlerThread:92877 [handler.py:handle_request():139] handle_request: stop_status
2023-12-29 10:28:43,310 DEBUG   SenderThread:92877 [sender.py:send_request():317] send_request: stop_status
2023-12-29 10:28:58,924 DEBUG   HandlerThread:92877 [handler.py:handle_request():139] handle_request: stop_status
2023-12-29 10:28:58,932 DEBUG   SenderThread:92877 [sender.py:send_request():317] send_request: stop_status
2023-12-29 10:29:15,561 DEBUG   HandlerThread:92877 [handler.py:handle_request():139] handle_request: stop_status
2023-12-29 10:29:15,572 DEBUG   SenderThread:92877 [sender.py:send_request():317] send_request: stop_status
2023-12-29 10:29:31,093 DEBUG   HandlerThread:92877 [handler.py:handle_request():139] handle_request: stop_status
2023-12-29 10:29:31,103 DEBUG   SenderThread:92877 [sender.py:send_request():317] send_request: stop_status
2023-12-29 10:29:46,594 DEBUG   HandlerThread:92877 [handler.py:handle_request():139] handle_request: stop_status
2023-12-29 10:29:46,604 DEBUG   SenderThread:92877 [sender.py:send_request():317] send_request: stop_status
2023-12-29 10:30:03,145 DEBUG   HandlerThread:92877 [handler.py:handle_request():139] handle_request: stop_status
2023-12-29 10:30:03,155 DEBUG   SenderThread:92877 [sender.py:send_request():317] send_request: stop_status
2023-12-29 10:30:18,740 DEBUG   HandlerThread:92877 [handler.py:handle_request():139] handle_request: stop_status
2023-12-29 10:30:18,743 DEBUG   SenderThread:92877 [sender.py:send_request():317] send_request: stop_status
2023-12-29 10:30:34,325 DEBUG   HandlerThread:92877 [handler.py:handle_request():139] handle_request: stop_status
2023-12-29 10:30:34,334 DEBUG   SenderThread:92877 [sender.py:send_request():317] send_request: stop_status
2023-12-29 10:30:49,927 DEBUG   HandlerThread:92877 [handler.py:handle_request():139] handle_request: stop_status
2023-12-29 10:30:49,935 DEBUG   SenderThread:92877 [sender.py:send_request():317] send_request: stop_status
2023-12-29 10:31:05,505 DEBUG   HandlerThread:92877 [handler.py:handle_request():139] handle_request: stop_status
2023-12-29 10:31:05,521 DEBUG   SenderThread:92877 [sender.py:send_request():317] send_request: stop_status
2023-12-29 10:31:21,243 DEBUG   HandlerThread:92877 [handler.py:handle_request():139] handle_request: stop_status
2023-12-29 10:31:21,251 DEBUG   SenderThread:92877 [sender.py:send_request():317] send_request: stop_status
2023-12-29 10:31:36,840 DEBUG   HandlerThread:92877 [handler.py:handle_request():139] handle_request: stop_status
2023-12-29 10:31:36,848 DEBUG   SenderThread:92877 [sender.py:send_request():317] send_request: stop_status
2023-12-29 10:31:52,453 DEBUG   HandlerThread:92877 [handler.py:handle_request():139] handle_request: stop_status
2023-12-29 10:31:52,462 DEBUG   SenderThread:92877 [sender.py:send_request():317] send_request: stop_status
2023-12-29 10:32:07,971 DEBUG   HandlerThread:92877 [handler.py:handle_request():139] handle_request: stop_status
2023-12-29 10:32:07,982 DEBUG   SenderThread:92877 [sender.py:send_request():317] send_request: stop_status
2023-12-29 10:32:23,632 DEBUG   HandlerThread:92877 [handler.py:handle_request():139] handle_request: stop_status
2023-12-29 10:32:23,640 DEBUG   SenderThread:92877 [sender.py:send_request():317] send_request: stop_status
2023-12-29 10:32:39,202 DEBUG   HandlerThread:92877 [handler.py:handle_request():139] handle_request: stop_status
2023-12-29 10:32:39,208 DEBUG   SenderThread:92877 [sender.py:send_request():317] send_request: stop_status
2023-12-29 10:32:54,804 DEBUG   HandlerThread:92877 [handler.py:handle_request():139] handle_request: stop_status
2023-12-29 10:32:54,812 DEBUG   SenderThread:92877 [sender.py:send_request():317] send_request: stop_status
2023-12-29 10:33:10,359 DEBUG   HandlerThread:92877 [handler.py:handle_request():139] handle_request: stop_status
2023-12-29 10:33:10,371 DEBUG   SenderThread:92877 [sender.py:send_request():317] send_request: stop_status
2023-12-29 10:33:25,992 DEBUG   HandlerThread:92877 [handler.py:handle_request():139] handle_request: stop_status
2023-12-29 10:33:26,001 DEBUG   SenderThread:92877 [sender.py:send_request():317] send_request: stop_status
2023-12-29 10:33:41,485 DEBUG   HandlerThread:92877 [handler.py:handle_request():139] handle_request: stop_status
2023-12-29 10:33:41,493 DEBUG   SenderThread:92877 [sender.py:send_request():317] send_request: stop_status
2023-12-29 10:33:56,925 DEBUG   HandlerThread:92877 [handler.py:handle_request():139] handle_request: stop_status
2023-12-29 10:33:56,935 DEBUG   SenderThread:92877 [sender.py:send_request():317] send_request: stop_status
2023-12-29 10:34:12,486 DEBUG   HandlerThread:92877 [handler.py:handle_request():139] handle_request: stop_status
2023-12-29 10:34:12,496 DEBUG   SenderThread:92877 [sender.py:send_request():317] send_request: stop_status
2023-12-29 10:34:28,112 DEBUG   HandlerThread:92877 [handler.py:handle_request():139] handle_request: stop_status
2023-12-29 10:34:28,122 DEBUG   SenderThread:92877 [sender.py:send_request():317] send_request: stop_status
2023-12-29 10:34:43,740 DEBUG   HandlerThread:92877 [handler.py:handle_request():139] handle_request: stop_status
2023-12-29 10:34:43,748 DEBUG   SenderThread:92877 [sender.py:send_request():317] send_request: stop_status
2023-12-29 10:34:59,266 DEBUG   HandlerThread:92877 [handler.py:handle_request():139] handle_request: stop_status
2023-12-29 10:34:59,275 DEBUG   SenderThread:92877 [sender.py:send_request():317] send_request: stop_status
2023-12-29 10:35:14,781 DEBUG   HandlerThread:92877 [handler.py:handle_request():139] handle_request: stop_status
2023-12-29 10:35:14,788 DEBUG   SenderThread:92877 [sender.py:send_request():317] send_request: stop_status
2023-12-29 10:35:30,361 DEBUG   HandlerThread:92877 [handler.py:handle_request():139] handle_request: stop_status
2023-12-29 10:35:30,370 DEBUG   SenderThread:92877 [sender.py:send_request():317] send_request: stop_status
2023-12-29 10:35:46,026 DEBUG   HandlerThread:92877 [handler.py:handle_request():139] handle_request: stop_status
2023-12-29 10:35:46,035 DEBUG   SenderThread:92877 [sender.py:send_request():317] send_request: stop_status
2023-12-29 10:36:01,644 DEBUG   HandlerThread:92877 [handler.py:handle_request():139] handle_request: stop_status
2023-12-29 10:36:01,652 DEBUG   SenderThread:92877 [sender.py:send_request():317] send_request: stop_status
2023-12-29 10:36:17,352 DEBUG   HandlerThread:92877 [handler.py:handle_request():139] handle_request: stop_status
2023-12-29 10:36:17,361 DEBUG   SenderThread:92877 [sender.py:send_request():317] send_request: stop_status
2023-12-29 10:36:33,221 DEBUG   HandlerThread:92877 [handler.py:handle_request():139] handle_request: stop_status
2023-12-29 10:36:33,242 DEBUG   SenderThread:92877 [sender.py:send_request():317] send_request: stop_status
2023-12-29 10:36:48,745 DEBUG   HandlerThread:92877 [handler.py:handle_request():139] handle_request: stop_status
2023-12-29 10:36:48,751 DEBUG   SenderThread:92877 [sender.py:send_request():317] send_request: stop_status
2023-12-29 10:37:04,425 DEBUG   HandlerThread:92877 [handler.py:handle_request():139] handle_request: stop_status
2023-12-29 10:37:04,435 DEBUG   SenderThread:92877 [sender.py:send_request():317] send_request: stop_status
2023-12-29 10:37:20,040 DEBUG   HandlerThread:92877 [handler.py:handle_request():139] handle_request: stop_status
2023-12-29 10:37:20,050 DEBUG   SenderThread:92877 [sender.py:send_request():317] send_request: stop_status
2023-12-29 10:37:35,593 DEBUG   HandlerThread:92877 [handler.py:handle_request():139] handle_request: stop_status
2023-12-29 10:37:35,603 DEBUG   SenderThread:92877 [sender.py:send_request():317] send_request: stop_status
2023-12-29 10:37:51,202 DEBUG   HandlerThread:92877 [handler.py:handle_request():139] handle_request: stop_status
2023-12-29 10:37:51,217 DEBUG   SenderThread:92877 [sender.py:send_request():317] send_request: stop_status
2023-12-29 10:38:06,863 DEBUG   HandlerThread:92877 [handler.py:handle_request():139] handle_request: stop_status
2023-12-29 10:38:06,870 DEBUG   SenderThread:92877 [sender.py:send_request():317] send_request: stop_status
2023-12-29 10:38:22,477 DEBUG   HandlerThread:92877 [handler.py:handle_request():139] handle_request: stop_status
2023-12-29 10:38:22,485 DEBUG   SenderThread:92877 [sender.py:send_request():317] send_request: stop_status
2023-12-29 10:38:38,015 DEBUG   HandlerThread:92877 [handler.py:handle_request():139] handle_request: stop_status
2023-12-29 10:38:38,020 DEBUG   SenderThread:92877 [sender.py:send_request():317] send_request: stop_status
2023-12-29 10:38:53,653 DEBUG   HandlerThread:92877 [handler.py:handle_request():139] handle_request: stop_status
2023-12-29 10:38:53,660 DEBUG   SenderThread:92877 [sender.py:send_request():317] send_request: stop_status
2023-12-29 10:39:09,286 DEBUG   HandlerThread:92877 [handler.py:handle_request():139] handle_request: stop_status
2023-12-29 10:39:09,297 DEBUG   SenderThread:92877 [sender.py:send_request():317] send_request: stop_status
2023-12-29 10:39:25,003 DEBUG   HandlerThread:92877 [handler.py:handle_request():139] handle_request: stop_status
2023-12-29 10:39:25,011 DEBUG   SenderThread:92877 [sender.py:send_request():317] send_request: stop_status
2023-12-29 10:39:40,586 DEBUG   HandlerThread:92877 [handler.py:handle_request():139] handle_request: stop_status
2023-12-29 10:39:40,594 DEBUG   SenderThread:92877 [sender.py:send_request():317] send_request: stop_status
2023-12-29 10:39:56,232 DEBUG   HandlerThread:92877 [handler.py:handle_request():139] handle_request: stop_status
2023-12-29 10:39:56,252 DEBUG   SenderThread:92877 [sender.py:send_request():317] send_request: stop_status
2023-12-29 10:40:12,018 DEBUG   HandlerThread:92877 [handler.py:handle_request():139] handle_request: stop_status
2023-12-29 10:40:12,026 DEBUG   SenderThread:92877 [sender.py:send_request():317] send_request: stop_status
2023-12-29 10:40:27,695 DEBUG   HandlerThread:92877 [handler.py:handle_request():139] handle_request: stop_status
2023-12-29 10:40:27,707 DEBUG   SenderThread:92877 [sender.py:send_request():317] send_request: stop_status
2023-12-29 10:40:43,313 DEBUG   HandlerThread:92877 [handler.py:handle_request():139] handle_request: stop_status
2023-12-29 10:40:43,326 DEBUG   SenderThread:92877 [sender.py:send_request():317] send_request: stop_status
2023-12-29 10:40:58,820 DEBUG   HandlerThread:92877 [handler.py:handle_request():139] handle_request: stop_status
2023-12-29 10:40:58,830 DEBUG   SenderThread:92877 [sender.py:send_request():317] send_request: stop_status
2023-12-29 10:41:14,424 DEBUG   HandlerThread:92877 [handler.py:handle_request():139] handle_request: stop_status
2023-12-29 10:41:14,435 DEBUG   SenderThread:92877 [sender.py:send_request():317] send_request: stop_status
2023-12-29 10:41:29,956 DEBUG   HandlerThread:92877 [handler.py:handle_request():139] handle_request: stop_status
2023-12-29 10:41:29,964 DEBUG   SenderThread:92877 [sender.py:send_request():317] send_request: stop_status
2023-12-29 10:41:45,539 DEBUG   HandlerThread:92877 [handler.py:handle_request():139] handle_request: stop_status
2023-12-29 10:41:45,547 DEBUG   SenderThread:92877 [sender.py:send_request():317] send_request: stop_status
2023-12-29 10:42:01,185 DEBUG   HandlerThread:92877 [handler.py:handle_request():139] handle_request: stop_status
2023-12-29 10:42:01,192 DEBUG   SenderThread:92877 [sender.py:send_request():317] send_request: stop_status
2023-12-29 10:42:16,829 DEBUG   HandlerThread:92877 [handler.py:handle_request():139] handle_request: stop_status
2023-12-29 10:42:16,832 DEBUG   SenderThread:92877 [sender.py:send_request():317] send_request: stop_status
2023-12-29 10:42:32,496 DEBUG   HandlerThread:92877 [handler.py:handle_request():139] handle_request: stop_status
2023-12-29 10:42:32,504 DEBUG   SenderThread:92877 [sender.py:send_request():317] send_request: stop_status
2023-12-29 10:42:48,039 DEBUG   HandlerThread:92877 [handler.py:handle_request():139] handle_request: stop_status
2023-12-29 10:42:48,086 DEBUG   SenderThread:92877 [sender.py:send_request():317] send_request: stop_status
2023-12-29 10:43:03,768 DEBUG   HandlerThread:92877 [handler.py:handle_request():139] handle_request: stop_status
2023-12-29 10:43:03,774 DEBUG   SenderThread:92877 [sender.py:send_request():317] send_request: stop_status
2023-12-29 10:43:19,317 DEBUG   HandlerThread:92877 [handler.py:handle_request():139] handle_request: stop_status
2023-12-29 10:43:19,325 DEBUG   SenderThread:92877 [sender.py:send_request():317] send_request: stop_status
2023-12-29 10:43:34,936 DEBUG   HandlerThread:92877 [handler.py:handle_request():139] handle_request: stop_status
2023-12-29 10:43:34,945 DEBUG   SenderThread:92877 [sender.py:send_request():317] send_request: stop_status
2023-12-29 10:43:50,420 DEBUG   HandlerThread:92877 [handler.py:handle_request():139] handle_request: stop_status
2023-12-29 10:43:50,428 DEBUG   SenderThread:92877 [sender.py:send_request():317] send_request: stop_status
2023-12-29 10:44:05,986 DEBUG   HandlerThread:92877 [handler.py:handle_request():139] handle_request: stop_status
2023-12-29 10:44:05,998 DEBUG   SenderThread:92877 [sender.py:send_request():317] send_request: stop_status
2023-12-29 10:44:21,656 DEBUG   HandlerThread:92877 [handler.py:handle_request():139] handle_request: stop_status
2023-12-29 10:44:21,665 DEBUG   SenderThread:92877 [sender.py:send_request():317] send_request: stop_status
2023-12-29 10:44:37,385 DEBUG   HandlerThread:92877 [handler.py:handle_request():139] handle_request: stop_status
2023-12-29 10:44:37,388 DEBUG   SenderThread:92877 [sender.py:send_request():317] send_request: stop_status
2023-12-29 10:44:52,906 DEBUG   HandlerThread:92877 [handler.py:handle_request():139] handle_request: stop_status
2023-12-29 10:44:52,915 DEBUG   SenderThread:92877 [sender.py:send_request():317] send_request: stop_status
2023-12-29 10:45:08,402 DEBUG   HandlerThread:92877 [handler.py:handle_request():139] handle_request: stop_status
2023-12-29 10:45:08,409 DEBUG   SenderThread:92877 [sender.py:send_request():317] send_request: stop_status
2023-12-29 10:45:24,207 DEBUG   HandlerThread:92877 [handler.py:handle_request():139] handle_request: stop_status
2023-12-29 10:45:24,223 DEBUG   SenderThread:92877 [sender.py:send_request():317] send_request: stop_status
2023-12-29 10:45:39,836 DEBUG   HandlerThread:92877 [handler.py:handle_request():139] handle_request: stop_status
2023-12-29 10:45:39,846 DEBUG   SenderThread:92877 [sender.py:send_request():317] send_request: stop_status
2023-12-29 10:45:55,451 DEBUG   HandlerThread:92877 [handler.py:handle_request():139] handle_request: stop_status
2023-12-29 10:45:55,458 DEBUG   SenderThread:92877 [sender.py:send_request():317] send_request: stop_status
2023-12-29 10:46:11,020 DEBUG   HandlerThread:92877 [handler.py:handle_request():139] handle_request: stop_status
2023-12-29 10:46:11,032 DEBUG   SenderThread:92877 [sender.py:send_request():317] send_request: stop_status
2023-12-29 10:46:26,603 DEBUG   HandlerThread:92877 [handler.py:handle_request():139] handle_request: stop_status
2023-12-29 10:46:26,612 DEBUG   SenderThread:92877 [sender.py:send_request():317] send_request: stop_status
2023-12-29 10:46:42,227 DEBUG   HandlerThread:92877 [handler.py:handle_request():139] handle_request: stop_status
2023-12-29 10:46:42,233 DEBUG   SenderThread:92877 [sender.py:send_request():317] send_request: stop_status
2023-12-29 10:46:57,985 DEBUG   HandlerThread:92877 [handler.py:handle_request():139] handle_request: stop_status
2023-12-29 10:46:57,993 DEBUG   SenderThread:92877 [sender.py:send_request():317] send_request: stop_status
2023-12-29 10:47:13,530 DEBUG   HandlerThread:92877 [handler.py:handle_request():139] handle_request: stop_status
2023-12-29 10:47:13,543 DEBUG   SenderThread:92877 [sender.py:send_request():317] send_request: stop_status
2023-12-29 10:47:29,221 DEBUG   HandlerThread:92877 [handler.py:handle_request():139] handle_request: stop_status
2023-12-29 10:47:29,228 DEBUG   SenderThread:92877 [sender.py:send_request():317] send_request: stop_status
2023-12-29 10:47:44,768 DEBUG   HandlerThread:92877 [handler.py:handle_request():139] handle_request: stop_status
2023-12-29 10:47:44,780 DEBUG   SenderThread:92877 [sender.py:send_request():317] send_request: stop_status
2023-12-29 10:48:00,334 DEBUG   HandlerThread:92877 [handler.py:handle_request():139] handle_request: stop_status
2023-12-29 10:48:00,342 DEBUG   SenderThread:92877 [sender.py:send_request():317] send_request: stop_status
2023-12-29 10:48:15,945 DEBUG   HandlerThread:92877 [handler.py:handle_request():139] handle_request: stop_status
2023-12-29 10:48:15,952 DEBUG   SenderThread:92877 [sender.py:send_request():317] send_request: stop_status
2023-12-29 10:48:31,545 DEBUG   HandlerThread:92877 [handler.py:handle_request():139] handle_request: stop_status
2023-12-29 10:48:31,555 DEBUG   SenderThread:92877 [sender.py:send_request():317] send_request: stop_status
2023-12-29 10:48:47,124 DEBUG   HandlerThread:92877 [handler.py:handle_request():139] handle_request: stop_status
2023-12-29 10:48:47,133 DEBUG   SenderThread:92877 [sender.py:send_request():317] send_request: stop_status
2023-12-29 10:49:02,664 DEBUG   HandlerThread:92877 [handler.py:handle_request():139] handle_request: stop_status
2023-12-29 10:49:02,701 DEBUG   SenderThread:92877 [sender.py:send_request():317] send_request: stop_status
2023-12-29 10:49:18,443 DEBUG   HandlerThread:92877 [handler.py:handle_request():139] handle_request: stop_status
2023-12-29 10:49:18,452 DEBUG   SenderThread:92877 [sender.py:send_request():317] send_request: stop_status
2023-12-29 10:49:34,241 DEBUG   HandlerThread:92877 [handler.py:handle_request():139] handle_request: stop_status
2023-12-29 10:49:34,245 DEBUG   SenderThread:92877 [sender.py:send_request():317] send_request: stop_status
2023-12-29 10:49:49,738 DEBUG   HandlerThread:92877 [handler.py:handle_request():139] handle_request: stop_status
2023-12-29 10:49:49,747 DEBUG   SenderThread:92877 [sender.py:send_request():317] send_request: stop_status
2023-12-29 10:50:05,323 DEBUG   HandlerThread:92877 [handler.py:handle_request():139] handle_request: stop_status
2023-12-29 10:50:05,335 DEBUG   SenderThread:92877 [sender.py:send_request():317] send_request: stop_status
2023-12-29 10:50:20,821 DEBUG   HandlerThread:92877 [handler.py:handle_request():139] handle_request: stop_status
2023-12-29 10:50:20,829 DEBUG   SenderThread:92877 [sender.py:send_request():317] send_request: stop_status
2023-12-29 10:50:36,425 DEBUG   HandlerThread:92877 [handler.py:handle_request():139] handle_request: stop_status
2023-12-29 10:50:36,433 DEBUG   SenderThread:92877 [sender.py:send_request():317] send_request: stop_status
2023-12-29 10:50:51,956 DEBUG   HandlerThread:92877 [handler.py:handle_request():139] handle_request: stop_status
2023-12-29 10:50:51,962 DEBUG   SenderThread:92877 [sender.py:send_request():317] send_request: stop_status
2023-12-29 10:51:07,504 DEBUG   HandlerThread:92877 [handler.py:handle_request():139] handle_request: stop_status
2023-12-29 10:51:07,509 DEBUG   SenderThread:92877 [sender.py:send_request():317] send_request: stop_status
2023-12-29 10:51:23,092 DEBUG   HandlerThread:92877 [handler.py:handle_request():139] handle_request: stop_status
2023-12-29 10:51:23,101 DEBUG   SenderThread:92877 [sender.py:send_request():317] send_request: stop_status
2023-12-29 10:51:38,653 DEBUG   HandlerThread:92877 [handler.py:handle_request():139] handle_request: stop_status
2023-12-29 10:51:38,658 DEBUG   SenderThread:92877 [sender.py:send_request():317] send_request: stop_status
2023-12-29 10:51:54,298 DEBUG   HandlerThread:92877 [handler.py:handle_request():139] handle_request: stop_status
2023-12-29 10:51:54,304 DEBUG   SenderThread:92877 [sender.py:send_request():317] send_request: stop_status
2023-12-29 10:52:09,874 DEBUG   HandlerThread:92877 [handler.py:handle_request():139] handle_request: stop_status
2023-12-29 10:52:09,885 DEBUG   SenderThread:92877 [sender.py:send_request():317] send_request: stop_status
2023-12-29 10:52:25,440 DEBUG   HandlerThread:92877 [handler.py:handle_request():139] handle_request: stop_status
2023-12-29 10:52:25,446 DEBUG   SenderThread:92877 [sender.py:send_request():317] send_request: stop_status
2023-12-29 10:52:41,031 DEBUG   HandlerThread:92877 [handler.py:handle_request():139] handle_request: stop_status
2023-12-29 10:52:41,037 DEBUG   SenderThread:92877 [sender.py:send_request():317] send_request: stop_status
2023-12-29 10:52:56,600 DEBUG   HandlerThread:92877 [handler.py:handle_request():139] handle_request: stop_status
2023-12-29 10:52:56,607 DEBUG   SenderThread:92877 [sender.py:send_request():317] send_request: stop_status
2023-12-29 10:53:12,254 DEBUG   HandlerThread:92877 [handler.py:handle_request():139] handle_request: stop_status
2023-12-29 10:53:12,264 DEBUG   SenderThread:92877 [sender.py:send_request():317] send_request: stop_status
2023-12-29 10:53:27,970 DEBUG   HandlerThread:92877 [handler.py:handle_request():139] handle_request: stop_status
2023-12-29 10:53:27,977 DEBUG   SenderThread:92877 [sender.py:send_request():317] send_request: stop_status
2023-12-29 10:53:43,659 DEBUG   HandlerThread:92877 [handler.py:handle_request():139] handle_request: stop_status
2023-12-29 10:53:43,666 DEBUG   SenderThread:92877 [sender.py:send_request():317] send_request: stop_status
2023-12-29 10:53:59,229 DEBUG   HandlerThread:92877 [handler.py:handle_request():139] handle_request: stop_status
2023-12-29 10:53:59,240 DEBUG   SenderThread:92877 [sender.py:send_request():317] send_request: stop_status
2023-12-29 10:54:14,711 DEBUG   HandlerThread:92877 [handler.py:handle_request():139] handle_request: stop_status
2023-12-29 10:54:14,724 DEBUG   SenderThread:92877 [sender.py:send_request():317] send_request: stop_status
2023-12-29 10:54:30,259 DEBUG   HandlerThread:92877 [handler.py:handle_request():139] handle_request: stop_status
2023-12-29 10:54:30,266 DEBUG   SenderThread:92877 [sender.py:send_request():317] send_request: stop_status
2023-12-29 10:54:45,898 DEBUG   HandlerThread:92877 [handler.py:handle_request():139] handle_request: stop_status
2023-12-29 10:54:45,905 DEBUG   SenderThread:92877 [sender.py:send_request():317] send_request: stop_status
2023-12-29 10:55:01,451 DEBUG   HandlerThread:92877 [handler.py:handle_request():139] handle_request: stop_status
2023-12-29 10:55:01,461 DEBUG   SenderThread:92877 [sender.py:send_request():317] send_request: stop_status
2023-12-29 10:55:17,063 DEBUG   HandlerThread:92877 [handler.py:handle_request():139] handle_request: stop_status
2023-12-29 10:55:17,075 DEBUG   SenderThread:92877 [sender.py:send_request():317] send_request: stop_status
2023-12-29 10:55:32,670 DEBUG   HandlerThread:92877 [handler.py:handle_request():139] handle_request: stop_status
2023-12-29 10:55:32,677 DEBUG   SenderThread:92877 [sender.py:send_request():317] send_request: stop_status
2023-12-29 10:55:48,284 DEBUG   HandlerThread:92877 [handler.py:handle_request():139] handle_request: stop_status
2023-12-29 10:55:48,289 DEBUG   SenderThread:92877 [sender.py:send_request():317] send_request: stop_status
2023-12-29 10:56:04,223 DEBUG   HandlerThread:92877 [handler.py:handle_request():139] handle_request: stop_status
2023-12-29 10:56:04,229 DEBUG   SenderThread:92877 [sender.py:send_request():317] send_request: stop_status
2023-12-29 10:56:19,949 DEBUG   HandlerThread:92877 [handler.py:handle_request():139] handle_request: stop_status
2023-12-29 10:56:19,957 DEBUG   SenderThread:92877 [sender.py:send_request():317] send_request: stop_status
2023-12-29 10:56:35,648 DEBUG   HandlerThread:92877 [handler.py:handle_request():139] handle_request: stop_status
2023-12-29 10:56:35,666 DEBUG   SenderThread:92877 [sender.py:send_request():317] send_request: stop_status
2023-12-29 10:56:51,352 DEBUG   HandlerThread:92877 [handler.py:handle_request():139] handle_request: stop_status
2023-12-29 10:56:51,397 DEBUG   SenderThread:92877 [sender.py:send_request():317] send_request: stop_status
2023-12-29 10:57:07,035 DEBUG   HandlerThread:92877 [handler.py:handle_request():139] handle_request: stop_status
2023-12-29 10:57:07,041 DEBUG   SenderThread:92877 [sender.py:send_request():317] send_request: stop_status
2023-12-29 10:57:22,760 DEBUG   HandlerThread:92877 [handler.py:handle_request():139] handle_request: stop_status
2023-12-29 10:57:22,765 DEBUG   SenderThread:92877 [sender.py:send_request():317] send_request: stop_status
2023-12-29 10:57:39,111 DEBUG   HandlerThread:92877 [handler.py:handle_request():139] handle_request: stop_status
2023-12-29 10:57:39,116 DEBUG   SenderThread:92877 [sender.py:send_request():317] send_request: stop_status
2023-12-29 10:57:54,684 DEBUG   HandlerThread:92877 [handler.py:handle_request():139] handle_request: stop_status
2023-12-29 10:57:54,694 DEBUG   SenderThread:92877 [sender.py:send_request():317] send_request: stop_status
2023-12-29 10:58:10,262 DEBUG   HandlerThread:92877 [handler.py:handle_request():139] handle_request: stop_status
2023-12-29 10:58:10,273 DEBUG   SenderThread:92877 [sender.py:send_request():317] send_request: stop_status
2023-12-29 10:58:25,950 DEBUG   HandlerThread:92877 [handler.py:handle_request():139] handle_request: stop_status
2023-12-29 10:58:25,956 DEBUG   SenderThread:92877 [sender.py:send_request():317] send_request: stop_status
2023-12-29 10:58:41,557 DEBUG   HandlerThread:92877 [handler.py:handle_request():139] handle_request: stop_status
2023-12-29 10:58:41,563 DEBUG   SenderThread:92877 [sender.py:send_request():317] send_request: stop_status
2023-12-29 10:58:57,241 DEBUG   HandlerThread:92877 [handler.py:handle_request():139] handle_request: stop_status
2023-12-29 10:58:57,248 DEBUG   SenderThread:92877 [sender.py:send_request():317] send_request: stop_status
2023-12-29 10:59:12,850 DEBUG   HandlerThread:92877 [handler.py:handle_request():139] handle_request: stop_status
2023-12-29 10:59:12,861 DEBUG   SenderThread:92877 [sender.py:send_request():317] send_request: stop_status
2023-12-29 10:59:28,457 DEBUG   HandlerThread:92877 [handler.py:handle_request():139] handle_request: stop_status
2023-12-29 10:59:28,471 DEBUG   SenderThread:92877 [sender.py:send_request():317] send_request: stop_status
2023-12-29 10:59:44,214 DEBUG   HandlerThread:92877 [handler.py:handle_request():139] handle_request: stop_status
2023-12-29 10:59:44,224 DEBUG   SenderThread:92877 [sender.py:send_request():317] send_request: stop_status
2023-12-29 10:59:59,795 DEBUG   HandlerThread:92877 [handler.py:handle_request():139] handle_request: stop_status
2023-12-29 10:59:59,802 DEBUG   SenderThread:92877 [sender.py:send_request():317] send_request: stop_status
2023-12-29 11:00:19,806 DEBUG   HandlerThread:92877 [handler.py:handle_request():139] handle_request: stop_status
2023-12-29 11:00:33,181 ERROR   SenderThread:92877 [retry.py:__call__():154] Retry attempt failed:
Traceback (most recent call last):
  File "/Users/dangl/opt/anaconda3/envs/torch-gpu/lib/python3.8/site-packages/urllib3/connection.py", line 174, in _new_conn
    conn = connection.create_connection(
  File "/Users/dangl/opt/anaconda3/envs/torch-gpu/lib/python3.8/site-packages/urllib3/util/connection.py", line 95, in create_connection
    raise err
  File "/Users/dangl/opt/anaconda3/envs/torch-gpu/lib/python3.8/site-packages/urllib3/util/connection.py", line 85, in create_connection
    sock.connect(sa)
socket.timeout: timed out

During handling of the above exception, another exception occurred:

Traceback (most recent call last):
  File "/Users/dangl/opt/anaconda3/envs/torch-gpu/lib/python3.8/site-packages/urllib3/connectionpool.py", line 703, in urlopen
    httplib_response = self._make_request(
  File "/Users/dangl/opt/anaconda3/envs/torch-gpu/lib/python3.8/site-packages/urllib3/connectionpool.py", line 386, in _make_request
    self._validate_conn(conn)
  File "/Users/dangl/opt/anaconda3/envs/torch-gpu/lib/python3.8/site-packages/urllib3/connectionpool.py", line 1042, in _validate_conn
    conn.connect()
  File "/Users/dangl/opt/anaconda3/envs/torch-gpu/lib/python3.8/site-packages/urllib3/connection.py", line 363, in connect
    self.sock = conn = self._new_conn()
  File "/Users/dangl/opt/anaconda3/envs/torch-gpu/lib/python3.8/site-packages/urllib3/connection.py", line 179, in _new_conn
    raise ConnectTimeoutError(
urllib3.exceptions.ConnectTimeoutError: (<urllib3.connection.HTTPSConnection object at 0x7fc4988f5850>, 'Connection to api.wandb.ai timed out. (connect timeout=10)')

During handling of the above exception, another exception occurred:

Traceback (most recent call last):
  File "/Users/dangl/opt/anaconda3/envs/torch-gpu/lib/python3.8/site-packages/requests/adapters.py", line 487, in send
    resp = conn.urlopen(
  File "/Users/dangl/opt/anaconda3/envs/torch-gpu/lib/python3.8/site-packages/urllib3/connectionpool.py", line 787, in urlopen
    retries = retries.increment(
  File "/Users/dangl/opt/anaconda3/envs/torch-gpu/lib/python3.8/site-packages/urllib3/util/retry.py", line 592, in increment
    raise MaxRetryError(_pool, url, error or ResponseError(cause))
urllib3.exceptions.MaxRetryError: HTTPSConnectionPool(host='api.wandb.ai', port=443): Max retries exceeded with url: /graphql (Caused by ConnectTimeoutError(<urllib3.connection.HTTPSConnection object at 0x7fc4988f5850>, 'Connection to api.wandb.ai timed out. (connect timeout=10)'))

During handling of the above exception, another exception occurred:

Traceback (most recent call last):
  File "/Users/dangl/opt/anaconda3/envs/torch-gpu/lib/python3.8/site-packages/wandb/sdk/lib/retry.py", line 113, in __call__
    result = self._call_fn(*args, **kwargs)
  File "/Users/dangl/opt/anaconda3/envs/torch-gpu/lib/python3.8/site-packages/wandb/sdk/internal/internal_api.py", line 209, in execute
    return self.client.execute(*args, **kwargs)  # type: ignore
  File "/Users/dangl/opt/anaconda3/envs/torch-gpu/lib/python3.8/site-packages/wandb/vendor/gql-0.2.0/wandb_gql/client.py", line 52, in execute
    result = self._get_result(document, *args, **kwargs)
  File "/Users/dangl/opt/anaconda3/envs/torch-gpu/lib/python3.8/site-packages/wandb/vendor/gql-0.2.0/wandb_gql/client.py", line 60, in _get_result
    return self.transport.execute(document, *args, **kwargs)
  File "/Users/dangl/opt/anaconda3/envs/torch-gpu/lib/python3.8/site-packages/wandb/vendor/gql-0.2.0/wandb_gql/transport/requests.py", line 38, in execute
    request = requests.post(self.url, **post_args)
  File "/Users/dangl/opt/anaconda3/envs/torch-gpu/lib/python3.8/site-packages/requests/api.py", line 115, in post
    return request("post", url, data=data, json=json, **kwargs)
  File "/Users/dangl/opt/anaconda3/envs/torch-gpu/lib/python3.8/site-packages/requests/api.py", line 59, in request
    return session.request(method=method, url=url, **kwargs)
  File "/Users/dangl/opt/anaconda3/envs/torch-gpu/lib/python3.8/site-packages/requests/sessions.py", line 587, in request
    resp = self.send(prep, **send_kwargs)
  File "/Users/dangl/opt/anaconda3/envs/torch-gpu/lib/python3.8/site-packages/requests/sessions.py", line 701, in send
    r = adapter.send(request, **kwargs)
  File "/Users/dangl/opt/anaconda3/envs/torch-gpu/lib/python3.8/site-packages/requests/adapters.py", line 508, in send
    raise ConnectTimeout(e, request=request)
requests.exceptions.ConnectTimeout: HTTPSConnectionPool(host='api.wandb.ai', port=443): Max retries exceeded with url: /graphql (Caused by ConnectTimeoutError(<urllib3.connection.HTTPSConnection object at 0x7fc4988f5850>, 'Connection to api.wandb.ai timed out. (connect timeout=10)'))
2023-12-29 11:00:39,813 DEBUG   HandlerThread:92877 [handler.py:handle_request():139] handle_request: stop_status
2023-12-29 11:00:45,209 DEBUG   SenderThread:92877 [sender.py:send_request():317] send_request: stop_status
2023-12-29 11:00:59,824 DEBUG   HandlerThread:92877 [handler.py:handle_request():139] handle_request: stop_status
2023-12-29 11:01:19,833 DEBUG   HandlerThread:92877 [handler.py:handle_request():139] handle_request: stop_status
2023-12-29 11:01:32,817 WARNING FileStreamThread:92877 [file_stream.py:request_with_retry():667] requests_with_retry encountered retryable exception: HTTPSConnectionPool(host='api.wandb.ai', port=443): Read timed out. (read timeout=None). func: <bound method Session.post of <requests.sessions.Session object at 0x7fc4e8ea2190>>, args: ('https://api.wandb.ai/files/dangl/GOP HW2/337h3tiz/file_stream',), kwargs: {'json': {'complete': False, 'failed': False, 'dropped': 0, 'uploaded': []}}
2023-12-29 11:01:39,842 DEBUG   HandlerThread:92877 [handler.py:handle_request():139] handle_request: stop_status
2023-12-29 11:01:49,463 WARNING FileStreamThread:92877 [file_stream.py:request_with_retry():667] requests_with_retry encountered retryable exception: HTTPSConnectionPool(host='api.wandb.ai', port=443): Max retries exceeded with url: /files/dangl/GOP%20HW2/337h3tiz/file_stream (Caused by NewConnectionError('<urllib3.connection.HTTPSConnection object at 0x7fc4988f59a0>: Failed to establish a new connection: [Errno 8] nodename nor servname provided, or not known')). func: <bound method Session.post of <requests.sessions.Session object at 0x7fc4e8ea2190>>, args: ('https://api.wandb.ai/files/dangl/GOP HW2/337h3tiz/file_stream',), kwargs: {'json': {'complete': False, 'failed': False, 'dropped': 0, 'uploaded': []}}
2023-12-29 11:01:49,471 ERROR   SenderThread:92877 [retry.py:__call__():154] Retry attempt failed:
Traceback (most recent call last):
  File "/Users/dangl/opt/anaconda3/envs/torch-gpu/lib/python3.8/site-packages/urllib3/connection.py", line 174, in _new_conn
    conn = connection.create_connection(
  File "/Users/dangl/opt/anaconda3/envs/torch-gpu/lib/python3.8/site-packages/urllib3/util/connection.py", line 72, in create_connection
    for res in socket.getaddrinfo(host, port, family, socket.SOCK_STREAM):
  File "/Users/dangl/opt/anaconda3/envs/torch-gpu/lib/python3.8/socket.py", line 918, in getaddrinfo
    for res in _socket.getaddrinfo(host, port, family, type, proto, flags):
socket.gaierror: [Errno 8] nodename nor servname provided, or not known

During handling of the above exception, another exception occurred:

Traceback (most recent call last):
  File "/Users/dangl/opt/anaconda3/envs/torch-gpu/lib/python3.8/site-packages/urllib3/connectionpool.py", line 703, in urlopen
    httplib_response = self._make_request(
  File "/Users/dangl/opt/anaconda3/envs/torch-gpu/lib/python3.8/site-packages/urllib3/connectionpool.py", line 386, in _make_request
    self._validate_conn(conn)
  File "/Users/dangl/opt/anaconda3/envs/torch-gpu/lib/python3.8/site-packages/urllib3/connectionpool.py", line 1042, in _validate_conn
    conn.connect()
  File "/Users/dangl/opt/anaconda3/envs/torch-gpu/lib/python3.8/site-packages/urllib3/connection.py", line 363, in connect
    self.sock = conn = self._new_conn()
  File "/Users/dangl/opt/anaconda3/envs/torch-gpu/lib/python3.8/site-packages/urllib3/connection.py", line 186, in _new_conn
    raise NewConnectionError(
urllib3.exceptions.NewConnectionError: <urllib3.connection.HTTPSConnection object at 0x7fc4988f5eb0>: Failed to establish a new connection: [Errno 8] nodename nor servname provided, or not known

During handling of the above exception, another exception occurred:

Traceback (most recent call last):
  File "/Users/dangl/opt/anaconda3/envs/torch-gpu/lib/python3.8/site-packages/requests/adapters.py", line 487, in send
    resp = conn.urlopen(
  File "/Users/dangl/opt/anaconda3/envs/torch-gpu/lib/python3.8/site-packages/urllib3/connectionpool.py", line 787, in urlopen
    retries = retries.increment(
  File "/Users/dangl/opt/anaconda3/envs/torch-gpu/lib/python3.8/site-packages/urllib3/util/retry.py", line 592, in increment
    raise MaxRetryError(_pool, url, error or ResponseError(cause))
urllib3.exceptions.MaxRetryError: HTTPSConnectionPool(host='api.wandb.ai', port=443): Max retries exceeded with url: /graphql (Caused by NewConnectionError('<urllib3.connection.HTTPSConnection object at 0x7fc4988f5eb0>: Failed to establish a new connection: [Errno 8] nodename nor servname provided, or not known'))

During handling of the above exception, another exception occurred:

Traceback (most recent call last):
  File "/Users/dangl/opt/anaconda3/envs/torch-gpu/lib/python3.8/site-packages/wandb/sdk/lib/retry.py", line 113, in __call__
    result = self._call_fn(*args, **kwargs)
  File "/Users/dangl/opt/anaconda3/envs/torch-gpu/lib/python3.8/site-packages/wandb/sdk/internal/internal_api.py", line 209, in execute
    return self.client.execute(*args, **kwargs)  # type: ignore
  File "/Users/dangl/opt/anaconda3/envs/torch-gpu/lib/python3.8/site-packages/wandb/vendor/gql-0.2.0/wandb_gql/client.py", line 52, in execute
    result = self._get_result(document, *args, **kwargs)
  File "/Users/dangl/opt/anaconda3/envs/torch-gpu/lib/python3.8/site-packages/wandb/vendor/gql-0.2.0/wandb_gql/client.py", line 60, in _get_result
    return self.transport.execute(document, *args, **kwargs)
  File "/Users/dangl/opt/anaconda3/envs/torch-gpu/lib/python3.8/site-packages/wandb/vendor/gql-0.2.0/wandb_gql/transport/requests.py", line 38, in execute
    request = requests.post(self.url, **post_args)
  File "/Users/dangl/opt/anaconda3/envs/torch-gpu/lib/python3.8/site-packages/requests/api.py", line 115, in post
    return request("post", url, data=data, json=json, **kwargs)
  File "/Users/dangl/opt/anaconda3/envs/torch-gpu/lib/python3.8/site-packages/requests/api.py", line 59, in request
    return session.request(method=method, url=url, **kwargs)
  File "/Users/dangl/opt/anaconda3/envs/torch-gpu/lib/python3.8/site-packages/requests/sessions.py", line 587, in request
    resp = self.send(prep, **send_kwargs)
  File "/Users/dangl/opt/anaconda3/envs/torch-gpu/lib/python3.8/site-packages/requests/sessions.py", line 701, in send
    r = adapter.send(request, **kwargs)
  File "/Users/dangl/opt/anaconda3/envs/torch-gpu/lib/python3.8/site-packages/requests/adapters.py", line 520, in send
    raise ConnectionError(e, request=request)
requests.exceptions.ConnectionError: HTTPSConnectionPool(host='api.wandb.ai', port=443): Max retries exceeded with url: /graphql (Caused by NewConnectionError('<urllib3.connection.HTTPSConnection object at 0x7fc4988f5eb0>: Failed to establish a new connection: [Errno 8] nodename nor servname provided, or not known'))
2023-12-29 11:01:53,683 WARNING FileStreamThread:92877 [file_stream.py:request_with_retry():667] requests_with_retry encountered retryable exception: HTTPSConnectionPool(host='api.wandb.ai', port=443): Max retries exceeded with url: /files/dangl/GOP%20HW2/337h3tiz/file_stream (Caused by NewConnectionError('<urllib3.connection.HTTPSConnection object at 0x7fc4988f5f10>: Failed to establish a new connection: [Errno 8] nodename nor servname provided, or not known')). func: <bound method Session.post of <requests.sessions.Session object at 0x7fc4e8ea2190>>, args: ('https://api.wandb.ai/files/dangl/GOP HW2/337h3tiz/file_stream',), kwargs: {'json': {'complete': False, 'failed': False, 'dropped': 0, 'uploaded': []}}
2023-12-29 11:01:59,852 DEBUG   HandlerThread:92877 [handler.py:handle_request():139] handle_request: stop_status
2023-12-29 11:02:02,677 WARNING FileStreamThread:92877 [file_stream.py:request_with_retry():667] requests_with_retry encountered retryable exception: HTTPSConnectionPool(host='api.wandb.ai', port=443): Max retries exceeded with url: /files/dangl/GOP%20HW2/337h3tiz/file_stream (Caused by NewConnectionError('<urllib3.connection.HTTPSConnection object at 0x7fc4988f51c0>: Failed to establish a new connection: [Errno 8] nodename nor servname provided, or not known')). func: <bound method Session.post of <requests.sessions.Session object at 0x7fc4e8ea2190>>, args: ('https://api.wandb.ai/files/dangl/GOP HW2/337h3tiz/file_stream',), kwargs: {'json': {'complete': False, 'failed': False, 'dropped': 0, 'uploaded': []}}
2023-12-29 11:02:19,524 WARNING FileStreamThread:92877 [file_stream.py:request_with_retry():667] requests_with_retry encountered retryable exception: HTTPSConnectionPool(host='api.wandb.ai', port=443): Max retries exceeded with url: /files/dangl/GOP%20HW2/337h3tiz/file_stream (Caused by NewConnectionError('<urllib3.connection.HTTPSConnection object at 0x7fc4988f59a0>: Failed to establish a new connection: [Errno 8] nodename nor servname provided, or not known')). func: <bound method Session.post of <requests.sessions.Session object at 0x7fc4e8ea2190>>, args: ('https://api.wandb.ai/files/dangl/GOP HW2/337h3tiz/file_stream',), kwargs: {'json': {'complete': False, 'failed': False, 'dropped': 0, 'uploaded': []}}
2023-12-29 11:02:19,861 DEBUG   HandlerThread:92877 [handler.py:handle_request():139] handle_request: stop_status
2023-12-29 11:02:39,865 DEBUG   HandlerThread:92877 [handler.py:handle_request():139] handle_request: stop_status
2023-12-29 11:02:58,726 WARNING FileStreamThread:92877 [file_stream.py:request_with_retry():667] requests_with_retry encountered retryable exception: HTTPSConnectionPool(host='api.wandb.ai', port=443): Max retries exceeded with url: /files/dangl/GOP%20HW2/337h3tiz/file_stream (Caused by NewConnectionError('<urllib3.connection.HTTPSConnection object at 0x7fc4988f5f10>: Failed to establish a new connection: [Errno 8] nodename nor servname provided, or not known')). func: <bound method Session.post of <requests.sessions.Session object at 0x7fc4e8ea2190>>, args: ('https://api.wandb.ai/files/dangl/GOP HW2/337h3tiz/file_stream',), kwargs: {'json': {'complete': False, 'failed': False, 'dropped': 0, 'uploaded': []}}
2023-12-29 11:02:59,874 DEBUG   HandlerThread:92877 [handler.py:handle_request():139] handle_request: stop_status
2023-12-29 11:03:19,883 DEBUG   HandlerThread:92877 [handler.py:handle_request():139] handle_request: stop_status
2023-12-29 11:03:39,891 DEBUG   HandlerThread:92877 [handler.py:handle_request():139] handle_request: stop_status
2023-12-29 11:03:59,903 DEBUG   HandlerThread:92877 [handler.py:handle_request():139] handle_request: stop_status
2023-12-29 11:04:05,593 DEBUG   SenderThread:92877 [sender.py:send_request():317] send_request: stop_status
2023-12-29 11:04:06,259 DEBUG   SenderThread:92877 [sender.py:send_request():317] send_request: stop_status
2023-12-29 11:04:06,815 DEBUG   SenderThread:92877 [sender.py:send_request():317] send_request: stop_status
2023-12-29 11:04:07,284 DEBUG   SenderThread:92877 [sender.py:send_request():317] send_request: stop_status
2023-12-29 11:04:07,791 DEBUG   SenderThread:92877 [sender.py:send_request():317] send_request: stop_status
2023-12-29 11:04:08,347 DEBUG   SenderThread:92877 [sender.py:send_request():317] send_request: stop_status
2023-12-29 11:04:08,876 DEBUG   SenderThread:92877 [sender.py:send_request():317] send_request: stop_status
2023-12-29 11:04:09,430 DEBUG   SenderThread:92877 [sender.py:send_request():317] send_request: stop_status
2023-12-29 11:04:09,945 DEBUG   SenderThread:92877 [sender.py:send_request():317] send_request: stop_status
2023-12-29 11:04:10,463 DEBUG   SenderThread:92877 [sender.py:send_request():317] send_request: stop_status
2023-12-29 11:04:10,954 DEBUG   SenderThread:92877 [sender.py:send_request():317] send_request: stop_status
2023-12-29 11:04:19,912 DEBUG   HandlerThread:92877 [handler.py:handle_request():139] handle_request: stop_status
2023-12-29 11:04:19,920 DEBUG   SenderThread:92877 [sender.py:send_request():317] send_request: stop_status
2023-12-29 11:04:35,685 DEBUG   HandlerThread:92877 [handler.py:handle_request():139] handle_request: stop_status
2023-12-29 11:04:35,696 DEBUG   SenderThread:92877 [sender.py:send_request():317] send_request: stop_status
2023-12-29 11:04:51,285 DEBUG   HandlerThread:92877 [handler.py:handle_request():139] handle_request: stop_status
2023-12-29 11:04:51,297 DEBUG   SenderThread:92877 [sender.py:send_request():317] send_request: stop_status
2023-12-29 11:05:07,699 DEBUG   HandlerThread:92877 [handler.py:handle_request():139] handle_request: stop_status
2023-12-29 11:05:07,708 DEBUG   SenderThread:92877 [sender.py:send_request():317] send_request: stop_status
2023-12-29 11:05:23,190 DEBUG   HandlerThread:92877 [handler.py:handle_request():139] handle_request: stop_status
2023-12-29 11:05:23,196 DEBUG   SenderThread:92877 [sender.py:send_request():317] send_request: stop_status
2023-12-29 11:05:38,858 DEBUG   HandlerThread:92877 [handler.py:handle_request():139] handle_request: stop_status
2023-12-29 11:05:38,867 DEBUG   SenderThread:92877 [sender.py:send_request():317] send_request: stop_status
2023-12-29 11:05:54,496 DEBUG   HandlerThread:92877 [handler.py:handle_request():139] handle_request: stop_status
2023-12-29 11:05:54,506 DEBUG   SenderThread:92877 [sender.py:send_request():317] send_request: stop_status
2023-12-29 11:06:10,098 DEBUG   HandlerThread:92877 [handler.py:handle_request():139] handle_request: stop_status
2023-12-29 11:06:10,117 DEBUG   SenderThread:92877 [sender.py:send_request():317] send_request: stop_status
2023-12-29 11:06:25,759 DEBUG   HandlerThread:92877 [handler.py:handle_request():139] handle_request: stop_status
2023-12-29 11:06:25,764 DEBUG   SenderThread:92877 [sender.py:send_request():317] send_request: stop_status
2023-12-29 11:06:41,320 DEBUG   HandlerThread:92877 [handler.py:handle_request():139] handle_request: stop_status
2023-12-29 11:06:41,328 DEBUG   SenderThread:92877 [sender.py:send_request():317] send_request: stop_status
2023-12-29 11:06:56,815 DEBUG   HandlerThread:92877 [handler.py:handle_request():139] handle_request: stop_status
2023-12-29 11:06:56,823 DEBUG   SenderThread:92877 [sender.py:send_request():317] send_request: stop_status
2023-12-29 11:07:12,684 DEBUG   HandlerThread:92877 [handler.py:handle_request():139] handle_request: stop_status
2023-12-29 11:07:12,692 DEBUG   SenderThread:92877 [sender.py:send_request():317] send_request: stop_status
2023-12-29 11:07:28,439 DEBUG   HandlerThread:92877 [handler.py:handle_request():139] handle_request: stop_status
2023-12-29 11:07:28,449 DEBUG   SenderThread:92877 [sender.py:send_request():317] send_request: stop_status
2023-12-29 11:07:43,934 DEBUG   HandlerThread:92877 [handler.py:handle_request():139] handle_request: stop_status
2023-12-29 11:07:43,943 DEBUG   SenderThread:92877 [sender.py:send_request():317] send_request: stop_status
2023-12-29 11:07:59,433 DEBUG   HandlerThread:92877 [handler.py:handle_request():139] handle_request: stop_status
2023-12-29 11:07:59,443 DEBUG   SenderThread:92877 [sender.py:send_request():317] send_request: stop_status
2023-12-29 11:08:15,018 DEBUG   HandlerThread:92877 [handler.py:handle_request():139] handle_request: stop_status
2023-12-29 11:08:15,029 DEBUG   SenderThread:92877 [sender.py:send_request():317] send_request: stop_status
2023-12-29 11:08:30,582 DEBUG   HandlerThread:92877 [handler.py:handle_request():139] handle_request: stop_status
2023-12-29 11:08:30,588 DEBUG   SenderThread:92877 [sender.py:send_request():317] send_request: stop_status
2023-12-29 11:08:46,145 DEBUG   HandlerThread:92877 [handler.py:handle_request():139] handle_request: stop_status
2023-12-29 11:08:46,154 DEBUG   SenderThread:92877 [sender.py:send_request():317] send_request: stop_status
2023-12-29 11:09:01,769 DEBUG   HandlerThread:92877 [handler.py:handle_request():139] handle_request: stop_status
2023-12-29 11:09:01,776 DEBUG   SenderThread:92877 [sender.py:send_request():317] send_request: stop_status
2023-12-29 11:09:17,359 DEBUG   HandlerThread:92877 [handler.py:handle_request():139] handle_request: stop_status
2023-12-29 11:09:17,367 DEBUG   SenderThread:92877 [sender.py:send_request():317] send_request: stop_status
2023-12-29 11:09:32,919 DEBUG   HandlerThread:92877 [handler.py:handle_request():139] handle_request: stop_status
2023-12-29 11:09:32,927 DEBUG   SenderThread:92877 [sender.py:send_request():317] send_request: stop_status
2023-12-29 11:09:48,494 DEBUG   HandlerThread:92877 [handler.py:handle_request():139] handle_request: stop_status
2023-12-29 11:09:48,512 DEBUG   SenderThread:92877 [sender.py:send_request():317] send_request: stop_status
2023-12-29 11:10:04,111 DEBUG   HandlerThread:92877 [handler.py:handle_request():139] handle_request: stop_status
2023-12-29 11:10:04,126 DEBUG   SenderThread:92877 [sender.py:send_request():317] send_request: stop_status
2023-12-29 11:10:24,117 DEBUG   HandlerThread:92877 [handler.py:handle_request():139] handle_request: stop_status
2023-12-29 11:10:37,412 ERROR   SenderThread:92877 [retry.py:__call__():154] Retry attempt failed:
Traceback (most recent call last):
  File "/Users/dangl/opt/anaconda3/envs/torch-gpu/lib/python3.8/site-packages/urllib3/connection.py", line 174, in _new_conn
    conn = connection.create_connection(
  File "/Users/dangl/opt/anaconda3/envs/torch-gpu/lib/python3.8/site-packages/urllib3/util/connection.py", line 95, in create_connection
    raise err
  File "/Users/dangl/opt/anaconda3/envs/torch-gpu/lib/python3.8/site-packages/urllib3/util/connection.py", line 85, in create_connection
    sock.connect(sa)
socket.timeout: timed out

During handling of the above exception, another exception occurred:

Traceback (most recent call last):
  File "/Users/dangl/opt/anaconda3/envs/torch-gpu/lib/python3.8/site-packages/urllib3/connectionpool.py", line 703, in urlopen
    httplib_response = self._make_request(
  File "/Users/dangl/opt/anaconda3/envs/torch-gpu/lib/python3.8/site-packages/urllib3/connectionpool.py", line 386, in _make_request
    self._validate_conn(conn)
  File "/Users/dangl/opt/anaconda3/envs/torch-gpu/lib/python3.8/site-packages/urllib3/connectionpool.py", line 1042, in _validate_conn
    conn.connect()
  File "/Users/dangl/opt/anaconda3/envs/torch-gpu/lib/python3.8/site-packages/urllib3/connection.py", line 363, in connect
    self.sock = conn = self._new_conn()
  File "/Users/dangl/opt/anaconda3/envs/torch-gpu/lib/python3.8/site-packages/urllib3/connection.py", line 179, in _new_conn
    raise ConnectTimeoutError(
urllib3.exceptions.ConnectTimeoutError: (<urllib3.connection.HTTPSConnection object at 0x7fc4988f5160>, 'Connection to api.wandb.ai timed out. (connect timeout=10)')

During handling of the above exception, another exception occurred:

Traceback (most recent call last):
  File "/Users/dangl/opt/anaconda3/envs/torch-gpu/lib/python3.8/site-packages/requests/adapters.py", line 487, in send
    resp = conn.urlopen(
  File "/Users/dangl/opt/anaconda3/envs/torch-gpu/lib/python3.8/site-packages/urllib3/connectionpool.py", line 787, in urlopen
    retries = retries.increment(
  File "/Users/dangl/opt/anaconda3/envs/torch-gpu/lib/python3.8/site-packages/urllib3/util/retry.py", line 592, in increment
    raise MaxRetryError(_pool, url, error or ResponseError(cause))
urllib3.exceptions.MaxRetryError: HTTPSConnectionPool(host='api.wandb.ai', port=443): Max retries exceeded with url: /graphql (Caused by ConnectTimeoutError(<urllib3.connection.HTTPSConnection object at 0x7fc4988f5160>, 'Connection to api.wandb.ai timed out. (connect timeout=10)'))

During handling of the above exception, another exception occurred:

Traceback (most recent call last):
  File "/Users/dangl/opt/anaconda3/envs/torch-gpu/lib/python3.8/site-packages/wandb/sdk/lib/retry.py", line 113, in __call__
    result = self._call_fn(*args, **kwargs)
  File "/Users/dangl/opt/anaconda3/envs/torch-gpu/lib/python3.8/site-packages/wandb/sdk/internal/internal_api.py", line 209, in execute
    return self.client.execute(*args, **kwargs)  # type: ignore
  File "/Users/dangl/opt/anaconda3/envs/torch-gpu/lib/python3.8/site-packages/wandb/vendor/gql-0.2.0/wandb_gql/client.py", line 52, in execute
    result = self._get_result(document, *args, **kwargs)
  File "/Users/dangl/opt/anaconda3/envs/torch-gpu/lib/python3.8/site-packages/wandb/vendor/gql-0.2.0/wandb_gql/client.py", line 60, in _get_result
    return self.transport.execute(document, *args, **kwargs)
  File "/Users/dangl/opt/anaconda3/envs/torch-gpu/lib/python3.8/site-packages/wandb/vendor/gql-0.2.0/wandb_gql/transport/requests.py", line 38, in execute
    request = requests.post(self.url, **post_args)
  File "/Users/dangl/opt/anaconda3/envs/torch-gpu/lib/python3.8/site-packages/requests/api.py", line 115, in post
    return request("post", url, data=data, json=json, **kwargs)
  File "/Users/dangl/opt/anaconda3/envs/torch-gpu/lib/python3.8/site-packages/requests/api.py", line 59, in request
    return session.request(method=method, url=url, **kwargs)
  File "/Users/dangl/opt/anaconda3/envs/torch-gpu/lib/python3.8/site-packages/requests/sessions.py", line 587, in request
    resp = self.send(prep, **send_kwargs)
  File "/Users/dangl/opt/anaconda3/envs/torch-gpu/lib/python3.8/site-packages/requests/sessions.py", line 701, in send
    r = adapter.send(request, **kwargs)
  File "/Users/dangl/opt/anaconda3/envs/torch-gpu/lib/python3.8/site-packages/requests/adapters.py", line 508, in send
    raise ConnectTimeout(e, request=request)
requests.exceptions.ConnectTimeout: HTTPSConnectionPool(host='api.wandb.ai', port=443): Max retries exceeded with url: /graphql (Caused by ConnectTimeoutError(<urllib3.connection.HTTPSConnection object at 0x7fc4988f5160>, 'Connection to api.wandb.ai timed out. (connect timeout=10)'))
2023-12-29 11:10:44,125 DEBUG   HandlerThread:92877 [handler.py:handle_request():139] handle_request: stop_status
2023-12-29 11:11:04,141 DEBUG   HandlerThread:92877 [handler.py:handle_request():139] handle_request: stop_status
2023-12-29 11:11:24,149 DEBUG   HandlerThread:92877 [handler.py:handle_request():139] handle_request: stop_status
2023-12-29 11:11:44,159 DEBUG   HandlerThread:92877 [handler.py:handle_request():139] handle_request: stop_status
2023-12-29 11:12:04,172 DEBUG   HandlerThread:92877 [handler.py:handle_request():139] handle_request: stop_status
2023-12-29 11:12:24,184 DEBUG   HandlerThread:92877 [handler.py:handle_request():139] handle_request: stop_status
2023-12-29 11:12:44,195 DEBUG   HandlerThread:92877 [handler.py:handle_request():139] handle_request: stop_status
2023-12-29 11:13:04,220 DEBUG   HandlerThread:92877 [handler.py:handle_request():139] handle_request: stop_status
2023-12-29 11:13:14,712 DEBUG   SenderThread:92877 [sender.py:send_request():317] send_request: stop_status
2023-12-29 11:13:15,180 DEBUG   SenderThread:92877 [sender.py:send_request():317] send_request: stop_status
2023-12-29 11:13:15,818 DEBUG   SenderThread:92877 [sender.py:send_request():317] send_request: stop_status
2023-12-29 11:13:16,356 DEBUG   SenderThread:92877 [sender.py:send_request():317] send_request: stop_status
2023-12-29 11:13:16,873 DEBUG   SenderThread:92877 [sender.py:send_request():317] send_request: stop_status
2023-12-29 11:13:17,426 DEBUG   SenderThread:92877 [sender.py:send_request():317] send_request: stop_status
2023-12-29 11:13:17,938 DEBUG   SenderThread:92877 [sender.py:send_request():317] send_request: stop_status
2023-12-29 11:13:18,455 DEBUG   SenderThread:92877 [sender.py:send_request():317] send_request: stop_status
2023-12-29 11:13:18,943 DEBUG   SenderThread:92877 [sender.py:send_request():317] send_request: stop_status
2023-12-29 11:13:24,231 DEBUG   HandlerThread:92877 [handler.py:handle_request():139] handle_request: stop_status
2023-12-29 11:13:24,240 DEBUG   SenderThread:92877 [sender.py:send_request():317] send_request: stop_status
2023-12-29 11:13:39,744 DEBUG   HandlerThread:92877 [handler.py:handle_request():139] handle_request: stop_status
2023-12-29 11:13:39,751 DEBUG   SenderThread:92877 [sender.py:send_request():317] send_request: stop_status
2023-12-29 11:13:55,291 DEBUG   HandlerThread:92877 [handler.py:handle_request():139] handle_request: stop_status
2023-12-29 11:13:55,296 DEBUG   SenderThread:92877 [sender.py:send_request():317] send_request: stop_status
2023-12-29 11:14:10,766 DEBUG   HandlerThread:92877 [handler.py:handle_request():139] handle_request: stop_status
2023-12-29 11:14:10,772 DEBUG   SenderThread:92877 [sender.py:send_request():317] send_request: stop_status
2023-12-29 11:14:26,333 DEBUG   HandlerThread:92877 [handler.py:handle_request():139] handle_request: stop_status
2023-12-29 11:14:26,338 DEBUG   SenderThread:92877 [sender.py:send_request():317] send_request: stop_status
2023-12-29 11:14:41,792 DEBUG   HandlerThread:92877 [handler.py:handle_request():139] handle_request: stop_status
2023-12-29 11:14:41,798 DEBUG   SenderThread:92877 [sender.py:send_request():317] send_request: stop_status
2023-12-29 11:14:57,236 DEBUG   HandlerThread:92877 [handler.py:handle_request():139] handle_request: stop_status
2023-12-29 11:14:57,241 DEBUG   SenderThread:92877 [sender.py:send_request():317] send_request: stop_status
2023-12-29 11:15:12,746 DEBUG   HandlerThread:92877 [handler.py:handle_request():139] handle_request: stop_status
2023-12-29 11:15:12,752 DEBUG   SenderThread:92877 [sender.py:send_request():317] send_request: stop_status
2023-12-29 11:15:28,227 DEBUG   HandlerThread:92877 [handler.py:handle_request():139] handle_request: stop_status
2023-12-29 11:15:28,258 DEBUG   SenderThread:92877 [sender.py:send_request():317] send_request: stop_status
2023-12-29 11:15:43,789 DEBUG   HandlerThread:92877 [handler.py:handle_request():139] handle_request: stop_status
2023-12-29 11:15:43,800 DEBUG   SenderThread:92877 [sender.py:send_request():317] send_request: stop_status
2023-12-29 11:15:59,350 DEBUG   HandlerThread:92877 [handler.py:handle_request():139] handle_request: stop_status
2023-12-29 11:15:59,358 DEBUG   SenderThread:92877 [sender.py:send_request():317] send_request: stop_status
2023-12-29 11:16:14,837 DEBUG   HandlerThread:92877 [handler.py:handle_request():139] handle_request: stop_status
2023-12-29 11:16:14,849 DEBUG   SenderThread:92877 [sender.py:send_request():317] send_request: stop_status
2023-12-29 11:16:30,441 DEBUG   HandlerThread:92877 [handler.py:handle_request():139] handle_request: stop_status
2023-12-29 11:16:30,450 DEBUG   SenderThread:92877 [sender.py:send_request():317] send_request: stop_status
2023-12-29 11:16:45,919 DEBUG   HandlerThread:92877 [handler.py:handle_request():139] handle_request: stop_status
2023-12-29 11:16:45,926 DEBUG   SenderThread:92877 [sender.py:send_request():317] send_request: stop_status
2023-12-29 11:17:01,536 DEBUG   HandlerThread:92877 [handler.py:handle_request():139] handle_request: stop_status
2023-12-29 11:17:01,543 DEBUG   SenderThread:92877 [sender.py:send_request():317] send_request: stop_status
2023-12-29 11:17:17,333 DEBUG   HandlerThread:92877 [handler.py:handle_request():139] handle_request: stop_status
2023-12-29 11:17:17,346 DEBUG   SenderThread:92877 [sender.py:send_request():317] send_request: stop_status
2023-12-29 11:17:33,037 DEBUG   HandlerThread:92877 [handler.py:handle_request():139] handle_request: stop_status
2023-12-29 11:17:33,043 DEBUG   SenderThread:92877 [sender.py:send_request():317] send_request: stop_status
2023-12-29 11:17:48,743 DEBUG   HandlerThread:92877 [handler.py:handle_request():139] handle_request: stop_status
2023-12-29 11:17:48,750 DEBUG   SenderThread:92877 [sender.py:send_request():317] send_request: stop_status
2023-12-29 11:18:04,312 DEBUG   HandlerThread:92877 [handler.py:handle_request():139] handle_request: stop_status
2023-12-29 11:18:04,319 DEBUG   SenderThread:92877 [sender.py:send_request():317] send_request: stop_status
2023-12-29 11:18:19,842 DEBUG   HandlerThread:92877 [handler.py:handle_request():139] handle_request: stop_status
2023-12-29 11:18:19,845 DEBUG   SenderThread:92877 [sender.py:send_request():317] send_request: stop_status
2023-12-29 11:18:35,308 DEBUG   HandlerThread:92877 [handler.py:handle_request():139] handle_request: stop_status
2023-12-29 11:18:35,315 DEBUG   SenderThread:92877 [sender.py:send_request():317] send_request: stop_status
2023-12-29 11:18:50,807 DEBUG   HandlerThread:92877 [handler.py:handle_request():139] handle_request: stop_status
2023-12-29 11:18:50,817 DEBUG   SenderThread:92877 [sender.py:send_request():317] send_request: stop_status
2023-12-29 11:19:06,318 DEBUG   HandlerThread:92877 [handler.py:handle_request():139] handle_request: stop_status
2023-12-29 11:19:06,325 DEBUG   SenderThread:92877 [sender.py:send_request():317] send_request: stop_status
2023-12-29 11:19:21,773 DEBUG   HandlerThread:92877 [handler.py:handle_request():139] handle_request: stop_status
2023-12-29 11:19:21,782 DEBUG   SenderThread:92877 [sender.py:send_request():317] send_request: stop_status
2023-12-29 11:19:37,231 DEBUG   HandlerThread:92877 [handler.py:handle_request():139] handle_request: stop_status
2023-12-29 11:19:37,233 DEBUG   SenderThread:92877 [sender.py:send_request():317] send_request: stop_status
2023-12-29 11:19:52,826 DEBUG   HandlerThread:92877 [handler.py:handle_request():139] handle_request: stop_status
2023-12-29 11:19:52,827 DEBUG   SenderThread:92877 [sender.py:send_request():317] send_request: stop_status
2023-12-29 11:20:08,314 DEBUG   HandlerThread:92877 [handler.py:handle_request():139] handle_request: stop_status
2023-12-29 11:20:08,320 DEBUG   SenderThread:92877 [sender.py:send_request():317] send_request: stop_status
2023-12-29 11:20:23,765 DEBUG   HandlerThread:92877 [handler.py:handle_request():139] handle_request: stop_status
2023-12-29 11:20:23,767 DEBUG   SenderThread:92877 [sender.py:send_request():317] send_request: stop_status
2023-12-29 11:20:39,238 DEBUG   HandlerThread:92877 [handler.py:handle_request():139] handle_request: stop_status
2023-12-29 11:20:39,243 DEBUG   SenderThread:92877 [sender.py:send_request():317] send_request: stop_status
2023-12-29 11:20:54,786 DEBUG   HandlerThread:92877 [handler.py:handle_request():139] handle_request: stop_status
2023-12-29 11:20:54,796 DEBUG   SenderThread:92877 [sender.py:send_request():317] send_request: stop_status
2023-12-29 11:21:10,407 DEBUG   HandlerThread:92877 [handler.py:handle_request():139] handle_request: stop_status
2023-12-29 11:21:10,416 DEBUG   SenderThread:92877 [sender.py:send_request():317] send_request: stop_status
2023-12-29 11:21:25,837 DEBUG   HandlerThread:92877 [handler.py:handle_request():139] handle_request: stop_status
2023-12-29 11:21:25,842 DEBUG   SenderThread:92877 [sender.py:send_request():317] send_request: stop_status
2023-12-29 11:21:41,296 DEBUG   HandlerThread:92877 [handler.py:handle_request():139] handle_request: stop_status
2023-12-29 11:21:41,299 DEBUG   SenderThread:92877 [sender.py:send_request():317] send_request: stop_status
2023-12-29 11:21:56,776 DEBUG   HandlerThread:92877 [handler.py:handle_request():139] handle_request: stop_status
2023-12-29 11:21:56,781 DEBUG   SenderThread:92877 [sender.py:send_request():317] send_request: stop_status
2023-12-29 11:22:12,287 DEBUG   HandlerThread:92877 [handler.py:handle_request():139] handle_request: stop_status
2023-12-29 11:22:12,296 DEBUG   SenderThread:92877 [sender.py:send_request():317] send_request: stop_status
2023-12-29 11:22:27,788 DEBUG   HandlerThread:92877 [handler.py:handle_request():139] handle_request: stop_status
2023-12-29 11:22:27,794 DEBUG   SenderThread:92877 [sender.py:send_request():317] send_request: stop_status
2023-12-29 11:22:43,368 DEBUG   HandlerThread:92877 [handler.py:handle_request():139] handle_request: stop_status
2023-12-29 11:22:43,375 DEBUG   SenderThread:92877 [sender.py:send_request():317] send_request: stop_status
2023-12-29 11:22:58,920 DEBUG   HandlerThread:92877 [handler.py:handle_request():139] handle_request: stop_status
2023-12-29 11:22:58,924 DEBUG   SenderThread:92877 [sender.py:send_request():317] send_request: stop_status
